AUTOCREATE
2017-04-25T12:37:31+0200 : Document_Tag_Translate used in /var/www/html/jj-keller/pimcore/lib/Pimcore/Tool.php at line 650
2017-04-25T12:37:48+0200 : Document_Tag_Translate used in /var/www/html/jj-keller/pimcore/lib/Pimcore/Tool.php at line 650
2017-04-25T12:38:40+0200 : Document_Tag_Translate used in /var/www/html/jj-keller/pimcore/lib/Pimcore/Tool.php at line 650
2017-04-27T07:09:47+0200 : Document_Tag_Action used in /var/www/html/jj-keller/pimcore/lib/Pimcore/Tool.php at line 650
2017-04-27T07:09:47+0200 : Document_Tag_Translate used in /var/www/html/jj-keller/pimcore/lib/Pimcore/Tool.php at line 650
2017-04-27T07:09:47+0200 : Document_Tag_Headtitle used in /var/www/html/jj-keller/pimcore/lib/Pimcore/Tool.php at line 650
2017-04-27T07:09:47+0200 : Document_Tag_Headmeta used in /var/www/html/jj-keller/pimcore/lib/Pimcore/Tool.php at line 650
2017-04-27T07:09:47+0200 : Document_Tag_Doctype used in /var/www/html/jj-keller/pimcore/lib/Pimcore/Tool.php at line 650
2017-04-27T07:09:47+0200 : Document_Tag_Headlink used in /var/www/html/jj-keller/pimcore/lib/Pimcore/Tool.php at line 650
2017-04-27T07:09:47+0200 : Document_Tag_Headscript used in /var/www/html/jj-keller/pimcore/lib/Pimcore/Tool.php at line 650
2017-04-27T07:09:47+0200 : Document_Tag_Layout used in /var/www/html/jj-keller/pimcore/lib/Pimcore/Tool.php at line 650
2017-04-27T07:09:48+0200 : Document_Tag_Inlinescript used in /var/www/html/jj-keller/pimcore/lib/Pimcore/Tool.php at line 650
2017-04-27T07:09:51+0200 : Document_Tag_Translate used in /var/www/html/jj-keller/pimcore/lib/Pimcore/Tool.php at line 650
2017-04-27T07:10:05+0200 : Document_Tag_Translate used in /var/www/html/jj-keller/pimcore/lib/Pimcore/Tool.php at line 650
2017-04-27T07:10:08+0200 : Document_Tag_Translate used in /var/www/html/jj-keller/pimcore/lib/Pimcore/Tool.php at line 650
2017-05-04T09:08:33+0200 : Document_Tag_Action used in /var/www/html/jj-keller/pimcore/lib/Pimcore/Tool.php at line 650
2017-05-04T09:08:34+0200 : Document_Tag_Translate used in /var/www/html/jj-keller/pimcore/lib/Pimcore/Tool.php at line 650
2017-05-04T09:08:34+0200 : Document_Tag_Headtitle used in /var/www/html/jj-keller/pimcore/lib/Pimcore/Tool.php at line 650
2017-05-04T09:08:34+0200 : Document_Tag_Headmeta used in /var/www/html/jj-keller/pimcore/lib/Pimcore/Tool.php at line 650
2017-05-04T09:08:34+0200 : Document_Tag_Doctype used in /var/www/html/jj-keller/pimcore/lib/Pimcore/Tool.php at line 650
2017-05-04T09:08:34+0200 : Document_Tag_Headlink used in /var/www/html/jj-keller/pimcore/lib/Pimcore/Tool.php at line 650
2017-05-04T09:08:34+0200 : Document_Tag_Headscript used in /var/www/html/jj-keller/pimcore/lib/Pimcore/Tool.php at line 650
2017-05-04T09:08:34+0200 : Document_Tag_Layout used in /var/www/html/jj-keller/pimcore/lib/Pimcore/Tool.php at line 650
2017-05-04T09:08:34+0200 : Document_Tag_Inlinescript used in /var/www/html/jj-keller/pimcore/lib/Pimcore/Tool.php at line 650
2017-05-04T09:09:03+0200 : Document_Tag_Action used in /var/www/html/jj-keller/pimcore/lib/Pimcore/Tool.php at line 650
2017-05-04T09:09:03+0200 : Document_Tag_Translate used in /var/www/html/jj-keller/pimcore/lib/Pimcore/Tool.php at line 650
2017-05-04T09:09:03+0200 : Document_Tag_Headtitle used in /var/www/html/jj-keller/pimcore/lib/Pimcore/Tool.php at line 650
2017-05-04T09:09:03+0200 : Document_Tag_Headmeta used in /var/www/html/jj-keller/pimcore/lib/Pimcore/Tool.php at line 650
2017-05-04T09:09:03+0200 : Document_Tag_Headlink used in /var/www/html/jj-keller/pimcore/lib/Pimcore/Tool.php at line 650
2017-05-04T09:09:03+0200 : Document_Tag_Doctype used in /var/www/html/jj-keller/pimcore/lib/Pimcore/Tool.php at line 650
2017-05-04T09:09:03+0200 : Document_Tag_Headscript used in /var/www/html/jj-keller/pimcore/lib/Pimcore/Tool.php at line 650
2017-05-04T09:09:03+0200 : Document_Tag_Layout used in /var/www/html/jj-keller/pimcore/lib/Pimcore/Tool.php at line 650
2017-05-04T09:09:03+0200 : Document_Tag_Inlinescript used in /var/www/html/jj-keller/pimcore/lib/Pimcore/Tool.php at line 650
2017-05-04T09:12:23+0200 : Document_Tag_Action used in /var/www/html/jj-keller/pimcore/lib/Pimcore/Tool.php at line 650
2017-05-04T09:12:23+0200 : Document_Tag_Translate used in /var/www/html/jj-keller/pimcore/lib/Pimcore/Tool.php at line 650
2017-05-04T09:12:23+0200 : Document_Tag_Headtitle used in /var/www/html/jj-keller/pimcore/lib/Pimcore/Tool.php at line 650
2017-05-04T09:12:23+0200 : Document_Tag_Headmeta used in /var/www/html/jj-keller/pimcore/lib/Pimcore/Tool.php at line 650
2017-05-04T09:12:23+0200 : Document_Tag_Doctype used in /var/www/html/jj-keller/pimcore/lib/Pimcore/Tool.php at line 650
2017-05-04T09:12:23+0200 : Document_Tag_Headlink used in /var/www/html/jj-keller/pimcore/lib/Pimcore/Tool.php at line 650
2017-05-04T09:12:23+0200 : Document_Tag_Headscript used in /var/www/html/jj-keller/pimcore/lib/Pimcore/Tool.php at line 650
2017-05-04T09:12:23+0200 : Document_Tag_Layout used in /var/www/html/jj-keller/pimcore/lib/Pimcore/Tool.php at line 650
2017-05-04T09:12:23+0200 : Document_Tag_Inlinescript used in /var/www/html/jj-keller/pimcore/lib/Pimcore/Tool.php at line 650
2017-05-24T07:02:06+0200 : Document_Tag_Action used in /var/www/html/jj-keller/pimcore/lib/Pimcore/Tool.php at line 650
2017-05-24T07:02:06+0200 : Document_Tag_Translate used in /var/www/html/jj-keller/pimcore/lib/Pimcore/Tool.php at line 650
2017-05-24T07:02:06+0200 : Document_Tag_Headtitle used in /var/www/html/jj-keller/pimcore/lib/Pimcore/Tool.php at line 650
2017-05-24T07:02:06+0200 : Document_Tag_Headmeta used in /var/www/html/jj-keller/pimcore/lib/Pimcore/Tool.php at line 650
2017-05-24T07:02:06+0200 : Document_Tag_Doctype used in /var/www/html/jj-keller/pimcore/lib/Pimcore/Tool.php at line 650
2017-05-24T07:02:06+0200 : Document_Tag_Headlink used in /var/www/html/jj-keller/pimcore/lib/Pimcore/Tool.php at line 650
2017-05-24T07:02:06+0200 : Document_Tag_Headscript used in /var/www/html/jj-keller/pimcore/lib/Pimcore/Tool.php at line 650
2017-05-24T07:02:07+0200 : Document_Tag_Layout used in /var/www/html/jj-keller/pimcore/lib/Pimcore/Tool.php at line 650
2017-05-24T07:02:07+0200 : Document_Tag_Inlinescript used in /var/www/html/jj-keller/pimcore/lib/Pimcore/Tool.php at line 650
2017-06-19T07:40:03+0200 : Document_Tag_Action used in /var/www/html/jj-keller/pimcore/lib/Pimcore/Tool.php at line 650
2017-06-19T07:40:03+0200 : Document_Tag_Translate used in /var/www/html/jj-keller/pimcore/lib/Pimcore/Tool.php at line 650
2017-06-19T07:40:03+0200 : Document_Tag_Headtitle used in /var/www/html/jj-keller/pimcore/lib/Pimcore/Tool.php at line 650
2017-06-19T07:40:03+0200 : Document_Tag_Headmeta used in /var/www/html/jj-keller/pimcore/lib/Pimcore/Tool.php at line 650
2017-06-19T07:40:03+0200 : Document_Tag_Doctype used in /var/www/html/jj-keller/pimcore/lib/Pimcore/Tool.php at line 650
2017-06-19T07:40:03+0200 : Document_Tag_Headlink used in /var/www/html/jj-keller/pimcore/lib/Pimcore/Tool.php at line 650
2017-06-19T07:40:03+0200 : Document_Tag_Headscript used in /var/www/html/jj-keller/pimcore/lib/Pimcore/Tool.php at line 650
2017-06-19T07:40:04+0200 : Document_Tag_Layout used in /var/www/html/jj-keller/pimcore/lib/Pimcore/Tool.php at line 650
2017-06-19T07:40:04+0200 : Document_Tag_Inlinescript used in /var/www/html/jj-keller/pimcore/lib/Pimcore/Tool.php at line 650
2017-06-19T11:11:13+0200 : Document_Tag_Action used in /var/www/html/jj-keller/pimcore/lib/Pimcore/Tool.php at line 650
2017-06-19T11:11:13+0200 : Document_Tag_Translate used in /var/www/html/jj-keller/pimcore/lib/Pimcore/Tool.php at line 650
2017-06-19T11:11:13+0200 : Document_Tag_Headtitle used in /var/www/html/jj-keller/pimcore/lib/Pimcore/Tool.php at line 650
2017-06-19T11:11:13+0200 : Document_Tag_Headmeta used in /var/www/html/jj-keller/pimcore/lib/Pimcore/Tool.php at line 650
2017-06-19T11:11:13+0200 : Document_Tag_Doctype used in /var/www/html/jj-keller/pimcore/lib/Pimcore/Tool.php at line 650
2017-06-19T11:11:13+0200 : Document_Tag_Headlink used in /var/www/html/jj-keller/pimcore/lib/Pimcore/Tool.php at line 650
2017-06-19T11:11:13+0200 : Document_Tag_Headscript used in /var/www/html/jj-keller/pimcore/lib/Pimcore/Tool.php at line 650
2017-06-19T11:11:13+0200 : Document_Tag_Layout used in /var/www/html/jj-keller/pimcore/lib/Pimcore/Tool.php at line 650
2017-06-19T11:11:13+0200 : Document_Tag_Inlinescript used in /var/www/html/jj-keller/pimcore/lib/Pimcore/Tool.php at line 650
2017-06-21T08:38:50+0200 : Document_Tag_Translate used in /var/www/html/jj-keller/pimcore/lib/Pimcore/Tool.php at line 650
2017-06-21T08:38:57+0200 : Document_Tag_Translate used in /var/www/html/jj-keller/pimcore/lib/Pimcore/Tool.php at line 650
2017-06-21T08:39:06+0200 : Document_Tag_Translate used in /var/www/html/jj-keller/pimcore/lib/Pimcore/Tool.php at line 650
2017-06-21T08:40:00+0200 : Document_Tag_Translate used in /var/www/html/jj-keller/pimcore/lib/Pimcore/Tool.php at line 650
2017-06-21T08:41:19+0200 : Document_Tag_Translateadmin used in /var/www/html/jj-keller/pimcore/lib/Pimcore/Tool.php at line 650
2017-06-21T08:41:19+0200 : Document_Tag_Inlinescript used in /var/www/html/jj-keller/pimcore/lib/Pimcore/Tool.php at line 650
2017-06-21T08:41:19+0200 : Document_Tag_Headtitle used in /var/www/html/jj-keller/pimcore/lib/Pimcore/Tool.php at line 650
2017-06-21T08:41:19+0200 : Document_Tag_Headmeta used in /var/www/html/jj-keller/pimcore/lib/Pimcore/Tool.php at line 650
2017-06-21T08:41:19+0200 : Document_Tag_Doctype used in /var/www/html/jj-keller/pimcore/lib/Pimcore/Tool.php at line 650
2017-06-21T08:41:19+0200 : Document_Tag_Headlink used in /var/www/html/jj-keller/pimcore/lib/Pimcore/Tool.php at line 650
2017-06-21T08:41:19+0200 : Document_Tag_Headscript used in /var/www/html/jj-keller/pimcore/lib/Pimcore/Tool.php at line 650
2017-06-21T08:41:19+0200 : Document_Tag_Action used in /var/www/html/jj-keller/pimcore/lib/Pimcore/Tool.php at line 650
2017-06-21T08:41:19+0200 : Document_Tag_Translate used in /var/www/html/jj-keller/pimcore/lib/Pimcore/Tool.php at line 650
2017-06-21T08:41:19+0200 : Document_Tag_Layout used in /var/www/html/jj-keller/pimcore/lib/Pimcore/Tool.php at line 650
2017-07-14T07:34:50+0200 : Document_Tag_Action used in /var/www/html/jj-keller/pimcore/lib/Pimcore/Tool.php at line 650
2017-07-14T07:34:51+0200 : Document_Tag_Translate used in /var/www/html/jj-keller/pimcore/lib/Pimcore/Tool.php at line 650
2017-07-14T07:34:51+0200 : Document_Tag_Headtitle used in /var/www/html/jj-keller/pimcore/lib/Pimcore/Tool.php at line 650
2017-07-14T07:34:51+0200 : Document_Tag_Headmeta used in /var/www/html/jj-keller/pimcore/lib/Pimcore/Tool.php at line 650
2017-07-14T07:34:51+0200 : Document_Tag_Doctype used in /var/www/html/jj-keller/pimcore/lib/Pimcore/Tool.php at line 650
2017-07-14T07:34:51+0200 : Document_Tag_Headlink used in /var/www/html/jj-keller/pimcore/lib/Pimcore/Tool.php at line 650
2017-07-14T07:34:51+0200 : Document_Tag_Headscript used in /var/www/html/jj-keller/pimcore/lib/Pimcore/Tool.php at line 650
2017-07-14T07:34:51+0200 : Document_Tag_Layout used in /var/www/html/jj-keller/pimcore/lib/Pimcore/Tool.php at line 650
2017-07-14T07:34:51+0200 : Document_Tag_Inlinescript used in /var/www/html/jj-keller/pimcore/lib/Pimcore/Tool.php at line 650
2017-07-14T07:35:05+0200 : Document_Tag_Action used in /var/www/html/jj-keller/pimcore/lib/Pimcore/Tool.php at line 650
2017-07-14T07:35:06+0200 : Document_Tag_Translate used in /var/www/html/jj-keller/pimcore/lib/Pimcore/Tool.php at line 650
2017-07-14T07:35:06+0200 : Document_Tag_Headtitle used in /var/www/html/jj-keller/pimcore/lib/Pimcore/Tool.php at line 650
2017-07-14T07:35:06+0200 : Document_Tag_Headmeta used in /var/www/html/jj-keller/pimcore/lib/Pimcore/Tool.php at line 650
2017-07-14T07:35:06+0200 : Document_Tag_Doctype used in /var/www/html/jj-keller/pimcore/lib/Pimcore/Tool.php at line 650
2017-07-14T07:35:06+0200 : Document_Tag_Headlink used in /var/www/html/jj-keller/pimcore/lib/Pimcore/Tool.php at line 650
2017-07-14T07:35:06+0200 : Document_Tag_Headscript used in /var/www/html/jj-keller/pimcore/lib/Pimcore/Tool.php at line 650
2017-07-14T07:35:06+0200 : Document_Tag_Layout used in /var/www/html/jj-keller/pimcore/lib/Pimcore/Tool.php at line 650
2017-07-14T07:35:06+0200 : Document_Tag_Inlinescript used in /var/www/html/jj-keller/pimcore/lib/Pimcore/Tool.php at line 650
2017-07-14T07:35:16+0200 : Document_Tag_Translate used in /var/www/html/jj-keller/pimcore/lib/Pimcore/Tool.php at line 650
2017-07-14T07:35:21+0200 : Document_Tag_Action used in /var/www/html/jj-keller/pimcore/lib/Pimcore/Tool.php at line 650
2017-07-14T07:35:21+0200 : Document_Tag_Inlinescript used in /var/www/html/jj-keller/pimcore/lib/Pimcore/Tool.php at line 650
2017-07-14T07:35:21+0200 : Document_Tag_Headtitle used in /var/www/html/jj-keller/pimcore/lib/Pimcore/Tool.php at line 650
2017-07-14T07:35:21+0200 : Document_Tag_Headmeta used in /var/www/html/jj-keller/pimcore/lib/Pimcore/Tool.php at line 650
2017-07-14T07:35:21+0200 : Document_Tag_Doctype used in /var/www/html/jj-keller/pimcore/lib/Pimcore/Tool.php at line 650
2017-07-14T07:35:21+0200 : Document_Tag_Headlink used in /var/www/html/jj-keller/pimcore/lib/Pimcore/Tool.php at line 650
2017-07-14T07:35:21+0200 : Document_Tag_Headscript used in /var/www/html/jj-keller/pimcore/lib/Pimcore/Tool.php at line 650
2017-07-14T07:35:21+0200 : Document_Tag_Translate used in /var/www/html/jj-keller/pimcore/lib/Pimcore/Tool.php at line 650
2017-07-14T07:35:21+0200 : Document_Tag_Layout used in /var/www/html/jj-keller/pimcore/lib/Pimcore/Tool.php at line 650
2017-07-14T07:35:26+0200 : Document_Tag_Action used in /var/www/html/jj-keller/pimcore/lib/Pimcore/Tool.php at line 650
2017-07-14T07:35:26+0200 : Document_Tag_Translate used in /var/www/html/jj-keller/pimcore/lib/Pimcore/Tool.php at line 650
2017-07-14T07:35:26+0200 : Document_Tag_Headtitle used in /var/www/html/jj-keller/pimcore/lib/Pimcore/Tool.php at line 650
2017-07-14T07:35:26+0200 : Document_Tag_Headmeta used in /var/www/html/jj-keller/pimcore/lib/Pimcore/Tool.php at line 650
2017-07-14T07:35:26+0200 : Document_Tag_Doctype used in /var/www/html/jj-keller/pimcore/lib/Pimcore/Tool.php at line 650
2017-07-14T07:35:26+0200 : Document_Tag_Headlink used in /var/www/html/jj-keller/pimcore/lib/Pimcore/Tool.php at line 650
2017-07-14T07:35:26+0200 : Document_Tag_Headscript used in /var/www/html/jj-keller/pimcore/lib/Pimcore/Tool.php at line 650
2017-07-14T07:35:26+0200 : Document_Tag_Layout used in /var/www/html/jj-keller/pimcore/lib/Pimcore/Tool.php at line 650
2017-07-14T07:35:26+0200 : Document_Tag_Inlinescript used in /var/www/html/jj-keller/pimcore/lib/Pimcore/Tool.php at line 650
2017-07-14T07:35:27+0200 : Document_Tag_Action used in /var/www/html/jj-keller/pimcore/lib/Pimcore/Tool.php at line 650
2017-07-14T07:35:27+0200 : Document_Tag_Translate used in /var/www/html/jj-keller/pimcore/lib/Pimcore/Tool.php at line 650
2017-07-14T07:35:27+0200 : Document_Tag_Headtitle used in /var/www/html/jj-keller/pimcore/lib/Pimcore/Tool.php at line 650
2017-07-14T07:35:27+0200 : Document_Tag_Headmeta used in /var/www/html/jj-keller/pimcore/lib/Pimcore/Tool.php at line 650
2017-07-14T07:35:27+0200 : Document_Tag_Doctype used in /var/www/html/jj-keller/pimcore/lib/Pimcore/Tool.php at line 650
2017-07-14T07:35:27+0200 : Document_Tag_Headlink used in /var/www/html/jj-keller/pimcore/lib/Pimcore/Tool.php at line 650
2017-07-14T07:35:27+0200 : Document_Tag_Headscript used in /var/www/html/jj-keller/pimcore/lib/Pimcore/Tool.php at line 650
2017-07-14T07:35:27+0200 : Document_Tag_Layout used in /var/www/html/jj-keller/pimcore/lib/Pimcore/Tool.php at line 650
2017-07-14T07:35:27+0200 : Document_Tag_Inlinescript used in /var/www/html/jj-keller/pimcore/lib/Pimcore/Tool.php at line 650
2017-07-14T07:35:29+0200 : Document_Tag_Translate used in /var/www/html/jj-keller/pimcore/lib/Pimcore/Tool.php at line 650
2017-07-14T07:35:29+0200 : Document_Tag_Action used in /var/www/html/jj-keller/pimcore/lib/Pimcore/Tool.php at line 650
2017-07-14T07:35:29+0200 : Document_Tag_Headtitle used in /var/www/html/jj-keller/pimcore/lib/Pimcore/Tool.php at line 650
2017-07-14T07:35:29+0200 : Document_Tag_Headmeta used in /var/www/html/jj-keller/pimcore/lib/Pimcore/Tool.php at line 650
2017-07-14T07:35:29+0200 : Document_Tag_Doctype used in /var/www/html/jj-keller/pimcore/lib/Pimcore/Tool.php at line 650
2017-07-14T07:35:29+0200 : Document_Tag_Headlink used in /var/www/html/jj-keller/pimcore/lib/Pimcore/Tool.php at line 650
2017-07-14T07:35:29+0200 : Document_Tag_Headscript used in /var/www/html/jj-keller/pimcore/lib/Pimcore/Tool.php at line 650
2017-07-14T07:35:29+0200 : Document_Tag_Layout used in /var/www/html/jj-keller/pimcore/lib/Pimcore/Tool.php at line 650
2017-07-14T07:35:29+0200 : Document_Tag_Inlinescript used in /var/www/html/jj-keller/pimcore/lib/Pimcore/Tool.php at line 650
2017-07-14T07:35:34+0200 : Document_Tag_Action used in /var/www/html/jj-keller/pimcore/lib/Pimcore/Tool.php at line 650
2017-07-14T07:35:34+0200 : Document_Tag_Translate used in /var/www/html/jj-keller/pimcore/lib/Pimcore/Tool.php at line 650
2017-07-14T07:35:34+0200 : Document_Tag_Headtitle used in /var/www/html/jj-keller/pimcore/lib/Pimcore/Tool.php at line 650
2017-07-14T07:35:34+0200 : Document_Tag_Headmeta used in /var/www/html/jj-keller/pimcore/lib/Pimcore/Tool.php at line 650
2017-07-14T07:35:34+0200 : Document_Tag_Doctype used in /var/www/html/jj-keller/pimcore/lib/Pimcore/Tool.php at line 650
2017-07-14T07:35:34+0200 : Document_Tag_Headlink used in /var/www/html/jj-keller/pimcore/lib/Pimcore/Tool.php at line 650
2017-07-14T07:35:34+0200 : Document_Tag_Headscript used in /var/www/html/jj-keller/pimcore/lib/Pimcore/Tool.php at line 650
2017-07-14T07:35:34+0200 : Document_Tag_Layout used in /var/www/html/jj-keller/pimcore/lib/Pimcore/Tool.php at line 650
2017-07-14T07:35:34+0200 : Document_Tag_Inlinescript used in /var/www/html/jj-keller/pimcore/lib/Pimcore/Tool.php at line 650
2017-07-14T07:35:37+0200 : Document_Tag_Action used in /var/www/html/jj-keller/pimcore/lib/Pimcore/Tool.php at line 650
2017-07-14T07:35:37+0200 : Document_Tag_Headtitle used in /var/www/html/jj-keller/pimcore/lib/Pimcore/Tool.php at line 650
2017-07-14T07:35:37+0200 : Document_Tag_Headmeta used in /var/www/html/jj-keller/pimcore/lib/Pimcore/Tool.php at line 650
2017-07-14T07:35:37+0200 : Document_Tag_Doctype used in /var/www/html/jj-keller/pimcore/lib/Pimcore/Tool.php at line 650
2017-07-14T07:35:37+0200 : Document_Tag_Headlink used in /var/www/html/jj-keller/pimcore/lib/Pimcore/Tool.php at line 650
2017-07-14T07:35:37+0200 : Document_Tag_Headscript used in /var/www/html/jj-keller/pimcore/lib/Pimcore/Tool.php at line 650
2017-07-14T07:35:37+0200 : Document_Tag_Translate used in /var/www/html/jj-keller/pimcore/lib/Pimcore/Tool.php at line 650
2017-07-14T07:35:37+0200 : Document_Tag_Layout used in /var/www/html/jj-keller/pimcore/lib/Pimcore/Tool.php at line 650
2017-07-14T07:35:37+0200 : Document_Tag_Inlinescript used in /var/www/html/jj-keller/pimcore/lib/Pimcore/Tool.php at line 650
2017-07-14T07:35:39+0200 : Document_Tag_Action used in /var/www/html/jj-keller/pimcore/lib/Pimcore/Tool.php at line 650
2017-07-14T07:35:39+0200 : Document_Tag_Translate used in /var/www/html/jj-keller/pimcore/lib/Pimcore/Tool.php at line 650
2017-07-14T07:35:39+0200 : Document_Tag_Headtitle used in /var/www/html/jj-keller/pimcore/lib/Pimcore/Tool.php at line 650
2017-07-14T07:35:39+0200 : Document_Tag_Headmeta used in /var/www/html/jj-keller/pimcore/lib/Pimcore/Tool.php at line 650
2017-07-14T07:35:39+0200 : Document_Tag_Doctype used in /var/www/html/jj-keller/pimcore/lib/Pimcore/Tool.php at line 650
2017-07-14T07:35:39+0200 : Document_Tag_Headlink used in /var/www/html/jj-keller/pimcore/lib/Pimcore/Tool.php at line 650
2017-07-14T07:35:39+0200 : Document_Tag_Headscript used in /var/www/html/jj-keller/pimcore/lib/Pimcore/Tool.php at line 650
2017-07-14T07:35:39+0200 : Document_Tag_Layout used in /var/www/html/jj-keller/pimcore/lib/Pimcore/Tool.php at line 650
2017-07-14T07:35:39+0200 : Document_Tag_Inlinescript used in /var/www/html/jj-keller/pimcore/lib/Pimcore/Tool.php at line 650
2017-07-14T07:35:41+0200 : Document_Tag_Action used in /var/www/html/jj-keller/pimcore/lib/Pimcore/Tool.php at line 650
2017-07-14T07:35:41+0200 : Document_Tag_Translate used in /var/www/html/jj-keller/pimcore/lib/Pimcore/Tool.php at line 650
2017-07-14T07:35:41+0200 : Document_Tag_Headtitle used in /var/www/html/jj-keller/pimcore/lib/Pimcore/Tool.php at line 650
2017-07-14T07:35:41+0200 : Document_Tag_Headmeta used in /var/www/html/jj-keller/pimcore/lib/Pimcore/Tool.php at line 650
2017-07-14T07:35:41+0200 : Document_Tag_Doctype used in /var/www/html/jj-keller/pimcore/lib/Pimcore/Tool.php at line 650
2017-07-14T07:35:41+0200 : Document_Tag_Headlink used in /var/www/html/jj-keller/pimcore/lib/Pimcore/Tool.php at line 650
2017-07-14T07:35:41+0200 : Document_Tag_Headscript used in /var/www/html/jj-keller/pimcore/lib/Pimcore/Tool.php at line 650
2017-07-14T07:35:41+0200 : Document_Tag_Layout used in /var/www/html/jj-keller/pimcore/lib/Pimcore/Tool.php at line 650
2017-07-14T07:35:41+0200 : Document_Tag_Inlinescript used in /var/www/html/jj-keller/pimcore/lib/Pimcore/Tool.php at line 650
2017-07-14T07:35:47+0200 : Document_Tag_Translate used in /var/www/html/jj-keller/pimcore/lib/Pimcore/Tool.php at line 650
2017-07-17T08:37:47+0200 : Document_Tag_Action used in /var/www/html/jj-keller/pimcore/lib/Pimcore/Tool.php at line 650
2017-07-17T08:37:47+0200 : Document_Tag_Translate used in /var/www/html/jj-keller/pimcore/lib/Pimcore/Tool.php at line 650
2017-07-17T08:37:47+0200 : Document_Tag_Headtitle used in /var/www/html/jj-keller/pimcore/lib/Pimcore/Tool.php at line 650
2017-07-17T08:37:47+0200 : Document_Tag_Headmeta used in /var/www/html/jj-keller/pimcore/lib/Pimcore/Tool.php at line 650
2017-07-17T08:37:47+0200 : Document_Tag_Doctype used in /var/www/html/jj-keller/pimcore/lib/Pimcore/Tool.php at line 650
2017-07-17T08:37:47+0200 : Document_Tag_Headlink used in /var/www/html/jj-keller/pimcore/lib/Pimcore/Tool.php at line 650
2017-07-17T08:37:47+0200 : Document_Tag_Headscript used in /var/www/html/jj-keller/pimcore/lib/Pimcore/Tool.php at line 650
2017-07-17T08:37:48+0200 : Document_Tag_Layout used in /var/www/html/jj-keller/pimcore/lib/Pimcore/Tool.php at line 650
2017-07-17T08:37:48+0200 : Document_Tag_Inlinescript used in /var/www/html/jj-keller/pimcore/lib/Pimcore/Tool.php at line 650
2017-07-17T08:37:52+0200 : Document_Tag_Translate used in /var/www/html/jj-keller/pimcore/lib/Pimcore/Tool.php at line 650
2017-07-17T08:37:59+0200 : Document_Tag_Translate used in /var/www/html/jj-keller/pimcore/lib/Pimcore/Tool.php at line 650
2017-07-17T08:38:09+0200 : Document_Tag_Translate used in /var/www/html/jj-keller/pimcore/lib/Pimcore/Tool.php at line 650
2017-07-17T08:38:13+0200 : Document_Tag_Translate used in /var/www/html/jj-keller/pimcore/lib/Pimcore/Tool.php at line 650
2017-07-17T15:52:45+0200 : Document_Tag_Action used in /var/www/html/jj-keller/pimcore/lib/Pimcore/Tool.php at line 650
2017-07-17T15:52:45+0200 : Document_Tag_Translate used in /var/www/html/jj-keller/pimcore/lib/Pimcore/Tool.php at line 650
2017-07-17T15:52:45+0200 : Document_Tag_Headtitle used in /var/www/html/jj-keller/pimcore/lib/Pimcore/Tool.php at line 650
2017-07-17T15:52:45+0200 : Document_Tag_Headmeta used in /var/www/html/jj-keller/pimcore/lib/Pimcore/Tool.php at line 650
2017-07-17T15:52:45+0200 : Document_Tag_Doctype used in /var/www/html/jj-keller/pimcore/lib/Pimcore/Tool.php at line 650
2017-07-17T15:52:45+0200 : Document_Tag_Headlink used in /var/www/html/jj-keller/pimcore/lib/Pimcore/Tool.php at line 650
2017-07-17T15:52:45+0200 : Document_Tag_Headscript used in /var/www/html/jj-keller/pimcore/lib/Pimcore/Tool.php at line 650
2017-07-17T15:52:45+0200 : Document_Tag_Layout used in /var/www/html/jj-keller/pimcore/lib/Pimcore/Tool.php at line 650
2017-07-17T15:52:45+0200 : Document_Tag_Inlinescript used in /var/www/html/jj-keller/pimcore/lib/Pimcore/Tool.php at line 650
2017-07-17T15:52:48+0200 : Document_Tag_Action used in /var/www/html/jj-keller/pimcore/lib/Pimcore/Tool.php at line 650
2017-07-17T15:52:48+0200 : Document_Tag_Translate used in /var/www/html/jj-keller/pimcore/lib/Pimcore/Tool.php at line 650
2017-07-17T15:52:49+0200 : Document_Tag_Headtitle used in /var/www/html/jj-keller/pimcore/lib/Pimcore/Tool.php at line 650
2017-07-17T15:52:49+0200 : Document_Tag_Headmeta used in /var/www/html/jj-keller/pimcore/lib/Pimcore/Tool.php at line 650
2017-07-17T15:52:49+0200 : Document_Tag_Doctype used in /var/www/html/jj-keller/pimcore/lib/Pimcore/Tool.php at line 650
2017-07-17T15:52:49+0200 : Document_Tag_Headlink used in /var/www/html/jj-keller/pimcore/lib/Pimcore/Tool.php at line 650
2017-07-17T15:52:49+0200 : Document_Tag_Headscript used in /var/www/html/jj-keller/pimcore/lib/Pimcore/Tool.php at line 650
2017-07-17T15:52:49+0200 : Document_Tag_Layout used in /var/www/html/jj-keller/pimcore/lib/Pimcore/Tool.php at line 650
2017-07-17T15:52:49+0200 : Document_Tag_Inlinescript used in /var/www/html/jj-keller/pimcore/lib/Pimcore/Tool.php at line 650
2017-07-17T15:52:50+0200 : Document_Tag_Action used in /var/www/html/jj-keller/pimcore/lib/Pimcore/Tool.php at line 650
2017-07-17T15:52:50+0200 : Document_Tag_Translate used in /var/www/html/jj-keller/pimcore/lib/Pimcore/Tool.php at line 650
2017-07-17T15:52:50+0200 : Document_Tag_Headtitle used in /var/www/html/jj-keller/pimcore/lib/Pimcore/Tool.php at line 650
2017-07-17T15:52:50+0200 : Document_Tag_Headmeta used in /var/www/html/jj-keller/pimcore/lib/Pimcore/Tool.php at line 650
2017-07-17T15:52:50+0200 : Document_Tag_Doctype used in /var/www/html/jj-keller/pimcore/lib/Pimcore/Tool.php at line 650
2017-07-17T15:52:50+0200 : Document_Tag_Headlink used in /var/www/html/jj-keller/pimcore/lib/Pimcore/Tool.php at line 650
2017-07-17T15:52:50+0200 : Document_Tag_Headscript used in /var/www/html/jj-keller/pimcore/lib/Pimcore/Tool.php at line 650
2017-07-17T15:52:50+0200 : Document_Tag_Layout used in /var/www/html/jj-keller/pimcore/lib/Pimcore/Tool.php at line 650
2017-07-17T15:52:50+0200 : Document_Tag_Inlinescript used in /var/www/html/jj-keller/pimcore/lib/Pimcore/Tool.php at line 650
2017-07-17T15:52:51+0200 : Document_Tag_Action used in /var/www/html/jj-keller/pimcore/lib/Pimcore/Tool.php at line 650
2017-07-17T15:52:51+0200 : Document_Tag_Translate used in /var/www/html/jj-keller/pimcore/lib/Pimcore/Tool.php at line 650
2017-07-17T15:52:51+0200 : Document_Tag_Headtitle used in /var/www/html/jj-keller/pimcore/lib/Pimcore/Tool.php at line 650
2017-07-17T15:52:51+0200 : Document_Tag_Headmeta used in /var/www/html/jj-keller/pimcore/lib/Pimcore/Tool.php at line 650
2017-07-17T15:52:51+0200 : Document_Tag_Doctype used in /var/www/html/jj-keller/pimcore/lib/Pimcore/Tool.php at line 650
2017-07-17T15:52:51+0200 : Document_Tag_Headlink used in /var/www/html/jj-keller/pimcore/lib/Pimcore/Tool.php at line 650
2017-07-17T15:52:51+0200 : Document_Tag_Headscript used in /var/www/html/jj-keller/pimcore/lib/Pimcore/Tool.php at line 650
2017-07-17T15:52:51+0200 : Document_Tag_Layout used in /var/www/html/jj-keller/pimcore/lib/Pimcore/Tool.php at line 650
2017-07-17T15:52:51+0200 : Document_Tag_Inlinescript used in /var/www/html/jj-keller/pimcore/lib/Pimcore/Tool.php at line 650
2017-07-17T15:52:52+0200 : Document_Tag_Translate used in /var/www/html/jj-keller/pimcore/lib/Pimcore/Tool.php at line 650
2017-07-17T15:52:52+0200 : Document_Tag_Action used in /var/www/html/jj-keller/pimcore/lib/Pimcore/Tool.php at line 650
2017-07-17T15:52:52+0200 : Document_Tag_Headtitle used in /var/www/html/jj-keller/pimcore/lib/Pimcore/Tool.php at line 650
2017-07-17T15:52:52+0200 : Document_Tag_Headmeta used in /var/www/html/jj-keller/pimcore/lib/Pimcore/Tool.php at line 650
2017-07-17T15:52:52+0200 : Document_Tag_Doctype used in /var/www/html/jj-keller/pimcore/lib/Pimcore/Tool.php at line 650
2017-07-17T15:52:52+0200 : Document_Tag_Headlink used in /var/www/html/jj-keller/pimcore/lib/Pimcore/Tool.php at line 650
2017-07-17T15:52:52+0200 : Document_Tag_Headscript used in /var/www/html/jj-keller/pimcore/lib/Pimcore/Tool.php at line 650
2017-07-17T15:52:52+0200 : Document_Tag_Layout used in /var/www/html/jj-keller/pimcore/lib/Pimcore/Tool.php at line 650
2017-07-17T15:52:52+0200 : Document_Tag_Inlinescript used in /var/www/html/jj-keller/pimcore/lib/Pimcore/Tool.php at line 650
2017-07-17T15:54:41+0200 : Document_Tag_Translateadmin used in /var/www/html/jj-keller/pimcore/lib/Pimcore/Tool.php at line 650
2017-07-17T15:54:41+0200 : Document_Tag_Headtitle used in /var/www/html/jj-keller/pimcore/lib/Pimcore/Tool.php at line 650
2017-07-17T15:54:41+0200 : Document_Tag_Headmeta used in /var/www/html/jj-keller/pimcore/lib/Pimcore/Tool.php at line 650
2017-07-17T15:54:41+0200 : Document_Tag_Doctype used in /var/www/html/jj-keller/pimcore/lib/Pimcore/Tool.php at line 650
2017-07-17T15:54:41+0200 : Document_Tag_Headlink used in /var/www/html/jj-keller/pimcore/lib/Pimcore/Tool.php at line 650
2017-07-17T15:54:41+0200 : Document_Tag_Headscript used in /var/www/html/jj-keller/pimcore/lib/Pimcore/Tool.php at line 650
2017-07-17T15:54:41+0200 : Document_Tag_Action used in /var/www/html/jj-keller/pimcore/lib/Pimcore/Tool.php at line 650
2017-07-17T15:54:41+0200 : Document_Tag_Translate used in /var/www/html/jj-keller/pimcore/lib/Pimcore/Tool.php at line 650
2017-07-17T15:54:41+0200 : Document_Tag_Layout used in /var/www/html/jj-keller/pimcore/lib/Pimcore/Tool.php at line 650
2017-07-17T15:54:41+0200 : Document_Tag_Inlinescript used in /var/www/html/jj-keller/pimcore/lib/Pimcore/Tool.php at line 650
2017-07-17T15:54:47+0200 : Document_Tag_Action used in /var/www/html/jj-keller/pimcore/lib/Pimcore/Tool.php at line 650
2017-07-17T15:54:48+0200 : Document_Tag_Headtitle used in /var/www/html/jj-keller/pimcore/lib/Pimcore/Tool.php at line 650
2017-07-17T15:54:48+0200 : Document_Tag_Headmeta used in /var/www/html/jj-keller/pimcore/lib/Pimcore/Tool.php at line 650
2017-07-17T15:54:48+0200 : Document_Tag_Doctype used in /var/www/html/jj-keller/pimcore/lib/Pimcore/Tool.php at line 650
2017-07-17T15:54:48+0200 : Document_Tag_Headlink used in /var/www/html/jj-keller/pimcore/lib/Pimcore/Tool.php at line 650
2017-07-17T15:54:48+0200 : Document_Tag_Headscript used in /var/www/html/jj-keller/pimcore/lib/Pimcore/Tool.php at line 650
2017-07-17T15:54:48+0200 : Document_Tag_Translate used in /var/www/html/jj-keller/pimcore/lib/Pimcore/Tool.php at line 650
2017-07-17T15:54:48+0200 : Document_Tag_Layout used in /var/www/html/jj-keller/pimcore/lib/Pimcore/Tool.php at line 650
2017-07-17T15:54:48+0200 : Document_Tag_Inlinescript used in /var/www/html/jj-keller/pimcore/lib/Pimcore/Tool.php at line 650
2017-07-17T15:55:09+0200 : Document_Tag_Translateadmin used in /var/www/html/jj-keller/pimcore/lib/Pimcore/Tool.php at line 650
2017-07-17T15:55:09+0200 : Document_Tag_Headtitle used in /var/www/html/jj-keller/pimcore/lib/Pimcore/Tool.php at line 650
2017-07-17T15:55:09+0200 : Document_Tag_Headmeta used in /var/www/html/jj-keller/pimcore/lib/Pimcore/Tool.php at line 650
2017-07-17T15:55:09+0200 : Document_Tag_Doctype used in /var/www/html/jj-keller/pimcore/lib/Pimcore/Tool.php at line 650
2017-07-17T15:55:09+0200 : Document_Tag_Headlink used in /var/www/html/jj-keller/pimcore/lib/Pimcore/Tool.php at line 650
2017-07-17T15:55:09+0200 : Document_Tag_Headscript used in /var/www/html/jj-keller/pimcore/lib/Pimcore/Tool.php at line 650
2017-07-17T15:55:09+0200 : Document_Tag_Action used in /var/www/html/jj-keller/pimcore/lib/Pimcore/Tool.php at line 650
2017-07-17T15:55:09+0200 : Document_Tag_Translate used in /var/www/html/jj-keller/pimcore/lib/Pimcore/Tool.php at line 650
2017-07-17T15:55:09+0200 : Document_Tag_Layout used in /var/www/html/jj-keller/pimcore/lib/Pimcore/Tool.php at line 650
2017-07-17T15:55:09+0200 : Document_Tag_Inlinescript used in /var/www/html/jj-keller/pimcore/lib/Pimcore/Tool.php at line 650
2017-07-17T15:55:41+0200 : Document_Tag_Action used in /var/www/html/jj-keller/pimcore/lib/Pimcore/Tool.php at line 650
2017-07-17T15:55:41+0200 : Document_Tag_Headtitle used in /var/www/html/jj-keller/pimcore/lib/Pimcore/Tool.php at line 650
2017-07-17T15:55:41+0200 : Document_Tag_Headmeta used in /var/www/html/jj-keller/pimcore/lib/Pimcore/Tool.php at line 650
2017-07-17T15:55:41+0200 : Document_Tag_Doctype used in /var/www/html/jj-keller/pimcore/lib/Pimcore/Tool.php at line 650
2017-07-17T15:55:41+0200 : Document_Tag_Headlink used in /var/www/html/jj-keller/pimcore/lib/Pimcore/Tool.php at line 650
2017-07-17T15:55:41+0200 : Document_Tag_Headscript used in /var/www/html/jj-keller/pimcore/lib/Pimcore/Tool.php at line 650
2017-07-17T15:55:41+0200 : Document_Tag_Translate used in /var/www/html/jj-keller/pimcore/lib/Pimcore/Tool.php at line 650
2017-07-17T15:55:41+0200 : Document_Tag_Layout used in /var/www/html/jj-keller/pimcore/lib/Pimcore/Tool.php at line 650
2017-07-17T15:55:41+0200 : Document_Tag_Inlinescript used in /var/www/html/jj-keller/pimcore/lib/Pimcore/Tool.php at line 650
2017-07-17T15:55:51+0200 : Document_Tag_Translateadmin used in /var/www/html/jj-keller/pimcore/lib/Pimcore/Tool.php at line 650
2017-07-17T15:55:51+0200 : Document_Tag_Headtitle used in /var/www/html/jj-keller/pimcore/lib/Pimcore/Tool.php at line 650
2017-07-17T15:55:51+0200 : Document_Tag_Headmeta used in /var/www/html/jj-keller/pimcore/lib/Pimcore/Tool.php at line 650
2017-07-17T15:55:51+0200 : Document_Tag_Doctype used in /var/www/html/jj-keller/pimcore/lib/Pimcore/Tool.php at line 650
2017-07-17T15:55:51+0200 : Document_Tag_Headlink used in /var/www/html/jj-keller/pimcore/lib/Pimcore/Tool.php at line 650
2017-07-17T15:55:51+0200 : Document_Tag_Headscript used in /var/www/html/jj-keller/pimcore/lib/Pimcore/Tool.php at line 650
2017-07-17T15:55:51+0200 : Document_Tag_Action used in /var/www/html/jj-keller/pimcore/lib/Pimcore/Tool.php at line 650
2017-07-17T15:55:51+0200 : Document_Tag_Translate used in /var/www/html/jj-keller/pimcore/lib/Pimcore/Tool.php at line 650
2017-07-17T15:55:51+0200 : Document_Tag_Layout used in /var/www/html/jj-keller/pimcore/lib/Pimcore/Tool.php at line 650
2017-07-17T15:55:51+0200 : Document_Tag_Inlinescript used in /var/www/html/jj-keller/pimcore/lib/Pimcore/Tool.php at line 650
2017-07-17T15:56:06+0200 : Document_Tag_Action used in /var/www/html/jj-keller/pimcore/lib/Pimcore/Tool.php at line 650
2017-07-17T15:56:06+0200 : Document_Tag_Headtitle used in /var/www/html/jj-keller/pimcore/lib/Pimcore/Tool.php at line 650
2017-07-17T15:56:06+0200 : Document_Tag_Headmeta used in /var/www/html/jj-keller/pimcore/lib/Pimcore/Tool.php at line 650
2017-07-17T15:56:06+0200 : Document_Tag_Doctype used in /var/www/html/jj-keller/pimcore/lib/Pimcore/Tool.php at line 650
2017-07-17T15:56:06+0200 : Document_Tag_Headlink used in /var/www/html/jj-keller/pimcore/lib/Pimcore/Tool.php at line 650
2017-07-17T15:56:06+0200 : Document_Tag_Headscript used in /var/www/html/jj-keller/pimcore/lib/Pimcore/Tool.php at line 650
2017-07-17T15:56:06+0200 : Document_Tag_Translate used in /var/www/html/jj-keller/pimcore/lib/Pimcore/Tool.php at line 650
2017-07-17T15:56:06+0200 : Document_Tag_Layout used in /var/www/html/jj-keller/pimcore/lib/Pimcore/Tool.php at line 650
2017-07-17T15:56:06+0200 : Document_Tag_Inlinescript used in /var/www/html/jj-keller/pimcore/lib/Pimcore/Tool.php at line 650
2017-07-17T15:56:39+0200 : Document_Tag_Action used in /var/www/html/jj-keller/pimcore/lib/Pimcore/Tool.php at line 650
2017-07-17T15:56:39+0200 : Document_Tag_Headtitle used in /var/www/html/jj-keller/pimcore/lib/Pimcore/Tool.php at line 650
2017-07-17T15:56:39+0200 : Document_Tag_Headmeta used in /var/www/html/jj-keller/pimcore/lib/Pimcore/Tool.php at line 650
2017-07-17T15:56:39+0200 : Document_Tag_Doctype used in /var/www/html/jj-keller/pimcore/lib/Pimcore/Tool.php at line 650
2017-07-17T15:56:39+0200 : Document_Tag_Headlink used in /var/www/html/jj-keller/pimcore/lib/Pimcore/Tool.php at line 650
2017-07-17T15:56:39+0200 : Document_Tag_Headscript used in /var/www/html/jj-keller/pimcore/lib/Pimcore/Tool.php at line 650
2017-07-17T15:56:39+0200 : Document_Tag_Translate used in /var/www/html/jj-keller/pimcore/lib/Pimcore/Tool.php at line 650
2017-07-17T15:56:39+0200 : Document_Tag_Layout used in /var/www/html/jj-keller/pimcore/lib/Pimcore/Tool.php at line 650
2017-07-17T15:56:39+0200 : Document_Tag_Inlinescript used in /var/www/html/jj-keller/pimcore/lib/Pimcore/Tool.php at line 650
2017-07-17T15:57:17+0200 : Document_Tag_Action used in /var/www/html/jj-keller/pimcore/lib/Pimcore/Tool.php at line 650
2017-07-17T15:57:17+0200 : Document_Tag_Translate used in /var/www/html/jj-keller/pimcore/lib/Pimcore/Tool.php at line 650
2017-07-17T15:57:17+0200 : Document_Tag_Headtitle used in /var/www/html/jj-keller/pimcore/lib/Pimcore/Tool.php at line 650
2017-07-17T15:57:17+0200 : Document_Tag_Headmeta used in /var/www/html/jj-keller/pimcore/lib/Pimcore/Tool.php at line 650
2017-07-17T15:57:17+0200 : Document_Tag_Doctype used in /var/www/html/jj-keller/pimcore/lib/Pimcore/Tool.php at line 650
2017-07-17T15:57:17+0200 : Document_Tag_Headlink used in /var/www/html/jj-keller/pimcore/lib/Pimcore/Tool.php at line 650
2017-07-17T15:57:17+0200 : Document_Tag_Headscript used in /var/www/html/jj-keller/pimcore/lib/Pimcore/Tool.php at line 650
2017-07-17T15:57:17+0200 : Document_Tag_Layout used in /var/www/html/jj-keller/pimcore/lib/Pimcore/Tool.php at line 650
2017-07-17T15:57:17+0200 : Document_Tag_Inlinescript used in /var/www/html/jj-keller/pimcore/lib/Pimcore/Tool.php at line 650
2017-07-17T15:57:19+0200 : Document_Tag_Translate used in /var/www/html/jj-keller/pimcore/lib/Pimcore/Tool.php at line 650
2017-07-17T15:57:19+0200 : Document_Tag_Action used in /var/www/html/jj-keller/pimcore/lib/Pimcore/Tool.php at line 650
2017-07-17T15:57:19+0200 : Document_Tag_Headtitle used in /var/www/html/jj-keller/pimcore/lib/Pimcore/Tool.php at line 650
2017-07-17T15:57:19+0200 : Document_Tag_Headmeta used in /var/www/html/jj-keller/pimcore/lib/Pimcore/Tool.php at line 650
2017-07-17T15:57:19+0200 : Document_Tag_Doctype used in /var/www/html/jj-keller/pimcore/lib/Pimcore/Tool.php at line 650
2017-07-17T15:57:19+0200 : Document_Tag_Headlink used in /var/www/html/jj-keller/pimcore/lib/Pimcore/Tool.php at line 650
2017-07-17T15:57:19+0200 : Document_Tag_Headscript used in /var/www/html/jj-keller/pimcore/lib/Pimcore/Tool.php at line 650
2017-07-17T15:57:19+0200 : Document_Tag_Layout used in /var/www/html/jj-keller/pimcore/lib/Pimcore/Tool.php at line 650
2017-07-17T15:57:19+0200 : Document_Tag_Inlinescript used in /var/www/html/jj-keller/pimcore/lib/Pimcore/Tool.php at line 650
2017-07-20T06:59:21+0200 : Document_Tag_Action used in /var/www/html/jj-keller/pimcore/lib/Pimcore/Tool.php at line 650
2017-07-20T06:59:21+0200 : Document_Tag_Translate used in /var/www/html/jj-keller/pimcore/lib/Pimcore/Tool.php at line 650
2017-07-20T06:59:21+0200 : Document_Tag_Headtitle used in /var/www/html/jj-keller/pimcore/lib/Pimcore/Tool.php at line 650
2017-07-20T06:59:21+0200 : Document_Tag_Headmeta used in /var/www/html/jj-keller/pimcore/lib/Pimcore/Tool.php at line 650
2017-07-20T06:59:21+0200 : Document_Tag_Doctype used in /var/www/html/jj-keller/pimcore/lib/Pimcore/Tool.php at line 650
2017-07-20T06:59:21+0200 : Document_Tag_Headlink used in /var/www/html/jj-keller/pimcore/lib/Pimcore/Tool.php at line 650
2017-07-20T06:59:21+0200 : Document_Tag_Headscript used in /var/www/html/jj-keller/pimcore/lib/Pimcore/Tool.php at line 650
2017-07-20T06:59:21+0200 : Document_Tag_Layout used in /var/www/html/jj-keller/pimcore/lib/Pimcore/Tool.php at line 650
2017-07-20T06:59:22+0200 : Document_Tag_Inlinescript used in /var/www/html/jj-keller/pimcore/lib/Pimcore/Tool.php at line 650
2017-07-20T06:59:27+0200 : Document_Tag_Translate used in /var/www/html/jj-keller/pimcore/lib/Pimcore/Tool.php at line 650
2017-07-20T06:59:37+0200 : Document_Tag_Translate used in /var/www/html/jj-keller/pimcore/lib/Pimcore/Tool.php at line 650
2017-07-20T06:59:45+0200 : Document_Tag_Translate used in /var/www/html/jj-keller/pimcore/lib/Pimcore/Tool.php at line 650
2017-07-20T07:00:39+0200 : Document_Tag_Translate used in /var/www/html/jj-keller/pimcore/lib/Pimcore/Tool.php at line 650
2017-07-20T08:46:37+0200 : Document_Tag_Translateadmin used in /var/www/html/jj-keller/pimcore/lib/Pimcore/Tool.php at line 650
2017-07-20T08:46:37+0200 : Document_Tag_Headtitle used in /var/www/html/jj-keller/pimcore/lib/Pimcore/Tool.php at line 650
2017-07-20T08:46:37+0200 : Document_Tag_Headmeta used in /var/www/html/jj-keller/pimcore/lib/Pimcore/Tool.php at line 650
2017-07-20T08:46:37+0200 : Document_Tag_Doctype used in /var/www/html/jj-keller/pimcore/lib/Pimcore/Tool.php at line 650
2017-07-20T08:46:37+0200 : Document_Tag_Headlink used in /var/www/html/jj-keller/pimcore/lib/Pimcore/Tool.php at line 650
2017-07-20T08:46:37+0200 : Document_Tag_Headscript used in /var/www/html/jj-keller/pimcore/lib/Pimcore/Tool.php at line 650
2017-07-20T08:46:37+0200 : Document_Tag_Action used in /var/www/html/jj-keller/pimcore/lib/Pimcore/Tool.php at line 650
2017-07-20T08:46:37+0200 : Document_Tag_Translate used in /var/www/html/jj-keller/pimcore/lib/Pimcore/Tool.php at line 650
2017-07-20T08:46:37+0200 : Document_Tag_Layout used in /var/www/html/jj-keller/pimcore/lib/Pimcore/Tool.php at line 650
2017-07-20T08:46:37+0200 : Document_Tag_Inlinescript used in /var/www/html/jj-keller/pimcore/lib/Pimcore/Tool.php at line 650
2017-07-20T08:50:09+0200 : Document_Tag_Translate used in /var/www/html/jj-keller/pimcore/lib/Pimcore/Tool.php at line 650
2017-07-20T08:50:09+0200 : Document_Tag_Translateadmin used in /var/www/html/jj-keller/pimcore/lib/Pimcore/Tool.php at line 650
2017-07-20T08:50:09+0200 : Document_Tag_Headtitle used in /var/www/html/jj-keller/pimcore/lib/Pimcore/Tool.php at line 650
2017-07-20T08:50:09+0200 : Document_Tag_Headmeta used in /var/www/html/jj-keller/pimcore/lib/Pimcore/Tool.php at line 650
2017-07-20T08:50:09+0200 : Document_Tag_Doctype used in /var/www/html/jj-keller/pimcore/lib/Pimcore/Tool.php at line 650
2017-07-20T08:50:09+0200 : Document_Tag_Headlink used in /var/www/html/jj-keller/pimcore/lib/Pimcore/Tool.php at line 650
2017-07-20T08:50:09+0200 : Document_Tag_Headscript used in /var/www/html/jj-keller/pimcore/lib/Pimcore/Tool.php at line 650
2017-07-20T08:50:09+0200 : Document_Tag_Action used in /var/www/html/jj-keller/pimcore/lib/Pimcore/Tool.php at line 650
2017-07-20T08:50:09+0200 : Document_Tag_Layout used in /var/www/html/jj-keller/pimcore/lib/Pimcore/Tool.php at line 650
2017-07-20T08:50:09+0200 : Document_Tag_Inlinescript used in /var/www/html/jj-keller/pimcore/lib/Pimcore/Tool.php at line 650
2017-07-20T08:50:13+0200 : Document_Tag_Translate used in /var/www/html/jj-keller/pimcore/lib/Pimcore/Tool.php at line 650
2017-07-20T08:50:13+0200 : Document_Tag_Action used in /var/www/html/jj-keller/pimcore/lib/Pimcore/Tool.php at line 650
2017-07-20T08:50:13+0200 : Document_Tag_Headtitle used in /var/www/html/jj-keller/pimcore/lib/Pimcore/Tool.php at line 650
2017-07-20T08:50:13+0200 : Document_Tag_Headmeta used in /var/www/html/jj-keller/pimcore/lib/Pimcore/Tool.php at line 650
2017-07-20T08:50:13+0200 : Document_Tag_Doctype used in /var/www/html/jj-keller/pimcore/lib/Pimcore/Tool.php at line 650
2017-07-20T08:50:13+0200 : Document_Tag_Headlink used in /var/www/html/jj-keller/pimcore/lib/Pimcore/Tool.php at line 650
2017-07-20T08:50:13+0200 : Document_Tag_Headscript used in /var/www/html/jj-keller/pimcore/lib/Pimcore/Tool.php at line 650
2017-07-20T08:50:13+0200 : Document_Tag_Layout used in /var/www/html/jj-keller/pimcore/lib/Pimcore/Tool.php at line 650
2017-07-20T08:50:13+0200 : Document_Tag_Inlinescript used in /var/www/html/jj-keller/pimcore/lib/Pimcore/Tool.php at line 650
2017-07-20T10:25:59+0200 : Document_Tag_Action used in /var/www/html/jj-keller/pimcore/lib/Pimcore/Tool.php at line 650
2017-07-20T10:25:59+0200 : Document_Tag_Translate used in /var/www/html/jj-keller/pimcore/lib/Pimcore/Tool.php at line 650
2017-07-20T10:25:59+0200 : Document_Tag_Headtitle used in /var/www/html/jj-keller/pimcore/lib/Pimcore/Tool.php at line 650
2017-07-20T10:25:59+0200 : Document_Tag_Headmeta used in /var/www/html/jj-keller/pimcore/lib/Pimcore/Tool.php at line 650
2017-07-20T10:25:59+0200 : Document_Tag_Doctype used in /var/www/html/jj-keller/pimcore/lib/Pimcore/Tool.php at line 650
2017-07-20T10:25:59+0200 : Document_Tag_Headlink used in /var/www/html/jj-keller/pimcore/lib/Pimcore/Tool.php at line 650
2017-07-20T10:25:59+0200 : Document_Tag_Headscript used in /var/www/html/jj-keller/pimcore/lib/Pimcore/Tool.php at line 650
2017-07-20T10:25:59+0200 : Document_Tag_Layout used in /var/www/html/jj-keller/pimcore/lib/Pimcore/Tool.php at line 650
2017-07-20T10:25:59+0200 : Document_Tag_Inlinescript used in /var/www/html/jj-keller/pimcore/lib/Pimcore/Tool.php at line 650
2017-07-20T11:35:22+0200 : Document_Tag_Translate used in /var/www/html/jj-keller/pimcore/lib/Pimcore/Tool.php at line 650
2017-07-20T11:35:22+0200 : Document_Tag_Action used in /var/www/html/jj-keller/pimcore/lib/Pimcore/Tool.php at line 650
2017-07-20T11:35:22+0200 : Document_Tag_Headtitle used in /var/www/html/jj-keller/pimcore/lib/Pimcore/Tool.php at line 650
2017-07-20T11:35:22+0200 : Document_Tag_Headmeta used in /var/www/html/jj-keller/pimcore/lib/Pimcore/Tool.php at line 650
2017-07-20T11:35:22+0200 : Document_Tag_Doctype used in /var/www/html/jj-keller/pimcore/lib/Pimcore/Tool.php at line 650
2017-07-20T11:35:22+0200 : Document_Tag_Headlink used in /var/www/html/jj-keller/pimcore/lib/Pimcore/Tool.php at line 650
2017-07-20T11:35:22+0200 : Document_Tag_Headscript used in /var/www/html/jj-keller/pimcore/lib/Pimcore/Tool.php at line 650
2017-07-20T11:35:22+0200 : Document_Tag_Layout used in /var/www/html/jj-keller/pimcore/lib/Pimcore/Tool.php at line 650
2017-07-20T11:35:22+0200 : Document_Tag_Inlinescript used in /var/www/html/jj-keller/pimcore/lib/Pimcore/Tool.php at line 650
2017-07-21T06:59:17+0200 : Document_Tag_Action used in /var/www/html/jj-keller/pimcore/lib/Pimcore/Tool.php at line 650
2017-07-21T06:59:17+0200 : Document_Tag_Translate used in /var/www/html/jj-keller/pimcore/lib/Pimcore/Tool.php at line 650
2017-07-21T06:59:17+0200 : Document_Tag_Headtitle used in /var/www/html/jj-keller/pimcore/lib/Pimcore/Tool.php at line 650
2017-07-21T06:59:17+0200 : Document_Tag_Headmeta used in /var/www/html/jj-keller/pimcore/lib/Pimcore/Tool.php at line 650
2017-07-21T06:59:17+0200 : Document_Tag_Doctype used in /var/www/html/jj-keller/pimcore/lib/Pimcore/Tool.php at line 650
2017-07-21T06:59:17+0200 : Document_Tag_Headlink used in /var/www/html/jj-keller/pimcore/lib/Pimcore/Tool.php at line 650
2017-07-21T06:59:17+0200 : Document_Tag_Headscript used in /var/www/html/jj-keller/pimcore/lib/Pimcore/Tool.php at line 650
2017-07-21T06:59:17+0200 : Document_Tag_Layout used in /var/www/html/jj-keller/pimcore/lib/Pimcore/Tool.php at line 650
2017-07-21T06:59:17+0200 : Document_Tag_Inlinescript used in /var/www/html/jj-keller/pimcore/lib/Pimcore/Tool.php at line 650
2017-07-21T06:59:25+0200 : Document_Tag_Translate used in /var/www/html/jj-keller/pimcore/lib/Pimcore/Tool.php at line 650
2017-07-21T06:59:31+0200 : Document_Tag_Translate used in /var/www/html/jj-keller/pimcore/lib/Pimcore/Tool.php at line 650
2017-07-21T06:59:34+0200 : Document_Tag_Translate used in /var/www/html/jj-keller/pimcore/lib/Pimcore/Tool.php at line 650
2017-07-24T07:49:17+0200 : Document_Tag_Translate used in /var/www/html/jj-keller/pimcore/lib/Pimcore/Tool.php at line 650
2017-07-24T07:49:25+0200 : Document_Tag_Translate used in /var/www/html/jj-keller/pimcore/lib/Pimcore/Tool.php at line 650
2017-07-24T07:49:28+0200 : Document_Tag_Translate used in /var/www/html/jj-keller/pimcore/lib/Pimcore/Tool.php at line 650
2017-07-24T09:24:12+0200 : Document_Tag_Action used in /var/www/html/jj-keller/pimcore/lib/Pimcore/Tool.php at line 650
2017-07-24T09:24:12+0200 : Document_Tag_Translate used in /var/www/html/jj-keller/pimcore/lib/Pimcore/Tool.php at line 650
2017-07-24T09:24:12+0200 : Document_Tag_Headtitle used in /var/www/html/jj-keller/pimcore/lib/Pimcore/Tool.php at line 650
2017-07-24T09:24:12+0200 : Document_Tag_Headmeta used in /var/www/html/jj-keller/pimcore/lib/Pimcore/Tool.php at line 650
2017-07-24T09:24:12+0200 : Document_Tag_Doctype used in /var/www/html/jj-keller/pimcore/lib/Pimcore/Tool.php at line 650
2017-07-24T09:24:12+0200 : Document_Tag_Headlink used in /var/www/html/jj-keller/pimcore/lib/Pimcore/Tool.php at line 650
2017-07-24T09:24:12+0200 : Document_Tag_Headscript used in /var/www/html/jj-keller/pimcore/lib/Pimcore/Tool.php at line 650
2017-07-24T09:24:12+0200 : Document_Tag_Layout used in /var/www/html/jj-keller/pimcore/lib/Pimcore/Tool.php at line 650
2017-07-24T09:24:12+0200 : Document_Tag_Inlinescript used in /var/www/html/jj-keller/pimcore/lib/Pimcore/Tool.php at line 650
2017-07-25T06:56:05+0200 : Document_Tag_Translate used in /var/www/html/jj-keller/pimcore/lib/Pimcore/Tool.php at line 650
2017-07-25T06:56:10+0200 : Document_Tag_Translate used in /var/www/html/jj-keller/pimcore/lib/Pimcore/Tool.php at line 650
2017-07-25T06:56:13+0200 : Document_Tag_Translate used in /var/www/html/jj-keller/pimcore/lib/Pimcore/Tool.php at line 650
2017-08-11T06:42:23+0200 : Document_Tag_Action used in /var/www/html/jj-keller/pimcore/lib/Pimcore/Tool.php at line 650
2017-08-11T06:42:23+0200 : Document_Tag_Translate used in /var/www/html/jj-keller/pimcore/lib/Pimcore/Tool.php at line 650
2017-08-11T06:42:23+0200 : Document_Tag_Headtitle used in /var/www/html/jj-keller/pimcore/lib/Pimcore/Tool.php at line 650
2017-08-11T06:42:23+0200 : Document_Tag_Headmeta used in /var/www/html/jj-keller/pimcore/lib/Pimcore/Tool.php at line 650
2017-08-11T06:42:23+0200 : Document_Tag_Doctype used in /var/www/html/jj-keller/pimcore/lib/Pimcore/Tool.php at line 650
2017-08-11T06:42:23+0200 : Document_Tag_Headlink used in /var/www/html/jj-keller/pimcore/lib/Pimcore/Tool.php at line 650
2017-08-11T06:42:23+0200 : Document_Tag_Headscript used in /var/www/html/jj-keller/pimcore/lib/Pimcore/Tool.php at line 650
2017-08-11T06:42:24+0200 : Document_Tag_Layout used in /var/www/html/jj-keller/pimcore/lib/Pimcore/Tool.php at line 650
2017-08-11T06:42:24+0200 : Document_Tag_Inlinescript used in /var/www/html/jj-keller/pimcore/lib/Pimcore/Tool.php at line 650
2017-08-23T07:39:40+0200 : Document_Tag_Action used in /var/www/html/jj-keller/pimcore/lib/Pimcore/Tool.php at line 650
2017-08-23T07:39:40+0200 : Document_Tag_Translate used in /var/www/html/jj-keller/pimcore/lib/Pimcore/Tool.php at line 650
2017-08-23T07:39:40+0200 : Document_Tag_Headtitle used in /var/www/html/jj-keller/pimcore/lib/Pimcore/Tool.php at line 650
2017-08-23T07:39:40+0200 : Document_Tag_Headmeta used in /var/www/html/jj-keller/pimcore/lib/Pimcore/Tool.php at line 650
2017-08-23T07:39:40+0200 : Document_Tag_Doctype used in /var/www/html/jj-keller/pimcore/lib/Pimcore/Tool.php at line 650
2017-08-23T07:39:40+0200 : Document_Tag_Headlink used in /var/www/html/jj-keller/pimcore/lib/Pimcore/Tool.php at line 650
2017-08-23T07:39:40+0200 : Document_Tag_Headscript used in /var/www/html/jj-keller/pimcore/lib/Pimcore/Tool.php at line 650
2017-08-23T07:39:41+0200 : Document_Tag_Layout used in /var/www/html/jj-keller/pimcore/lib/Pimcore/Tool.php at line 650
2017-08-23T07:39:41+0200 : Document_Tag_Inlinescript used in /var/www/html/jj-keller/pimcore/lib/Pimcore/Tool.php at line 650
2017-08-23T07:39:43+0200 : Document_Tag_Translate used in /var/www/html/jj-keller/pimcore/lib/Pimcore/Tool.php at line 650
2017-08-23T07:39:50+0200 : Document_Tag_Translate used in /var/www/html/jj-keller/pimcore/lib/Pimcore/Tool.php at line 650
2017-08-23T07:41:03+0200 : Document_Tag_Translate used in /var/www/html/jj-keller/pimcore/lib/Pimcore/Tool.php at line 650
2017-08-23T08:01:13+0200 : Document_Tag_Translate used in /var/www/html/jj-keller/pimcore/lib/Pimcore/Tool.php at line 650
2017-08-23T08:01:13+0200 : Document_Tag_Headtitle used in /var/www/html/jj-keller/pimcore/lib/Pimcore/Tool.php at line 650
2017-08-23T08:01:13+0200 : Document_Tag_Headmeta used in /var/www/html/jj-keller/pimcore/lib/Pimcore/Tool.php at line 650
2017-08-23T08:01:13+0200 : Document_Tag_Doctype used in /var/www/html/jj-keller/pimcore/lib/Pimcore/Tool.php at line 650
2017-08-23T08:01:13+0200 : Document_Tag_Headlink used in /var/www/html/jj-keller/pimcore/lib/Pimcore/Tool.php at line 650
2017-08-23T08:01:13+0200 : Document_Tag_Headscript used in /var/www/html/jj-keller/pimcore/lib/Pimcore/Tool.php at line 650
2017-08-23T08:01:13+0200 : Document_Tag_Action used in /var/www/html/jj-keller/pimcore/lib/Pimcore/Tool.php at line 650
2017-08-23T08:01:13+0200 : Document_Tag_Layout used in /var/www/html/jj-keller/pimcore/lib/Pimcore/Tool.php at line 650
2017-08-23T08:01:13+0200 : Document_Tag_Inlinescript used in /var/www/html/jj-keller/pimcore/lib/Pimcore/Tool.php at line 650
2017-08-25T07:17:24+0200 : Document_Tag_Action used in /var/www/html/jj-keller/pimcore/lib/Pimcore/Tool.php at line 650
2017-08-25T07:17:24+0200 : Document_Tag_Translate used in /var/www/html/jj-keller/pimcore/lib/Pimcore/Tool.php at line 650
2017-08-25T07:17:24+0200 : Document_Tag_Headtitle used in /var/www/html/jj-keller/pimcore/lib/Pimcore/Tool.php at line 650
2017-08-25T07:17:24+0200 : Document_Tag_Headmeta used in /var/www/html/jj-keller/pimcore/lib/Pimcore/Tool.php at line 650
2017-08-25T07:17:24+0200 : Document_Tag_Doctype used in /var/www/html/jj-keller/pimcore/lib/Pimcore/Tool.php at line 650
2017-08-25T07:17:24+0200 : Document_Tag_Headlink used in /var/www/html/jj-keller/pimcore/lib/Pimcore/Tool.php at line 650
2017-08-25T07:17:24+0200 : Document_Tag_Headscript used in /var/www/html/jj-keller/pimcore/lib/Pimcore/Tool.php at line 650
2017-08-25T07:17:24+0200 : Document_Tag_Layout used in /var/www/html/jj-keller/pimcore/lib/Pimcore/Tool.php at line 650
2017-08-25T07:17:25+0200 : Document_Tag_Inlinescript used in /var/www/html/jj-keller/pimcore/lib/Pimcore/Tool.php at line 650
2017-08-25T08:30:12+0200 : Document_Tag_Action used in /var/www/html/jj-keller/pimcore/lib/Pimcore/Tool.php at line 650
2017-08-25T08:30:12+0200 : Document_Tag_Translate used in /var/www/html/jj-keller/pimcore/lib/Pimcore/Tool.php at line 650
2017-08-25T08:30:12+0200 : Document_Tag_Headtitle used in /var/www/html/jj-keller/pimcore/lib/Pimcore/Tool.php at line 650
2017-08-25T08:30:12+0200 : Document_Tag_Headmeta used in /var/www/html/jj-keller/pimcore/lib/Pimcore/Tool.php at line 650
2017-08-25T08:30:12+0200 : Document_Tag_Doctype used in /var/www/html/jj-keller/pimcore/lib/Pimcore/Tool.php at line 650
2017-08-25T08:30:12+0200 : Document_Tag_Headlink used in /var/www/html/jj-keller/pimcore/lib/Pimcore/Tool.php at line 650
2017-08-25T08:30:12+0200 : Document_Tag_Headscript used in /var/www/html/jj-keller/pimcore/lib/Pimcore/Tool.php at line 650
2017-08-25T08:30:12+0200 : Document_Tag_Layout used in /var/www/html/jj-keller/pimcore/lib/Pimcore/Tool.php at line 650
2017-08-25T08:30:12+0200 : Document_Tag_Inlinescript used in /var/www/html/jj-keller/pimcore/lib/Pimcore/Tool.php at line 650
2017-08-28T08:05:24+0200 : Document_Tag_Action used in /var/www/html/jj-keller/pimcore/lib/Pimcore/Tool.php at line 650
2017-08-28T08:05:24+0200 : Document_Tag_Translate used in /var/www/html/jj-keller/pimcore/lib/Pimcore/Tool.php at line 650
2017-08-28T08:05:24+0200 : Document_Tag_Headtitle used in /var/www/html/jj-keller/pimcore/lib/Pimcore/Tool.php at line 650
2017-08-28T08:05:24+0200 : Document_Tag_Headmeta used in /var/www/html/jj-keller/pimcore/lib/Pimcore/Tool.php at line 650
2017-08-28T08:05:24+0200 : Document_Tag_Doctype used in /var/www/html/jj-keller/pimcore/lib/Pimcore/Tool.php at line 650
2017-08-28T08:05:24+0200 : Document_Tag_Headlink used in /var/www/html/jj-keller/pimcore/lib/Pimcore/Tool.php at line 650
2017-08-28T08:05:24+0200 : Document_Tag_Headscript used in /var/www/html/jj-keller/pimcore/lib/Pimcore/Tool.php at line 650
2017-08-28T08:05:25+0200 : Document_Tag_Layout used in /var/www/html/jj-keller/pimcore/lib/Pimcore/Tool.php at line 650
2017-08-28T08:05:25+0200 : Document_Tag_Inlinescript used in /var/www/html/jj-keller/pimcore/lib/Pimcore/Tool.php at line 650
2017-08-28T11:11:35+0200 : Document_Tag_Action used in /var/www/html/jj-keller/pimcore/lib/Pimcore/Tool.php at line 650
2017-08-28T11:11:35+0200 : Document_Tag_Translate used in /var/www/html/jj-keller/pimcore/lib/Pimcore/Tool.php at line 650
2017-08-28T11:11:35+0200 : Document_Tag_Headtitle used in /var/www/html/jj-keller/pimcore/lib/Pimcore/Tool.php at line 650
2017-08-28T11:11:35+0200 : Document_Tag_Headmeta used in /var/www/html/jj-keller/pimcore/lib/Pimcore/Tool.php at line 650
2017-08-28T11:11:35+0200 : Document_Tag_Doctype used in /var/www/html/jj-keller/pimcore/lib/Pimcore/Tool.php at line 650
2017-08-28T11:11:35+0200 : Document_Tag_Headlink used in /var/www/html/jj-keller/pimcore/lib/Pimcore/Tool.php at line 650
2017-08-28T11:11:35+0200 : Document_Tag_Headscript used in /var/www/html/jj-keller/pimcore/lib/Pimcore/Tool.php at line 650
2017-08-28T11:11:35+0200 : Document_Tag_Layout used in /var/www/html/jj-keller/pimcore/lib/Pimcore/Tool.php at line 650
2017-08-28T11:11:35+0200 : Document_Tag_Inlinescript used in /var/www/html/jj-keller/pimcore/lib/Pimcore/Tool.php at line 650
2017-08-28T11:11:40+0200 : Document_Tag_Action used in /var/www/html/jj-keller/pimcore/lib/Pimcore/Tool.php at line 650
2017-08-28T11:11:40+0200 : Document_Tag_Translate used in /var/www/html/jj-keller/pimcore/lib/Pimcore/Tool.php at line 650
2017-08-28T11:11:40+0200 : Document_Tag_Headtitle used in /var/www/html/jj-keller/pimcore/lib/Pimcore/Tool.php at line 650
2017-08-28T11:11:40+0200 : Document_Tag_Headmeta used in /var/www/html/jj-keller/pimcore/lib/Pimcore/Tool.php at line 650
2017-08-28T11:11:40+0200 : Document_Tag_Doctype used in /var/www/html/jj-keller/pimcore/lib/Pimcore/Tool.php at line 650
2017-08-28T11:11:40+0200 : Document_Tag_Headlink used in /var/www/html/jj-keller/pimcore/lib/Pimcore/Tool.php at line 650
2017-08-28T11:11:40+0200 : Document_Tag_Headscript used in /var/www/html/jj-keller/pimcore/lib/Pimcore/Tool.php at line 650
2017-08-28T11:11:40+0200 : Document_Tag_Layout used in /var/www/html/jj-keller/pimcore/lib/Pimcore/Tool.php at line 650
2017-08-28T11:11:40+0200 : Document_Tag_Inlinescript used in /var/www/html/jj-keller/pimcore/lib/Pimcore/Tool.php at line 650
2017-08-28T11:11:50+0200 : Document_Tag_Action used in /var/www/html/jj-keller/pimcore/lib/Pimcore/Tool.php at line 650
2017-08-28T11:11:50+0200 : Document_Tag_Translate used in /var/www/html/jj-keller/pimcore/lib/Pimcore/Tool.php at line 650
2017-08-28T11:11:50+0200 : Document_Tag_Headtitle used in /var/www/html/jj-keller/pimcore/lib/Pimcore/Tool.php at line 650
2017-08-28T11:11:50+0200 : Document_Tag_Headmeta used in /var/www/html/jj-keller/pimcore/lib/Pimcore/Tool.php at line 650
2017-08-28T11:11:50+0200 : Document_Tag_Doctype used in /var/www/html/jj-keller/pimcore/lib/Pimcore/Tool.php at line 650
2017-08-28T11:11:50+0200 : Document_Tag_Headlink used in /var/www/html/jj-keller/pimcore/lib/Pimcore/Tool.php at line 650
2017-08-28T11:11:50+0200 : Document_Tag_Headscript used in /var/www/html/jj-keller/pimcore/lib/Pimcore/Tool.php at line 650
2017-08-28T11:11:50+0200 : Document_Tag_Layout used in /var/www/html/jj-keller/pimcore/lib/Pimcore/Tool.php at line 650
2017-08-28T11:11:51+0200 : Document_Tag_Inlinescript used in /var/www/html/jj-keller/pimcore/lib/Pimcore/Tool.php at line 650
2017-08-28T11:11:57+0200 : Document_Tag_Translate used in /var/www/html/jj-keller/pimcore/lib/Pimcore/Tool.php at line 650
2017-08-28T11:12:04+0200 : Document_Tag_Translate used in /var/www/html/jj-keller/pimcore/lib/Pimcore/Tool.php at line 650
2017-08-28T11:12:08+0200 : Document_Tag_Translate used in /var/www/html/jj-keller/pimcore/lib/Pimcore/Tool.php at line 650
2017-08-28T11:12:40+0200 : Document_Tag_Translate used in /var/www/html/jj-keller/pimcore/lib/Pimcore/Tool.php at line 650
2017-10-04T08:46:59+0200 : Document_Tag_Action used in /var/www/html/jj-keller/pimcore/lib/Pimcore/Tool.php at line 650
2017-10-04T08:46:59+0200 : Document_Tag_Translate used in /var/www/html/jj-keller/pimcore/lib/Pimcore/Tool.php at line 650
2017-10-04T08:46:59+0200 : Document_Tag_Headtitle used in /var/www/html/jj-keller/pimcore/lib/Pimcore/Tool.php at line 650
2017-10-04T08:46:59+0200 : Document_Tag_Headmeta used in /var/www/html/jj-keller/pimcore/lib/Pimcore/Tool.php at line 650
2017-10-04T08:46:59+0200 : Document_Tag_Doctype used in /var/www/html/jj-keller/pimcore/lib/Pimcore/Tool.php at line 650
2017-10-04T08:46:59+0200 : Document_Tag_Headlink used in /var/www/html/jj-keller/pimcore/lib/Pimcore/Tool.php at line 650
2017-10-04T08:46:59+0200 : Document_Tag_Headscript used in /var/www/html/jj-keller/pimcore/lib/Pimcore/Tool.php at line 650
2017-10-04T08:46:59+0200 : Document_Tag_Layout used in /var/www/html/jj-keller/pimcore/lib/Pimcore/Tool.php at line 650
2017-10-04T08:46:59+0200 : Document_Tag_Inlinescript used in /var/www/html/jj-keller/pimcore/lib/Pimcore/Tool.php at line 650
2017-10-04T08:47:02+0200 : Document_Tag_Translate used in /var/www/html/jj-keller/pimcore/lib/Pimcore/Tool.php at line 650
2017-10-04T08:47:06+0200 : Document_Tag_Translate used in /var/www/html/jj-keller/pimcore/lib/Pimcore/Tool.php at line 650
2017-10-04T08:47:58+0200 : Document_Tag_Translate used in /var/www/html/jj-keller/pimcore/lib/Pimcore/Tool.php at line 650
2017-10-04T08:47:59+0200 : Document_Tag_Translate used in /var/www/html/jj-keller/pimcore/lib/Pimcore/Tool.php at line 650
2017-10-04T08:47:59+0200 : Document_Tag_Translate used in /var/www/html/jj-keller/pimcore/lib/Pimcore/Tool.php at line 650
2017-10-04T08:48:00+0200 : Document_Tag_Translate used in /var/www/html/jj-keller/pimcore/lib/Pimcore/Tool.php at line 650
2017-11-08T07:50:46+0100 : Document_Tag_Action used in /var/www/html/jj-keller/pimcore/lib/Pimcore/Tool.php at line 650
2017-11-08T07:50:47+0100 : Document_Tag_Translate used in /var/www/html/jj-keller/pimcore/lib/Pimcore/Tool.php at line 650
2017-11-08T07:50:47+0100 : Document_Tag_Headtitle used in /var/www/html/jj-keller/pimcore/lib/Pimcore/Tool.php at line 650
2017-11-08T07:50:47+0100 : Document_Tag_Headmeta used in /var/www/html/jj-keller/pimcore/lib/Pimcore/Tool.php at line 650
2017-11-08T07:50:47+0100 : Document_Tag_Doctype used in /var/www/html/jj-keller/pimcore/lib/Pimcore/Tool.php at line 650
2017-11-08T07:50:47+0100 : Document_Tag_Headlink used in /var/www/html/jj-keller/pimcore/lib/Pimcore/Tool.php at line 650
2017-11-08T07:50:47+0100 : Document_Tag_Headscript used in /var/www/html/jj-keller/pimcore/lib/Pimcore/Tool.php at line 650
2017-11-08T07:50:48+0100 : Document_Tag_Layout used in /var/www/html/jj-keller/pimcore/lib/Pimcore/Tool.php at line 650
2017-11-08T07:50:48+0100 : Document_Tag_Inlinescript used in /var/www/html/jj-keller/pimcore/lib/Pimcore/Tool.php at line 650
2017-11-08T07:50:50+0100 : Document_Tag_Translate used in /var/www/html/jj-keller/pimcore/lib/Pimcore/Tool.php at line 650
2017-11-08T07:51:00+0100 : Document_Tag_Translate used in /var/www/html/jj-keller/pimcore/lib/Pimcore/Tool.php at line 650
2017-11-08T07:51:48+0100 : Document_Tag_Translate used in /var/www/html/jj-keller/pimcore/lib/Pimcore/Tool.php at line 650
2017-11-08T07:51:57+0100 : Document_Tag_Translate used in /var/www/html/jj-keller/pimcore/lib/Pimcore/Tool.php at line 650
2017-11-08T07:52:15+0100 : Document_Tag_Translate used in /var/www/html/jj-keller/pimcore/lib/Pimcore/Tool.php at line 650
2017-11-08T07:52:15+0100 : Document_Tag_Headtitle used in /var/www/html/jj-keller/pimcore/lib/Pimcore/Tool.php at line 650
2017-11-08T07:52:15+0100 : Document_Tag_Headmeta used in /var/www/html/jj-keller/pimcore/lib/Pimcore/Tool.php at line 650
2017-11-08T07:52:15+0100 : Document_Tag_Doctype used in /var/www/html/jj-keller/pimcore/lib/Pimcore/Tool.php at line 650
2017-11-08T07:52:15+0100 : Document_Tag_Headlink used in /var/www/html/jj-keller/pimcore/lib/Pimcore/Tool.php at line 650
2017-11-08T07:52:15+0100 : Document_Tag_Headscript used in /var/www/html/jj-keller/pimcore/lib/Pimcore/Tool.php at line 650
2017-11-08T07:52:15+0100 : Document_Tag_Action used in /var/www/html/jj-keller/pimcore/lib/Pimcore/Tool.php at line 650
2017-11-08T07:52:15+0100 : Document_Tag_Layout used in /var/www/html/jj-keller/pimcore/lib/Pimcore/Tool.php at line 650
2017-11-08T07:52:15+0100 : Document_Tag_Inlinescript used in /var/www/html/jj-keller/pimcore/lib/Pimcore/Tool.php at line 650
2017-11-08T08:02:00+0100 : Document_Tag_Translate used in /var/www/html/jj-keller/pimcore/lib/Pimcore/Tool.php at line 650
2017-11-08T08:02:03+0100 : Document_Tag_Translate used in /var/www/html/jj-keller/pimcore/lib/Pimcore/Tool.php at line 650
2017-11-08T08:02:07+0100 : Document_Tag_Translate used in /var/www/html/jj-keller/pimcore/lib/Pimcore/Tool.php at line 650
2017-11-08T08:02:07+0100 : Document_Tag_Headtitle used in /var/www/html/jj-keller/pimcore/lib/Pimcore/Tool.php at line 650
2017-11-08T08:02:07+0100 : Document_Tag_Headmeta used in /var/www/html/jj-keller/pimcore/lib/Pimcore/Tool.php at line 650
2017-11-08T08:02:07+0100 : Document_Tag_Doctype used in /var/www/html/jj-keller/pimcore/lib/Pimcore/Tool.php at line 650
2017-11-08T08:02:07+0100 : Document_Tag_Headlink used in /var/www/html/jj-keller/pimcore/lib/Pimcore/Tool.php at line 650
2017-11-08T08:02:07+0100 : Document_Tag_Headscript used in /var/www/html/jj-keller/pimcore/lib/Pimcore/Tool.php at line 650
2017-11-08T08:02:07+0100 : Document_Tag_Action used in /var/www/html/jj-keller/pimcore/lib/Pimcore/Tool.php at line 650
2017-11-08T08:02:07+0100 : Document_Tag_Layout used in /var/www/html/jj-keller/pimcore/lib/Pimcore/Tool.php at line 650
2017-11-08T08:02:07+0100 : Document_Tag_Inlinescript used in /var/www/html/jj-keller/pimcore/lib/Pimcore/Tool.php at line 650
2017-11-09T10:06:03+0100 : Document_Tag_Translate used in /var/www/html/jj-keller/pimcore/lib/Pimcore/Tool.php at line 650
2017-11-09T10:06:09+0100 : Document_Tag_Translate used in /var/www/html/jj-keller/pimcore/lib/Pimcore/Tool.php at line 650
2017-11-09T10:06:11+0100 : Document_Tag_Translate used in /var/www/html/jj-keller/pimcore/lib/Pimcore/Tool.php at line 650
2017-11-09T10:06:17+0100 : Document_Tag_Headlink used in /var/www/html/jj-keller/pimcore/lib/Pimcore/Tool.php at line 650
2017-11-09T10:06:17+0100 : Document_Tag_Doctype used in /var/www/html/jj-keller/pimcore/lib/Pimcore/Tool.php at line 650
2017-11-09T10:06:17+0100 : Document_Tag_Translate used in /var/www/html/jj-keller/pimcore/lib/Pimcore/Tool.php at line 650
2017-11-09T10:07:49+0100 : Document_Tag_Translate used in /var/www/html/jj-keller/pimcore/lib/Pimcore/Tool.php at line 650
2017-11-09T10:07:49+0100 : Document_Tag_Translateadmin used in /var/www/html/jj-keller/pimcore/lib/Pimcore/Tool.php at line 650
2017-11-09T10:07:49+0100 : Document_Tag_Headtitle used in /var/www/html/jj-keller/pimcore/lib/Pimcore/Tool.php at line 650
2017-11-09T10:07:49+0100 : Document_Tag_Headmeta used in /var/www/html/jj-keller/pimcore/lib/Pimcore/Tool.php at line 650
2017-11-09T10:07:49+0100 : Document_Tag_Doctype used in /var/www/html/jj-keller/pimcore/lib/Pimcore/Tool.php at line 650
2017-11-09T10:07:49+0100 : Document_Tag_Headlink used in /var/www/html/jj-keller/pimcore/lib/Pimcore/Tool.php at line 650
2017-11-09T10:07:49+0100 : Document_Tag_Headscript used in /var/www/html/jj-keller/pimcore/lib/Pimcore/Tool.php at line 650
2017-11-09T10:07:49+0100 : Document_Tag_Action used in /var/www/html/jj-keller/pimcore/lib/Pimcore/Tool.php at line 650
2017-11-09T10:07:50+0100 : Document_Tag_Layout used in /var/www/html/jj-keller/pimcore/lib/Pimcore/Tool.php at line 650
2017-11-09T10:07:50+0100 : Document_Tag_Inlinescript used in /var/www/html/jj-keller/pimcore/lib/Pimcore/Tool.php at line 650
2017-11-09T10:08:55+0100 : Document_Tag_Translate used in /var/www/html/jj-keller/pimcore/lib/Pimcore/Tool.php at line 650
2017-11-09T10:08:55+0100 : Document_Tag_Headtitle used in /var/www/html/jj-keller/pimcore/lib/Pimcore/Tool.php at line 650
2017-11-09T10:08:55+0100 : Document_Tag_Headmeta used in /var/www/html/jj-keller/pimcore/lib/Pimcore/Tool.php at line 650
2017-11-09T10:08:55+0100 : Document_Tag_Doctype used in /var/www/html/jj-keller/pimcore/lib/Pimcore/Tool.php at line 650
2017-11-09T10:08:55+0100 : Document_Tag_Headlink used in /var/www/html/jj-keller/pimcore/lib/Pimcore/Tool.php at line 650
2017-11-09T10:08:55+0100 : Document_Tag_Headscript used in /var/www/html/jj-keller/pimcore/lib/Pimcore/Tool.php at line 650
2017-11-09T10:08:55+0100 : Document_Tag_Action used in /var/www/html/jj-keller/pimcore/lib/Pimcore/Tool.php at line 650
2017-11-09T10:08:55+0100 : Document_Tag_Layout used in /var/www/html/jj-keller/pimcore/lib/Pimcore/Tool.php at line 650
2017-11-09T10:08:55+0100 : Document_Tag_Inlinescript used in /var/www/html/jj-keller/pimcore/lib/Pimcore/Tool.php at line 650
2017-11-14T11:04:08+0100 : Document_Tag_Translate used in /var/www/html/jj-keller/pimcore/lib/Pimcore/Tool.php at line 650
2017-11-14T11:04:17+0100 : Document_Tag_Translate used in /var/www/html/jj-keller/pimcore/lib/Pimcore/Tool.php at line 650
2017-11-14T11:04:19+0100 : Document_Tag_Translate used in /var/www/html/jj-keller/pimcore/lib/Pimcore/Tool.php at line 650
2017-11-21T10:27:22+0100 : Document_Tag_Action used in /var/www/html/jj-keller/pimcore/lib/Pimcore/Tool.php at line 650
2017-11-21T10:27:22+0100 : Document_Tag_Translate used in /var/www/html/jj-keller/pimcore/lib/Pimcore/Tool.php at line 650
2017-11-21T10:27:22+0100 : Document_Tag_Headtitle used in /var/www/html/jj-keller/pimcore/lib/Pimcore/Tool.php at line 650
2017-11-21T10:27:22+0100 : Document_Tag_Headmeta used in /var/www/html/jj-keller/pimcore/lib/Pimcore/Tool.php at line 650
2017-11-21T10:27:22+0100 : Document_Tag_Doctype used in /var/www/html/jj-keller/pimcore/lib/Pimcore/Tool.php at line 650
2017-11-21T10:27:22+0100 : Document_Tag_Headlink used in /var/www/html/jj-keller/pimcore/lib/Pimcore/Tool.php at line 650
2017-11-21T10:27:22+0100 : Document_Tag_Headscript used in /var/www/html/jj-keller/pimcore/lib/Pimcore/Tool.php at line 650
2017-11-21T10:27:23+0100 : Document_Tag_Layout used in /var/www/html/jj-keller/pimcore/lib/Pimcore/Tool.php at line 650
2017-11-21T10:27:23+0100 : Document_Tag_Inlinescript used in /var/www/html/jj-keller/pimcore/lib/Pimcore/Tool.php at line 650
