AUTOCREATE
2017-05-04T09:09:01+0200 : Object\Contactus used in /var/www/html/jj-keller/website/controllers/HomeController.php at line 74
2017-05-04T09:09:01+0200 : Object used in /var/www/html/jj-keller/website/controllers/HomeController.php at line 75
2017-05-04T09:09:01+0200 : Object_Service used in /var/www/html/jj-keller/website/controllers/HomeController.php at line 127
2017-06-21T08:41:19+0200 : Object\Testimonial\Listing used in /var/www/html/jj-keller/website/controllers/ComplianceLibraryController.php at line 48
2017-07-14T07:35:05+0200 : Object\Product\Listing used in /var/www/html/jj-keller/website/controllers/MarketController.php at line 111
2017-07-14T07:35:16+0200 : Object\Category used in /var/www/html/jj-keller/website/controllers/MarketController.php at line 26
2017-07-14T07:35:16+0200 : Object\Product\Listing used in /var/www/html/jj-keller/website/controllers/MarketController.php at line 52
2017-07-14T07:35:20+0200 : Object\Product\Listing used in /var/www/html/jj-keller/website/controllers/ComplianceLibraryController.php at line 255
2017-07-14T07:35:20+0200 : Object\Market\Listing used in /var/www/html/jj-keller/website/lib/Website/Library.php at line 61
2017-07-14T07:35:26+0200 : Object\Product\Listing used in /var/www/html/jj-keller/website/controllers/MarketController.php at line 111
2017-07-14T07:35:27+0200 : Object\Product\Listing used in /var/www/html/jj-keller/website/controllers/MarketController.php at line 111
2017-07-14T07:35:29+0200 : Object\Product\Listing used in /var/www/html/jj-keller/website/controllers/PublicationSectionController.php at line 102
2017-07-14T07:35:29+0200 : Object\Market\Listing used in /var/www/html/jj-keller/website/controllers/PublicationSectionController.php at line 141
2017-07-14T07:35:34+0200 : Object\Product\Listing used in /var/www/html/jj-keller/website/controllers/MarketController.php at line 111
2017-07-14T07:35:37+0200 : Document_Tag_Area_Abstract used in /var/www/html/jj-keller/website/views/areas/headline/action.php at line 3
2017-07-14T07:35:39+0200 : Object\Product\Listing used in /var/www/html/jj-keller/website/controllers/MarketController.php at line 111
2017-07-14T07:35:41+0200 : Object\Product\Listing used in /var/www/html/jj-keller/website/controllers/MarketController.php at line 111
2017-07-14T07:35:47+0200 : Object\Product\Listing used in /var/www/html/jj-keller/website/controllers/MarketController.php at line 52
2017-07-14T07:35:47+0200 : Object\Category used in /var/www/html/jj-keller/website/controllers/MarketController.php at line 26
2017-07-17T15:52:48+0200 : Object\Product\Listing used in /var/www/html/jj-keller/website/controllers/MarketController.php at line 111
2017-07-17T15:52:50+0200 : Object\Product\Listing used in /var/www/html/jj-keller/website/controllers/MarketController.php at line 111
2017-07-17T15:52:51+0200 : Object\Product\Listing used in /var/www/html/jj-keller/website/controllers/MarketController.php at line 111
2017-07-17T15:52:52+0200 : Object\Product\Listing used in /var/www/html/jj-keller/website/controllers/PublicationSectionController.php at line 102
2017-07-17T15:52:52+0200 : Object\Market\Listing used in /var/www/html/jj-keller/website/controllers/PublicationSectionController.php at line 141
2017-07-17T15:54:41+0200 : Document_Tag_Area_Abstract used in /var/www/html/jj-keller/website/views/areas/wysiwyg-editor/action.php at line 3
2017-07-17T15:54:48+0200 : Document_Tag_Area_Abstract used in /var/www/html/jj-keller/website/views/areas/wysiwyg-editor/action.php at line 3
2017-07-17T15:55:51+0200 : Document_Tag_Area_Abstract used in /var/www/html/jj-keller/website/views/areas/wysiwyg-editor/action.php at line 3
2017-07-17T15:56:06+0200 : Document_Tag_Area_Abstract used in /var/www/html/jj-keller/website/views/areas/wysiwyg-editor/action.php at line 3
2017-07-17T15:56:39+0200 : Document_Tag_Area_Abstract used in /var/www/html/jj-keller/website/views/areas/wysiwyg-editor/action.php at line 3
2017-07-17T15:57:17+0200 : Object\Product\Listing used in /var/www/html/jj-keller/website/controllers/MarketController.php at line 111
2017-07-17T15:57:19+0200 : Object\Product\Listing used in /var/www/html/jj-keller/website/controllers/PublicationSectionController.php at line 102
2017-07-17T15:57:19+0200 : Object\Market\Listing used in /var/www/html/jj-keller/website/controllers/PublicationSectionController.php at line 141
2017-07-20T08:46:37+0200 : Document_Tag_Area_Abstract used in /var/www/html/jj-keller/website/views/areas/wysiwyg-editor/action.php at line 3
2017-07-20T08:50:09+0200 : Document_Tag_Area_Abstract used in /var/www/html/jj-keller/website/views/areas/wysiwyg-editor/action.php at line 3
2017-07-20T08:50:13+0200 : Document_Tag_Area_Abstract used in /var/www/html/jj-keller/website/views/areas/wysiwyg-editor/action.php at line 3
2017-07-20T11:35:22+0200 : Document_Tag_Area_Abstract used in /var/www/html/jj-keller/website/views/areas/wysiwyg-editor/action.php at line 3
2017-11-08T07:52:15+0100 : Object\Product\Listing used in /var/www/html/jj-keller/website/controllers/PublicationSectionController.php at line 102
2017-11-08T07:52:15+0100 : Object\Market\Listing used in /var/www/html/jj-keller/website/controllers/PublicationSectionController.php at line 141
2017-11-08T08:02:07+0100 : Object\Product\Listing used in /var/www/html/jj-keller/website/controllers/PublicationSectionController.php at line 102
2017-11-08T08:02:07+0100 : Object\Market\Listing used in /var/www/html/jj-keller/website/controllers/PublicationSectionController.php at line 141
2017-11-09T10:07:49+0100 : Document_Tag_Area_Abstract used in /var/www/html/jj-keller/website/views/areas/wysiwyg-editor/action.php at line 3
2017-11-09T10:08:54+0100 : Object\Product\Listing used in /var/www/html/jj-keller/website/controllers/PublicationSectionController.php at line 102
2017-11-09T10:08:54+0100 : Object\Market\Listing used in /var/www/html/jj-keller/website/controllers/PublicationSectionController.php at line 141
