AUTOCREATE
2017-04-25T12:37:48+0200 : 0|admin|login|login|{"username":"admin"}
2017-04-25T12:37:48+0200 : 2|admin|index|index|[]
2017-04-25T12:37:48+0200 : 2|admin|user|get-image|[]
2017-04-25T12:37:48+0200 : 2|admin|user|get-current-user|[]
2017-04-25T12:37:48+0200 : 2|admin|misc|available-languages|[]
2017-04-25T12:37:48+0200 : 2|admin|misc|json-translations-system|{"language":"en"}
2017-04-25T12:37:48+0200 : 2|admin|misc|json-translations-admin|{"language":"en"}
2017-04-25T12:37:48+0200 : 2|admin|misc|script-proxy|{"scriptPath":"\/website\/var\/system\/","scripts":"minified_javascript_core_788006c174c7e45..."}
2017-04-25T12:37:48+0200 : 2|admin|misc|admin-css|{"extjs6":"true?_dc=3961"}
2017-04-25T12:38:40+0200 : 2|admin|class|get-tree|{"createAllowed":"true","page":"1","start":"0","limit":"25"}
2017-04-25T12:38:40+0200 : 2|admin|settings|get-available-admin-languages|{"page":"1","start":"0","limit":"25"}
2017-04-25T12:38:40+0200 : 2|admin|settings|get-available-sites|{"page":"1","start":"0","limit":"25"}
2017-04-25T12:38:40+0200 : 2|admin|class|get-tree|{"page":"1","start":"0","limit":"25"}
2017-04-25T12:38:40+0200 : 2|reports|targeting|persona-list|{"page":"1","start":"0","limit":"25"}
2017-04-25T12:38:41+0200 : 2|admin|document|tree-get-root|{"id":"1","view":""}
2017-04-25T12:38:41+0200 : 2|admin|asset|tree-get-root|{"id":"1","view":""}
2017-04-25T12:38:41+0200 : 2|admin|object|tree-get-root|{"id":"","view":""}
2017-04-25T12:38:41+0200 : 2|admin|portal|dashboard-list|[]
2017-04-25T12:38:41+0200 : 2|admin|document|doc-types|{"xaction":"read","page":"1","start":"0","limit":"25"}
2017-04-25T12:38:41+0200 : 2|admin|document|tree-get-childs-by-id|{"limit":"100","view":"","node":"1"}
2017-04-25T12:38:41+0200 : 2|admin|document|tree-get-childs-by-id|{"limit":"100","view":"","node":"1"}
2017-04-25T12:38:41+0200 : 2|admin|asset|tree-get-childs-by-id|{"limit":"30","view":"","node":"1"}
2017-04-25T12:38:41+0200 : 2|admin|asset|tree-get-childs-by-id|{"limit":"30","view":"","node":"1"}
2017-04-25T12:38:41+0200 : 2|admin|object|tree-get-childs-by-id|{"limit":"30","view":"","node":"1"}
2017-04-25T12:38:41+0200 : 2|admin|object|tree-get-childs-by-id|{"limit":"30","view":"","node":"1"}
2017-04-25T12:38:41+0200 : 2|reports|custom-report|get-report-config|[]
2017-04-25T12:39:10+0200 : 2|admin|translation|add-admin-translation-keys|{"keys":"[\"article\",\"backendproduct\",\"category\",\"..."}
2017-04-25T13:01:40+0200 : 2|admin|misc|ping|[]
2017-04-25T13:24:40+0200 : 2|admin|misc|ping|[]
2017-04-25T13:47:40+0200 : 2|admin|misc|ping|[]
2017-04-25T14:10:40+0200 : 2|admin|misc|ping|[]
2017-04-25T14:33:40+0200 : 2|admin|misc|ping|[]
2017-04-25T14:56:40+0200 : 2|admin|misc|ping|[]
2017-04-25T15:19:40+0200 : 2|admin|misc|ping|[]
2017-04-25T15:42:40+0200 : 2|admin|misc|ping|[]
2017-04-25T16:05:40+0200 : 2|admin|misc|ping|[]
2017-04-25T16:28:40+0200 : 2|admin|misc|ping|[]
2017-04-27T07:09:51+0200 : 0|admin|login|index|[]
2017-04-27T07:10:05+0200 : 0|admin|login|login|{"username":"admin"}
2017-04-27T07:10:05+0200 : 2|admin|index|index|[]
2017-04-27T07:10:06+0200 : 2|admin|misc|json-translations-system|{"language":"en"}
2017-04-27T07:10:06+0200 : 2|admin|misc|available-languages|[]
2017-04-27T07:10:06+0200 : 2|admin|misc|json-translations-admin|{"language":"en"}
2017-04-27T07:10:06+0200 : 2|admin|user|get-current-user|[]
2017-04-27T07:10:06+0200 : 2|admin|user|get-image|[]
2017-04-27T07:10:06+0200 : 2|admin|misc|admin-css|{"extjs6":"true?_dc=3961"}
2017-04-27T07:10:07+0200 : 2|admin|misc|script-proxy|{"scriptPath":"\/website\/var\/system\/","scripts":"minified_javascript_core_788006c174c7e45..."}
2017-04-27T07:10:08+0200 : 2|admin|class|get-tree|{"createAllowed":"true","page":"1","start":"0","limit":"25"}
2017-04-27T07:10:08+0200 : 2|admin|class|get-tree|{"page":"1","start":"0","limit":"25"}
2017-04-27T07:10:08+0200 : 2|admin|settings|get-available-admin-languages|{"page":"1","start":"0","limit":"25"}
2017-04-27T07:10:08+0200 : 2|admin|settings|get-available-sites|{"page":"1","start":"0","limit":"25"}
2017-04-27T07:10:08+0200 : 2|reports|targeting|persona-list|{"page":"1","start":"0","limit":"25"}
2017-04-27T07:10:08+0200 : 2|admin|document|tree-get-root|{"id":"1","view":""}
2017-04-27T07:10:08+0200 : 2|admin|asset|tree-get-root|{"id":"1","view":""}
2017-04-27T07:10:08+0200 : 2|admin|object|tree-get-root|{"id":"","view":""}
2017-04-27T07:10:08+0200 : 2|admin|portal|dashboard-list|[]
2017-04-27T07:10:08+0200 : 2|admin|document|doc-types|{"xaction":"read","page":"1","start":"0","limit":"25"}
2017-04-27T07:10:09+0200 : 2|admin|document|tree-get-childs-by-id|{"limit":"100","view":"","node":"1"}
2017-04-27T07:10:09+0200 : 2|admin|document|tree-get-childs-by-id|{"limit":"100","view":"","node":"1"}
2017-04-27T07:10:09+0200 : 2|admin|asset|tree-get-childs-by-id|{"limit":"30","view":"","node":"1"}
2017-04-27T07:10:09+0200 : 2|admin|asset|tree-get-childs-by-id|{"limit":"30","view":"","node":"1"}
2017-04-27T07:10:09+0200 : 2|admin|object|tree-get-childs-by-id|{"limit":"30","view":"","node":"1"}
2017-04-27T07:10:09+0200 : 2|admin|object|tree-get-childs-by-id|{"limit":"30","view":"","node":"1"}
2017-04-27T07:10:10+0200 : 2|reports|custom-report|get-report-config|[]
2017-04-27T07:10:24+0200 : 2|admin|misc|get-valid-filename|{"value":"test"}
2017-04-27T07:10:24+0200 : 2|admin|object|add|{"elementType":"object","parentId":"4533","className":"Product","classId":"1","key":"test"}
2017-04-27T07:10:25+0200 : 2|admin|object|tree-get-childs-by-id|{"limit":"30","view":"","fromPaging":"0","start":"0","node":"4533"}
2017-04-27T07:10:25+0200 : 2|admin|object|tree-get-childs-by-id|{"limit":"30","view":"","fromPaging":"0","start":"0","node":"4533"}
2017-04-27T07:10:25+0200 : 2|admin|object|get|{"id":"4608"}
2017-04-27T07:10:25+0200 : 2|admin|tags|load-tags-for-element|{"assignmentCId":"4608","assignmentCType":"object","page":"1","start":"0","limit":"25"}
2017-04-27T07:10:25+0200 : 2|admin|tags|tree-get-children-by-id|{"showSelection":"true","assignmentCId":"4608","assignmentCType":"object","node":"root"}
2017-04-27T07:10:25+0200 : 2|admin|tags|tree-get-children-by-id|{"showSelection":"true","assignmentCId":"4608","assignmentCType":"object","node":"0"}
2017-04-27T07:10:26+0200 : 2|admin|element|note-list|{"xaction":"read","cid":"4608","ctype":"object","page":"1","start":"0","limit":"50"}
2017-04-27T07:10:38+0200 : 2|admin|translation|add-admin-translation-keys|{"keys":"[\"article\",\"backendproduct\",\"category\",\"..."}
2017-04-27T07:15:03+0200 : 2|admin|tags|tree-get-children-by-id|{"showSelection":"true","assignmentCId":"","assignmentCType":"","node":"root"}
2017-04-27T07:15:03+0200 : 2|admin|tags|tree-get-children-by-id|{"showSelection":"true","assignmentCId":"","assignmentCType":"","node":"0"}
2017-04-27T07:15:07+0200 : 2|searchadmin|search|find|{"type":"object","query":"test","subtype":"","class":"Article,BackendProduct,Category,Contactu...","page":"1","start":"0","limit":"50"}
2017-04-27T07:15:19+0200 : 2|admin|object|delete-info|{"id":"4608"}
2017-04-27T07:15:20+0200 : 2|admin|element|unlock-element|{"id":"4608","type":"object"}
2017-04-27T07:15:21+0200 : 2|admin|recyclebin|add|{"type":"object","id":"4608"}
2017-04-27T07:15:21+0200 : 2|admin|object|delete|{"id":"4608"}
2017-04-27T07:33:08+0200 : 2|admin|misc|ping|[]
2017-04-27T07:56:08+0200 : 2|admin|misc|ping|[]
2017-04-27T08:19:08+0200 : 2|admin|misc|ping|[]
2017-04-27T08:42:08+0200 : 2|admin|misc|ping|[]
2017-04-27T09:05:08+0200 : 2|admin|misc|ping|[]
2017-04-27T09:28:08+0200 : 2|admin|misc|ping|[]
2017-04-27T09:51:08+0200 : 2|admin|misc|ping|[]
2017-04-27T10:14:08+0200 : 2|admin|misc|ping|[]
2017-04-27T10:37:08+0200 : 2|admin|misc|ping|[]
2017-04-27T11:00:08+0200 : 2|admin|misc|ping|[]
2017-04-27T11:23:08+0200 : 2|admin|misc|ping|[]
2017-04-27T11:46:08+0200 : 2|admin|misc|ping|[]
2017-04-27T12:09:08+0200 : 2|admin|misc|ping|[]
2017-04-27T12:32:08+0200 : 2|admin|misc|ping|[]
2017-04-27T12:55:08+0200 : 2|admin|misc|ping|[]
2017-04-27T13:18:08+0200 : 2|admin|misc|ping|[]
2017-04-27T13:41:08+0200 : 2|admin|misc|ping|[]
2017-06-21T08:38:50+0200 : 0|admin|login|index|[]
2017-06-21T08:38:57+0200 : 0|admin|login|login|{"username":"admin"}
2017-06-21T08:38:57+0200 : 0|admin|login|index|{"auth_failed":"true"}
2017-06-21T08:39:06+0200 : 0|admin|login|login|{"username":"admin"}
2017-06-21T08:39:06+0200 : 2|admin|index|index|[]
2017-06-21T08:39:07+0200 : 2|admin|user|get-current-user|[]
2017-06-21T08:39:07+0200 : 2|admin|misc|available-languages|[]
2017-06-21T08:39:07+0200 : 2|admin|misc|json-translations-system|{"language":"en"}
2017-06-21T08:39:07+0200 : 2|admin|user|get-image|[]
2017-06-21T08:39:07+0200 : 2|admin|misc|json-translations-admin|{"language":"en"}
2017-06-21T08:39:07+0200 : 2|admin|misc|script-proxy|{"scriptPath":"\/website\/var\/system\/","scripts":"minified_javascript_core_788006c174c7e45..."}
2017-06-21T08:39:08+0200 : 2|admin|misc|admin-css|{"extjs6":"true?_dc=3961"}
2017-06-21T08:40:00+0200 : 2|admin|class|get-tree|{"page":"1","start":"0","limit":"25"}
2017-06-21T08:40:00+0200 : 2|admin|class|get-tree|{"createAllowed":"true","page":"1","start":"0","limit":"25"}
2017-06-21T08:40:00+0200 : 2|admin|settings|get-available-admin-languages|{"page":"1","start":"0","limit":"25"}
2017-06-21T08:40:00+0200 : 2|admin|settings|get-available-sites|{"page":"1","start":"0","limit":"25"}
2017-06-21T08:40:00+0200 : 2|reports|targeting|persona-list|{"page":"1","start":"0","limit":"25"}
2017-06-21T08:40:00+0200 : 2|admin|portal|dashboard-list|[]
2017-06-21T08:40:00+0200 : 2|admin|object|tree-get-root|{"id":"","view":""}
2017-06-21T08:40:00+0200 : 2|admin|document|tree-get-root|{"id":"1","view":""}
2017-06-21T08:40:00+0200 : 2|admin|asset|tree-get-root|{"id":"1","view":""}
2017-06-21T08:40:01+0200 : 2|admin|document|doc-types|{"xaction":"read","page":"1","start":"0","limit":"25"}
2017-06-21T08:40:01+0200 : 2|admin|document|tree-get-childs-by-id|{"limit":"100","view":"","node":"1"}
2017-06-21T08:40:01+0200 : 2|admin|document|tree-get-childs-by-id|{"limit":"100","view":"","node":"1"}
2017-06-21T08:40:01+0200 : 2|admin|asset|tree-get-childs-by-id|{"limit":"30","view":"","node":"1"}
2017-06-21T08:40:01+0200 : 2|admin|asset|tree-get-childs-by-id|{"limit":"30","view":"","node":"1"}
2017-06-21T08:40:01+0200 : 2|admin|object|tree-get-childs-by-id|{"limit":"30","view":"","node":"1"}
2017-06-21T08:40:01+0200 : 2|admin|object|tree-get-childs-by-id|{"limit":"30","view":"","node":"1"}
2017-06-21T08:40:02+0200 : 2|reports|custom-report|get-report-config|[]
2017-06-21T08:40:30+0200 : 2|admin|translation|add-admin-translation-keys|{"keys":"[\"article\",\"backendproduct\",\"category\",\"..."}
2017-06-21T08:41:12+0200 : 2|admin|document|tree-get-childs-by-id|{"limit":"100","view":"","fromPaging":"0","start":"0","node":"2"}
2017-06-21T08:41:15+0200 : 2|admin|document|tree-get-childs-by-id|{"limit":"100","view":"","fromPaging":"0","start":"0","node":"18"}
2017-06-21T08:41:17+0200 : 2|admin|page|get-data-by-id|{"id":"9"}
2017-06-21T08:41:18+0200 : 2|admin|tags|load-tags-for-element|{"assignmentCId":"9","assignmentCType":"document","page":"1","start":"0","limit":"25"}
2017-06-21T08:41:18+0200 : 2|admin|tags|tree-get-children-by-id|{"showSelection":"true","assignmentCId":"9","assignmentCType":"document","node":"0"}
2017-06-21T08:41:18+0200 : 2|admin|tags|tree-get-children-by-id|{"showSelection":"true","assignmentCId":"9","assignmentCType":"document","node":"root"}
2017-06-21T08:41:20+0200 : 2|admin|element|note-list|{"xaction":"read","cid":"9","ctype":"document","page":"1","start":"0","limit":"50"}
2017-06-21T08:41:21+0200 : 2|admin|misc|script-proxy|{"scriptPath":"\/website\/var\/system\/","scripts":"minified_javascript_core_4644dc8a29b6fea..."}
2017-06-21T08:41:21+0200 : 2|admin|misc|json-translations-system|{"language":"en"}
2017-06-21T08:41:21+0200 : 2|admin|misc|json-translations-admin|{"language":"en"}
2017-06-21T08:41:25+0200 : 2|admin|object|tree-get-childs-by-id|{"limit":"30","view":"","fromPaging":"0","start":"0","node":"12"}
2017-06-21T08:41:27+0200 : 2|admin|object|get-folder|{"id":"1873"}
2017-06-21T08:41:27+0200 : 2|admin|tags|load-tags-for-element|{"assignmentCId":"1873","assignmentCType":"object","page":"1","start":"0","limit":"25"}
2017-06-21T08:41:27+0200 : 2|admin|tags|tree-get-children-by-id|{"showSelection":"true","assignmentCId":"1873","assignmentCType":"object","node":"root"}
2017-06-21T08:41:27+0200 : 2|admin|tags|tree-get-children-by-id|{"showSelection":"true","assignmentCId":"1873","assignmentCType":"object","node":"0"}
2017-06-21T08:41:27+0200 : 2|admin|object-helper|grid-get-column-config|{"id":"11","objectId":"1873","gridtype":"grid","searchType":"folder"}
2017-06-21T08:41:27+0200 : 2|admin|object|grid-proxy|{"classId":"11","folderId":"1873","xaction":"read","language":"en","class":"BackendProduct","only_direct_children":"false","page":"1","start":"0","limit":"25"}
2017-06-21T08:41:28+0200 : 2|admin|object|grid-proxy|{"classId":"11","folderId":"1873","xaction":"read","language":"en","class":"BackendProduct","only_direct_children":"false","page":"1","start":"0","limit":"25"}
2017-06-21T08:41:28+0200 : 2|admin|element|note-list|{"xaction":"read","cid":"1873","ctype":"object","page":"1","start":"0","limit":"50"}
2017-06-21T08:41:31+0200 : 2|admin|object|get-folder|{"id":"4533"}
2017-06-21T08:41:31+0200 : 2|admin|tags|load-tags-for-element|{"assignmentCId":"4533","assignmentCType":"object","page":"1","start":"0","limit":"25"}
2017-06-21T08:41:31+0200 : 2|admin|tags|tree-get-children-by-id|{"showSelection":"true","assignmentCId":"4533","assignmentCType":"object","node":"root"}
2017-06-21T08:41:31+0200 : 2|admin|tags|tree-get-children-by-id|{"showSelection":"true","assignmentCId":"4533","assignmentCType":"object","node":"0"}
2017-06-21T08:41:31+0200 : 2|admin|object-helper|grid-get-column-config|{"id":"1","objectId":"4533","gridtype":"grid","searchType":"folder"}
2017-06-21T08:41:31+0200 : 2|admin|object|grid-proxy|{"classId":"1","folderId":"4533","xaction":"read","language":"en","class":"Product","only_direct_children":"false","page":"1","start":"0","limit":"25"}
2017-06-21T08:41:31+0200 : 2|admin|object|grid-proxy|{"classId":"1","folderId":"4533","xaction":"read","language":"en","class":"Product","only_direct_children":"false","page":"1","start":"0","limit":"25"}
2017-06-21T08:41:32+0200 : 2|admin|element|note-list|{"xaction":"read","cid":"4533","ctype":"object","page":"1","start":"0","limit":"50"}
2017-06-21T09:03:00+0200 : 2|admin|misc|ping|[]
2017-06-21T09:26:00+0200 : 2|admin|misc|ping|[]
2017-06-21T09:49:00+0200 : 2|admin|misc|ping|[]
2017-07-17T08:37:52+0200 : 0|admin|login|index|[]
2017-07-17T08:37:59+0200 : 0|admin|login|login|{"username":"admin"}
2017-07-17T08:37:59+0200 : 0|admin|login|index|{"auth_failed":"true"}
2017-07-17T08:38:09+0200 : 0|admin|login|login|{"username":"admin"}
2017-07-17T08:38:09+0200 : 2|admin|index|index|[]
2017-07-17T08:38:10+0200 : 2|admin|user|get-current-user|[]
2017-07-17T08:38:10+0200 : 2|admin|user|get-image|[]
2017-07-17T08:38:10+0200 : 2|admin|misc|available-languages|[]
2017-07-17T08:38:10+0200 : 2|admin|misc|json-translations-admin|{"language":"en"}
2017-07-17T08:38:10+0200 : 2|admin|misc|json-translations-system|{"language":"en"}
2017-07-17T08:38:10+0200 : 2|admin|misc|script-proxy|{"scriptPath":"\/website\/var\/system\/","scripts":"minified_javascript_core_788006c174c7e45..."}
2017-07-17T08:38:11+0200 : 2|admin|misc|admin-css|{"extjs6":"true?_dc=3961"}
2017-07-17T08:38:13+0200 : 2|admin|class|get-tree|{"page":"1","start":"0","limit":"25"}
2017-07-17T08:38:13+0200 : 2|admin|class|get-tree|{"createAllowed":"true","page":"1","start":"0","limit":"25"}
2017-07-17T08:38:13+0200 : 2|admin|settings|get-available-admin-languages|{"page":"1","start":"0","limit":"25"}
2017-07-17T08:38:13+0200 : 2|admin|settings|get-available-sites|{"page":"1","start":"0","limit":"25"}
2017-07-17T08:38:13+0200 : 2|reports|targeting|persona-list|{"page":"1","start":"0","limit":"25"}
2017-07-17T08:38:13+0200 : 2|admin|portal|dashboard-list|[]
2017-07-17T08:38:13+0200 : 2|admin|document|tree-get-root|{"id":"1","view":""}
2017-07-17T08:38:13+0200 : 2|admin|object|tree-get-root|{"id":"","view":""}
2017-07-17T08:38:13+0200 : 2|admin|asset|tree-get-root|{"id":"1","view":""}
2017-07-17T08:38:14+0200 : 2|admin|document|doc-types|{"xaction":"read","page":"1","start":"0","limit":"25"}
2017-07-17T08:38:14+0200 : 2|admin|document|tree-get-childs-by-id|{"limit":"100","view":"","node":"1"}
2017-07-17T08:38:14+0200 : 2|admin|document|tree-get-childs-by-id|{"limit":"100","view":"","node":"1"}
2017-07-17T08:38:14+0200 : 2|admin|asset|tree-get-childs-by-id|{"limit":"30","view":"","node":"1"}
2017-07-17T08:38:14+0200 : 2|admin|asset|tree-get-childs-by-id|{"limit":"30","view":"","node":"1"}
2017-07-17T08:38:14+0200 : 2|admin|object|tree-get-childs-by-id|{"limit":"30","view":"","node":"1"}
2017-07-17T08:38:14+0200 : 2|admin|object|tree-get-childs-by-id|{"limit":"30","view":"","node":"1"}
2017-07-17T08:38:14+0200 : 2|reports|custom-report|get-report-config|[]
2017-07-17T08:38:43+0200 : 2|admin|translation|add-admin-translation-keys|{"keys":"[\"article\",\"backendproduct\",\"category\",\"..."}
2017-07-17T08:38:48+0200 : 2|admin|object|tree-get-childs-by-id|{"limit":"30","view":"","fromPaging":"0","start":"0","node":"4533"}
2017-07-17T08:38:50+0200 : 2|admin|object|get|{"id":"4534"}
2017-07-17T08:38:51+0200 : 2|admin|tags|tree-get-children-by-id|{"showSelection":"true","assignmentCId":"4534","assignmentCType":"object","node":"0"}
2017-07-17T08:38:51+0200 : 2|admin|tags|tree-get-children-by-id|{"showSelection":"true","assignmentCId":"4534","assignmentCType":"object","node":"root"}
2017-07-17T08:38:51+0200 : 2|admin|tags|load-tags-for-element|{"assignmentCId":"4534","assignmentCType":"object","page":"1","start":"0","limit":"25"}
2017-07-17T08:38:51+0200 : 2|admin|element|note-list|{"xaction":"read","cid":"4534","ctype":"object","page":"1","start":"0","limit":"50"}
2017-07-17T08:38:53+0200 : 2|admin|element|unlock-element|{"id":"4534","type":"object"}
2017-07-17T08:38:59+0200 : 2|admin|object|tree-get-childs-by-id|{"limit":"30","view":"","fromPaging":"0","start":"0","node":"290"}
2017-07-17T08:39:01+0200 : 2|admin|object|get|{"id":"291"}
2017-07-17T08:39:01+0200 : 2|admin|tags|load-tags-for-element|{"assignmentCId":"291","assignmentCType":"object","page":"1","start":"0","limit":"25"}
2017-07-17T08:39:01+0200 : 2|admin|tags|tree-get-children-by-id|{"showSelection":"true","assignmentCId":"291","assignmentCType":"object","node":"0"}
2017-07-17T08:39:01+0200 : 2|admin|tags|tree-get-children-by-id|{"showSelection":"true","assignmentCId":"291","assignmentCType":"object","node":"root"}
2017-07-17T08:39:02+0200 : 2|admin|element|note-list|{"xaction":"read","cid":"291","ctype":"object","page":"1","start":"0","limit":"50"}
2017-07-17T08:39:13+0200 : 2|admin|translation|add-admin-translation-keys|{"keys":"[\"master (admin mode)\",\"master\",\"product..."}
2017-07-17T08:39:29+0200 : 2|admin|user|tree-get-childs-by-id|{"node":"0"}
2017-07-17T08:39:31+0200 : 2|admin|user|get|{"id":"2"}
2017-07-17T08:39:31+0200 : 2|admin|user|get-image|{"id":"2"}
2017-07-17T08:39:43+0200 : 2|admin|translation|add-admin-translation-keys|{"keys":"[\"english\"]"}
2017-07-17T09:01:13+0200 : 2|admin|misc|ping|[]
2017-07-17T09:24:13+0200 : 2|admin|misc|ping|[]
2017-07-17T09:47:13+0200 : 2|admin|misc|ping|[]
2017-07-17T10:10:13+0200 : 2|admin|misc|ping|[]
2017-07-17T10:32:46+0200 : 2|admin|user|get|{"id":"4"}
2017-07-17T10:32:46+0200 : 2|admin|user|get-image|{"id":"4"}
2017-07-17T10:33:13+0200 : 2|admin|misc|ping|[]
2017-07-17T10:56:13+0200 : 2|admin|misc|ping|[]
2017-07-17T11:19:13+0200 : 2|admin|misc|ping|[]
2017-07-17T11:42:13+0200 : 2|admin|misc|ping|[]
2017-07-17T12:05:13+0200 : 2|admin|misc|ping|[]
2017-07-17T12:28:13+0200 : 2|admin|misc|ping|[]
2017-07-17T12:51:13+0200 : 2|admin|misc|ping|[]
2017-07-17T13:14:13+0200 : 2|admin|misc|ping|[]
2017-07-17T13:37:13+0200 : 2|admin|misc|ping|[]
2017-07-17T14:00:13+0200 : 2|admin|misc|ping|[]
2017-07-17T14:23:13+0200 : 2|admin|misc|ping|[]
2017-07-17T14:46:13+0200 : 2|admin|misc|ping|[]
2017-07-17T15:09:13+0200 : 2|admin|misc|ping|[]
2017-07-17T15:32:13+0200 : 2|admin|misc|ping|[]
2017-07-17T15:54:40+0200 : 2|admin|page|get-data-by-id|{"id":"92"}
2017-07-17T15:54:40+0200 : 2|admin|tags|load-tags-for-element|{"assignmentCId":"92","assignmentCType":"document","page":"1","start":"0","limit":"25"}
2017-07-17T15:54:40+0200 : 2|admin|tags|tree-get-children-by-id|{"showSelection":"true","assignmentCId":"92","assignmentCType":"document","node":"root"}
2017-07-17T15:54:41+0200 : 2|admin|tags|tree-get-children-by-id|{"showSelection":"true","assignmentCId":"92","assignmentCType":"document","node":"0"}
2017-07-17T15:54:41+0200 : 2|admin|element|note-list|{"xaction":"read","cid":"92","ctype":"document","page":"1","start":"0","limit":"50"}
2017-07-17T15:54:41+0200 : 2|admin|misc|json-translations-system|{"language":"en"}
2017-07-17T15:54:41+0200 : 2|admin|misc|json-translations-admin|{"language":"en"}
2017-07-17T15:54:41+0200 : 2|admin|misc|script-proxy|{"scriptPath":"\/website\/var\/system\/","scripts":"minified_javascript_core_4644dc8a29b6fea..."}
2017-07-17T15:54:43+0200 : 2|admin|translation|add-admin-translation-keys|{"keys":"[\"left sidebar template\",\"right sidebar ..."}
2017-07-17T15:54:43+0200 : 2|admin|misc|get-available-modules|{"page":"1","start":"0","limit":"25"}
2017-07-17T15:54:43+0200 : 2|admin|misc|get-available-templates|{"page":"1","start":"0","limit":"25"}
2017-07-17T15:54:47+0200 : 2|admin|page|save-to-session|{"id":"92","data":"{\"publication_landing_heading\":{\"data\":\"...","settings":"{\"title\":\"Publication Landing New\",\"desc..."}
2017-07-17T15:54:51+0200 : 2|admin|document|get-predefined-properties|{"query":"","page":"1","start":"0","limit":"25"}
2017-07-17T15:55:08+0200 : 2|admin|misc|get-valid-filename|{"value":"test"}
2017-07-17T15:55:08+0200 : 2|admin|document|add|{"key":"test","name":"test","title":"test","type":"page","docTypeId":"2","elementType":"document","index":"21","parentId":"1"}
2017-07-17T15:55:09+0200 : 2|admin|document|tree-get-childs-by-id|{"limit":"100","view":"","fromPaging":"0","start":"0","node":"1"}
2017-07-17T15:55:09+0200 : 2|admin|page|get-data-by-id|{"id":"103"}
2017-07-17T15:55:09+0200 : 2|admin|tags|load-tags-for-element|{"assignmentCId":"103","assignmentCType":"document","page":"1","start":"0","limit":"25"}
2017-07-17T15:55:09+0200 : 2|admin|tags|tree-get-children-by-id|{"showSelection":"true","assignmentCId":"103","assignmentCType":"document","node":"root"}
2017-07-17T15:55:09+0200 : 2|admin|tags|tree-get-children-by-id|{"showSelection":"true","assignmentCId":"103","assignmentCType":"document","node":"0"}
2017-07-17T15:55:10+0200 : 2|admin|misc|json-translations-system|{"language":"en"}
2017-07-17T15:55:10+0200 : 2|admin|misc|json-translations-admin|{"language":"en"}
2017-07-17T15:55:10+0200 : 2|admin|element|note-list|{"xaction":"read","cid":"103","ctype":"document","page":"1","start":"0","limit":"50"}
2017-07-17T15:55:13+0200 : 2|admin|misc|ping|[]
2017-07-17T15:55:39+0200 : 2|admin|page|save|{"task":"publish","id":"103","data":"{\"publication_landing_heading\":{\"data\":\"..."}
2017-07-17T15:55:39+0200 : 2|admin|document|get-versions|{"id":"103","page":"1","start":"0","limit":"25"}
2017-07-17T15:55:51+0200 : 2|admin|page|save-to-session|{"id":"103","data":"{\"publication_landing_heading\":{\"data\":\"..."}
2017-07-17T15:55:51+0200 : 2|admin|misc|json-translations-system|{"language":"en"}
2017-07-17T15:55:51+0200 : 2|admin|misc|json-translations-admin|{"language":"en"}
2017-07-17T15:56:03+0200 : 2|admin|page|save|{"task":"publish","id":"103","data":"{\"publication_landing_heading\":{\"data\":\"..."}
2017-07-17T15:56:04+0200 : 2|admin|document|get-versions|{"id":"103","page":"1","start":"0","limit":"25"}
2017-07-17T15:56:54+0200 : 2|admin|settings|get-system|[]
2017-07-17T15:57:00+0200 : 2|admin|settings|website-settings|{"xaction":"read","page":"1","start":"0","limit":"50"}
2017-07-17T15:57:41+0200 : 2|admin|object|get|{"id":"4534"}
2017-07-17T15:57:41+0200 : 2|admin|tags|load-tags-for-element|{"assignmentCId":"4534","assignmentCType":"object","page":"1","start":"0","limit":"25"}
2017-07-17T15:57:41+0200 : 2|admin|tags|tree-get-children-by-id|{"showSelection":"true","assignmentCId":"4534","assignmentCType":"object","node":"root"}
2017-07-17T15:57:41+0200 : 2|admin|tags|tree-get-children-by-id|{"showSelection":"true","assignmentCId":"4534","assignmentCType":"object","node":"0"}
2017-07-17T15:57:42+0200 : 2|admin|element|note-list|{"xaction":"read","cid":"4534","ctype":"object","page":"1","start":"0","limit":"50"}
2017-07-17T15:57:48+0200 : 2|admin|asset|get-image-thumbnail|{"id":"558","width":"290","height":"240","contain":"true"}
2017-07-20T06:59:27+0200 : 0|admin|login|index|[]
2017-07-20T06:59:36+0200 : 0|admin|login|login|{"username":"admin"}
2017-07-20T06:59:37+0200 : 0|admin|login|index|{"auth_failed":"true"}
2017-07-20T06:59:45+0200 : 0|admin|login|login|{"username":"admin"}
2017-07-20T06:59:45+0200 : 2|admin|index|index|[]
2017-07-20T06:59:46+0200 : 2|admin|misc|available-languages|[]
2017-07-20T06:59:46+0200 : 2|admin|misc|json-translations-admin|{"language":"en"}
2017-07-20T06:59:46+0200 : 2|admin|misc|json-translations-system|{"language":"en"}
2017-07-20T06:59:46+0200 : 2|admin|user|get-image|[]
2017-07-20T06:59:46+0200 : 2|admin|user|get-current-user|[]
2017-07-20T06:59:46+0200 : 2|admin|misc|admin-css|{"extjs6":"true?_dc=3961"}
2017-07-20T06:59:47+0200 : 2|admin|misc|script-proxy|{"scriptPath":"\/website\/var\/system\/","scripts":"minified_javascript_core_788006c174c7e45..."}
2017-07-20T07:00:39+0200 : 2|admin|class|get-tree|{"page":"1","start":"0","limit":"25"}
2017-07-20T07:00:39+0200 : 2|admin|class|get-tree|{"createAllowed":"true","page":"1","start":"0","limit":"25"}
2017-07-20T07:00:39+0200 : 2|admin|settings|get-available-sites|{"page":"1","start":"0","limit":"25"}
2017-07-20T07:00:39+0200 : 2|admin|settings|get-available-admin-languages|{"page":"1","start":"0","limit":"25"}
2017-07-20T07:00:39+0200 : 2|reports|targeting|persona-list|{"page":"1","start":"0","limit":"25"}
2017-07-20T07:00:39+0200 : 2|admin|document|tree-get-root|{"id":"1","view":""}
2017-07-20T07:00:39+0200 : 2|admin|asset|tree-get-root|{"id":"1","view":""}
2017-07-20T07:00:39+0200 : 2|admin|object|tree-get-root|{"id":"","view":""}
2017-07-20T07:00:39+0200 : 2|admin|portal|dashboard-list|[]
2017-07-20T07:00:40+0200 : 2|admin|document|doc-types|{"xaction":"read","page":"1","start":"0","limit":"25"}
2017-07-20T07:00:40+0200 : 2|admin|document|tree-get-childs-by-id|{"limit":"100","view":"","node":"1"}
2017-07-20T07:00:40+0200 : 2|admin|document|tree-get-childs-by-id|{"limit":"100","view":"","node":"1"}
2017-07-20T07:00:40+0200 : 2|admin|asset|tree-get-childs-by-id|{"limit":"30","view":"","node":"1"}
2017-07-20T07:00:40+0200 : 2|admin|asset|tree-get-childs-by-id|{"limit":"30","view":"","node":"1"}
2017-07-20T07:00:41+0200 : 2|admin|object|tree-get-childs-by-id|{"limit":"30","view":"","node":"1"}
2017-07-20T07:00:41+0200 : 2|admin|object|tree-get-childs-by-id|{"limit":"30","view":"","node":"1"}
2017-07-20T07:00:41+0200 : 2|reports|custom-report|get-report-config|[]
2017-07-20T07:01:09+0200 : 2|admin|translation|add-admin-translation-keys|{"keys":"[\"article\",\"backendproduct\",\"category\",\"..."}
2017-07-20T07:23:39+0200 : 2|admin|misc|ping|[]
2017-07-20T07:46:39+0200 : 2|admin|misc|ping|[]
2017-07-20T08:09:39+0200 : 2|admin|misc|ping|[]
2017-07-20T08:32:39+0200 : 2|admin|misc|ping|[]
2017-07-20T08:45:42+0200 : 2|admin|asset|get-image-thumbnail|{"id":"532","treepreview":"true"}
2017-07-20T08:45:42+0200 : 2|admin|asset|get-image-thumbnail|{"id":"534","treepreview":"true"}
2017-07-20T08:45:42+0200 : 2|admin|asset|get-image-thumbnail|{"id":"531","treepreview":"true"}
2017-07-20T08:45:42+0200 : 2|admin|asset|get-image-thumbnail|{"id":"533","treepreview":"true"}
2017-07-20T08:45:42+0200 : 2|admin|asset|get-image-thumbnail|{"id":"530","treepreview":"true"}
2017-07-20T08:45:42+0200 : 2|admin|asset|get-image-thumbnail|{"id":"17","treepreview":"true"}
2017-07-20T08:45:42+0200 : 2|admin|asset|get-image-thumbnail|{"id":"66","treepreview":"true"}
2017-07-20T08:45:42+0200 : 2|admin|asset|get-image-thumbnail|{"id":"55","treepreview":"true"}
2017-07-20T08:45:42+0200 : 2|admin|asset|get-image-thumbnail|{"id":"24","treepreview":"true"}
2017-07-20T08:45:42+0200 : 2|admin|asset|get-image-thumbnail|{"id":"68","treepreview":"true"}
2017-07-20T08:45:42+0200 : 2|admin|asset|get-image-thumbnail|{"id":"25","treepreview":"true"}
2017-07-20T08:45:42+0200 : 2|admin|asset|get-image-thumbnail|{"id":"28","treepreview":"true"}
2017-07-20T08:45:43+0200 : 2|admin|asset|get-image-thumbnail|{"id":"6","treepreview":"true"}
2017-07-20T08:45:43+0200 : 2|admin|asset|get-image-thumbnail|{"id":"5","treepreview":"true"}
2017-07-20T08:45:43+0200 : 2|admin|asset|get-image-thumbnail|{"id":"4","treepreview":"true"}
2017-07-20T08:45:43+0200 : 2|admin|asset|get-image-thumbnail|{"id":"3","treepreview":"true"}
2017-07-20T08:45:43+0200 : 2|admin|asset|get-image-thumbnail|{"id":"8","treepreview":"true"}
2017-07-20T08:45:43+0200 : 2|admin|asset|get-image-thumbnail|{"id":"7","treepreview":"true"}
2017-07-20T08:45:43+0200 : 2|admin|asset|get-image-thumbnail|{"id":"9","treepreview":"true"}
2017-07-20T08:45:43+0200 : 2|admin|asset|get-image-thumbnail|{"id":"10","treepreview":"true"}
2017-07-20T08:45:43+0200 : 2|admin|asset|get-image-thumbnail|{"id":"11","treepreview":"true"}
2017-07-20T08:45:43+0200 : 2|admin|asset|get-image-thumbnail|{"id":"12","treepreview":"true"}
2017-07-20T08:45:43+0200 : 2|admin|asset|get-image-thumbnail|{"id":"13","treepreview":"true"}
2017-07-20T08:45:43+0200 : 2|admin|asset|get-image-thumbnail|{"id":"54","treepreview":"true"}
2017-07-20T08:45:43+0200 : 2|admin|asset|get-image-thumbnail|{"id":"541","treepreview":"true"}
2017-07-20T08:45:43+0200 : 2|admin|asset|get-image-thumbnail|{"id":"287","treepreview":"true"}
2017-07-20T08:45:43+0200 : 2|admin|asset|get-image-thumbnail|{"id":"286","treepreview":"true"}
2017-07-20T08:45:43+0200 : 2|admin|asset|get-image-thumbnail|{"id":"288","treepreview":"true"}
2017-07-20T08:45:43+0200 : 2|admin|asset|get-image-thumbnail|{"id":"289","treepreview":"true"}
2017-07-20T08:45:43+0200 : 2|admin|asset|get-image-thumbnail|{"id":"284","treepreview":"true"}
2017-07-20T08:45:43+0200 : 2|admin|asset|get-image-thumbnail|{"id":"285","treepreview":"true"}
2017-07-20T08:45:43+0200 : 2|admin|asset|get-image-thumbnail|{"id":"290","treepreview":"true"}
2017-07-20T08:45:44+0200 : 2|admin|asset|get-image-thumbnail|{"id":"283","treepreview":"true"}
2017-07-20T08:45:44+0200 : 2|admin|asset|get-image-thumbnail|{"id":"27","treepreview":"true"}
2017-07-20T08:45:48+0200 : 2|admin|asset|tree-get-childs-by-id|{"limit":"30","view":"","fromPaging":"0","start":"0","node":"79"}
2017-07-20T08:46:02+0200 : 2|admin|asset|get-image-thumbnail|{"id":"3","treepreview":"true"}
2017-07-20T08:46:02+0200 : 2|admin|asset|get-image-thumbnail|{"id":"8","treepreview":"true"}
2017-07-20T08:46:02+0200 : 2|admin|asset|get-image-thumbnail|{"id":"4","treepreview":"true"}
2017-07-20T08:46:02+0200 : 2|admin|asset|get-image-thumbnail|{"id":"7","treepreview":"true"}
2017-07-20T08:46:02+0200 : 2|admin|asset|get-image-thumbnail|{"id":"9","treepreview":"true"}
2017-07-20T08:46:02+0200 : 2|admin|asset|get-image-thumbnail|{"id":"10","treepreview":"true"}
2017-07-20T08:46:02+0200 : 2|admin|asset|get-image-thumbnail|{"id":"12","treepreview":"true"}
2017-07-20T08:46:02+0200 : 2|admin|asset|get-image-thumbnail|{"id":"11","treepreview":"true"}
2017-07-20T08:46:02+0200 : 2|admin|asset|get-image-thumbnail|{"id":"14","treepreview":"true"}
2017-07-20T08:46:02+0200 : 2|admin|asset|get-image-thumbnail|{"id":"13","treepreview":"true"}
2017-07-20T08:46:02+0200 : 2|admin|asset|get-image-thumbnail|{"id":"54","treepreview":"true"}
2017-07-20T08:46:02+0200 : 2|admin|asset|get-image-thumbnail|{"id":"15","treepreview":"true"}
2017-07-20T08:46:02+0200 : 2|admin|asset|get-image-thumbnail|{"id":"541","treepreview":"true"}
2017-07-20T08:46:02+0200 : 2|admin|asset|get-image-thumbnail|{"id":"430","treepreview":"true"}
2017-07-20T08:46:02+0200 : 2|admin|asset|get-image-thumbnail|{"id":"540","treepreview":"true"}
2017-07-20T08:46:02+0200 : 2|admin|asset|get-image-thumbnail|{"id":"542","treepreview":"true"}
2017-07-20T08:46:02+0200 : 2|admin|asset|get-image-thumbnail|{"id":"543","treepreview":"true"}
2017-07-20T08:46:02+0200 : 2|admin|asset|get-image-thumbnail|{"id":"539","treepreview":"true"}
2017-07-20T08:46:02+0200 : 2|admin|asset|get-image-thumbnail|{"id":"544","treepreview":"true"}
2017-07-20T08:46:02+0200 : 2|admin|asset|get-image-thumbnail|{"id":"546","treepreview":"true"}
2017-07-20T08:46:02+0200 : 2|admin|asset|get-image-thumbnail|{"id":"548","treepreview":"true"}
2017-07-20T08:46:02+0200 : 2|admin|asset|get-image-thumbnail|{"id":"547","treepreview":"true"}
2017-07-20T08:46:02+0200 : 2|admin|asset|get-image-thumbnail|{"id":"545","treepreview":"true"}
2017-07-20T08:46:02+0200 : 2|admin|asset|get-image-thumbnail|{"id":"549","treepreview":"true"}
2017-07-20T08:46:02+0200 : 2|admin|asset|get-image-thumbnail|{"id":"550","treepreview":"true"}
2017-07-20T08:46:02+0200 : 2|admin|asset|get-image-thumbnail|{"id":"551","treepreview":"true"}
2017-07-20T08:46:02+0200 : 2|admin|asset|get-image-thumbnail|{"id":"555","treepreview":"true"}
2017-07-20T08:46:02+0200 : 2|admin|asset|get-image-thumbnail|{"id":"554","treepreview":"true"}
2017-07-20T08:46:02+0200 : 2|admin|asset|get-image-thumbnail|{"id":"552","treepreview":"true"}
2017-07-20T08:46:02+0200 : 2|admin|asset|get-image-thumbnail|{"id":"556","treepreview":"true"}
2017-07-20T08:46:02+0200 : 2|admin|asset|get-image-thumbnail|{"id":"553","treepreview":"true"}
2017-07-20T08:46:02+0200 : 2|admin|asset|get-image-thumbnail|{"id":"558","treepreview":"true"}
2017-07-20T08:46:09+0200 : 2|admin|object|tree-get-childs-by-id|{"limit":"30","view":"","fromPaging":"0","start":"0","node":"290"}
2017-07-20T08:46:36+0200 : 2|admin|page|get-data-by-id|{"id":"103"}
2017-07-20T08:46:37+0200 : 2|admin|tags|tree-get-children-by-id|{"showSelection":"true","assignmentCId":"103","assignmentCType":"document","node":"root"}
2017-07-20T08:46:37+0200 : 2|admin|tags|tree-get-children-by-id|{"showSelection":"true","assignmentCId":"103","assignmentCType":"document","node":"0"}
2017-07-20T08:46:37+0200 : 2|admin|tags|load-tags-for-element|{"assignmentCId":"103","assignmentCType":"document","page":"1","start":"0","limit":"25"}
2017-07-20T08:46:37+0200 : 2|admin|element|note-list|{"xaction":"read","cid":"103","ctype":"document","page":"1","start":"0","limit":"50"}
2017-07-20T08:46:37+0200 : 2|admin|misc|json-translations-admin|{"language":"en"}
2017-07-20T08:46:37+0200 : 2|admin|misc|json-translations-system|{"language":"en"}
2017-07-20T08:46:37+0200 : 2|admin|misc|script-proxy|{"scriptPath":"\/website\/var\/system\/","scripts":"minified_javascript_core_4644dc8a29b6fea..."}
2017-07-20T08:46:41+0200 : 2|admin|document|get-predefined-properties|{"query":"","page":"1","start":"0","limit":"25"}
2017-07-20T08:50:07+0200 : 2|admin|page|get-data-by-id|{"id":"51"}
2017-07-20T08:50:07+0200 : 2|admin|tags|load-tags-for-element|{"assignmentCId":"51","assignmentCType":"document","page":"1","start":"0","limit":"25"}
2017-07-20T08:50:07+0200 : 2|admin|tags|tree-get-children-by-id|{"showSelection":"true","assignmentCId":"51","assignmentCType":"document","node":"root"}
2017-07-20T08:50:07+0200 : 2|admin|tags|tree-get-children-by-id|{"showSelection":"true","assignmentCId":"51","assignmentCType":"document","node":"0"}
2017-07-20T08:50:08+0200 : 2|admin|element|note-list|{"xaction":"read","cid":"51","ctype":"document","page":"1","start":"0","limit":"50"}
2017-07-20T08:50:08+0200 : 2|admin|page|get-data-by-id|{"id":"29"}
2017-07-20T08:50:09+0200 : 2|admin|tags|load-tags-for-element|{"assignmentCId":"29","assignmentCType":"document","page":"1","start":"0","limit":"25"}
2017-07-20T08:50:09+0200 : 2|admin|tags|tree-get-children-by-id|{"showSelection":"true","assignmentCId":"29","assignmentCType":"document","node":"root"}
2017-07-20T08:50:09+0200 : 2|admin|tags|tree-get-children-by-id|{"showSelection":"true","assignmentCId":"29","assignmentCType":"document","node":"0"}
2017-07-20T08:50:09+0200 : 2|admin|misc|json-translations-admin|{"language":"en"}
2017-07-20T08:50:09+0200 : 2|admin|misc|json-translations-system|{"language":"en"}
2017-07-20T08:50:09+0200 : 2|admin|element|note-list|{"xaction":"read","cid":"29","ctype":"document","page":"1","start":"0","limit":"50"}
2017-07-20T08:55:39+0200 : 2|admin|misc|ping|[]
2017-07-20T09:18:39+0200 : 2|admin|misc|ping|[]
2017-07-20T09:28:50+0200 : 2|admin|misc|get-available-modules|{"page":"1","start":"0","limit":"25"}
2017-07-20T09:28:50+0200 : 2|admin|misc|get-available-templates|{"page":"1","start":"0","limit":"25"}
2017-07-20T09:41:39+0200 : 2|admin|misc|ping|[]
2017-07-20T10:04:39+0200 : 2|admin|misc|ping|[]
2017-07-20T10:27:39+0200 : 2|admin|misc|ping|[]
2017-07-20T10:50:39+0200 : 2|admin|misc|ping|[]
2017-07-20T11:13:39+0200 : 2|admin|misc|ping|[]
2017-07-20T11:35:22+0200 : 2|admin|page|save-to-session|{"id":"29","data":"{\"publication_landing_heading\":{\"data\":\"...","properties":"{\"promoCode\":{\"data\":\"99999\",\"type\":\"tex...","settings":"{\"title\":\"Publication Landing\",\"descript..."}
2017-07-20T11:36:39+0200 : 2|admin|misc|ping|[]
2017-07-20T11:51:47+0200 : 2|admin|document|tree-get-childs-by-id|{"limit":"100","view":"","fromPaging":"0","start":"0","node":"92"}
2017-07-20T11:51:49+0200 : 2|admin|snippet|get-data-by-id|{"id":"102"}
2017-07-20T11:51:49+0200 : 2|admin|tags|load-tags-for-element|{"assignmentCId":"102","assignmentCType":"document","page":"1","start":"0","limit":"25"}
2017-07-20T11:51:49+0200 : 2|admin|tags|tree-get-children-by-id|{"showSelection":"true","assignmentCId":"102","assignmentCType":"document","node":"root"}
2017-07-20T11:51:49+0200 : 2|admin|tags|tree-get-children-by-id|{"showSelection":"true","assignmentCId":"102","assignmentCType":"document","node":"0"}
2017-07-20T11:51:50+0200 : 2|admin|misc|json-translations-system|{"language":"en"}
2017-07-20T11:51:50+0200 : 2|admin|misc|json-translations-admin|{"language":"en"}
2017-07-20T11:51:50+0200 : 2|admin|element|note-list|{"xaction":"read","cid":"102","ctype":"document","page":"1","start":"0","limit":"50"}
2017-07-20T11:59:39+0200 : 2|admin|misc|ping|[]
2017-07-20T12:22:39+0200 : 2|admin|misc|ping|[]
2017-07-20T12:45:39+0200 : 2|admin|misc|ping|[]
2017-07-20T13:08:39+0200 : 2|admin|misc|ping|[]
2017-07-20T13:31:39+0200 : 2|admin|misc|ping|[]
2017-07-20T13:54:39+0200 : 2|admin|misc|ping|[]
2017-07-20T14:17:39+0200 : 2|admin|misc|ping|[]
2017-07-20T14:40:39+0200 : 2|admin|misc|ping|[]
2017-07-20T15:03:39+0200 : 2|admin|misc|ping|[]
2017-07-20T15:26:39+0200 : 2|admin|misc|ping|[]
2017-07-20T15:49:39+0200 : 2|admin|misc|ping|[]
2017-07-21T06:59:25+0200 : 0|admin|login|index|[]
2017-07-21T06:59:31+0200 : 0|admin|login|login|{"username":"admin"}
2017-07-21T06:59:31+0200 : 2|admin|index|index|[]
2017-07-21T06:59:31+0200 : 2|admin|misc|json-translations-system|{"language":"en"}
2017-07-21T06:59:31+0200 : 2|admin|misc|available-languages|[]
2017-07-21T06:59:31+0200 : 2|admin|misc|json-translations-admin|{"language":"en"}
2017-07-21T06:59:31+0200 : 2|admin|user|get-image|[]
2017-07-21T06:59:31+0200 : 2|admin|user|get-current-user|[]
2017-07-21T06:59:32+0200 : 2|admin|misc|admin-css|{"extjs6":"true?_dc=3961"}
2017-07-21T06:59:34+0200 : 2|admin|class|get-tree|{"page":"1","start":"0","limit":"25"}
2017-07-21T06:59:34+0200 : 2|admin|class|get-tree|{"createAllowed":"true","page":"1","start":"0","limit":"25"}
2017-07-21T06:59:34+0200 : 2|admin|settings|get-available-sites|{"page":"1","start":"0","limit":"25"}
2017-07-21T06:59:34+0200 : 2|admin|settings|get-available-admin-languages|{"page":"1","start":"0","limit":"25"}
2017-07-21T06:59:34+0200 : 2|reports|targeting|persona-list|{"page":"1","start":"0","limit":"25"}
2017-07-21T06:59:34+0200 : 2|admin|document|tree-get-root|{"id":"1","view":""}
2017-07-21T06:59:34+0200 : 2|admin|object|tree-get-root|{"id":"","view":""}
2017-07-21T06:59:34+0200 : 2|admin|asset|tree-get-root|{"id":"1","view":""}
2017-07-21T06:59:34+0200 : 2|admin|portal|dashboard-list|[]
2017-07-21T06:59:34+0200 : 2|admin|document|doc-types|{"xaction":"read","page":"1","start":"0","limit":"25"}
2017-07-21T06:59:35+0200 : 2|admin|document|tree-get-childs-by-id|{"limit":"100","view":"","node":"1"}
2017-07-21T06:59:35+0200 : 2|admin|document|tree-get-childs-by-id|{"limit":"100","view":"","node":"1"}
2017-07-21T06:59:35+0200 : 2|admin|asset|tree-get-childs-by-id|{"limit":"30","view":"","node":"1"}
2017-07-21T06:59:35+0200 : 2|admin|asset|tree-get-childs-by-id|{"limit":"30","view":"","node":"1"}
2017-07-21T06:59:35+0200 : 2|admin|object|tree-get-childs-by-id|{"limit":"30","view":"","node":"1"}
2017-07-21T06:59:35+0200 : 2|admin|object|tree-get-childs-by-id|{"limit":"30","view":"","node":"1"}
2017-07-21T06:59:35+0200 : 2|reports|custom-report|get-report-config|[]
2017-07-21T06:59:58+0200 : 2|admin|object|tree-get-childs-by-id|{"limit":"30","view":"","fromPaging":"0","start":"0","node":"46"}
2017-07-21T07:00:04+0200 : 2|admin|translation|add-admin-translation-keys|{"keys":"[\"article\",\"backendproduct\",\"category\",\"..."}
2017-07-21T07:00:17+0200 : 2|admin|object|tree-get-childs-by-id|{"limit":"30","view":"","fromPaging":"0","start":"0","node":"4533"}
2017-07-21T07:00:19+0200 : 2|admin|object|get|{"id":"4535"}
2017-07-21T07:00:20+0200 : 2|admin|tags|tree-get-children-by-id|{"showSelection":"true","assignmentCId":"4535","assignmentCType":"object","node":"0"}
2017-07-21T07:00:20+0200 : 2|admin|tags|load-tags-for-element|{"assignmentCId":"4535","assignmentCType":"object","page":"1","start":"0","limit":"25"}
2017-07-21T07:00:20+0200 : 2|admin|tags|tree-get-children-by-id|{"showSelection":"true","assignmentCId":"4535","assignmentCType":"object","node":"root"}
2017-07-21T07:00:20+0200 : 2|admin|element|note-list|{"xaction":"read","cid":"4535","ctype":"object","page":"1","start":"0","limit":"50"}
2017-07-21T07:00:34+0200 : 2|admin|translation|add-admin-translation-keys|{"keys":"[\"master (admin mode)\",\"master\",\"product..."}
2017-07-21T07:22:34+0200 : 2|admin|misc|ping|[]
2017-07-21T07:45:34+0200 : 2|admin|misc|ping|[]
2017-07-21T08:02:49+0200 : 2|admin|object|get-versions|{"id":"4535","page":"1","start":"0","limit":"25"}
2017-07-21T08:02:52+0200 : 2|admin|object|get|{"id":"4606"}
2017-07-21T08:02:53+0200 : 2|admin|tags|load-tags-for-element|{"assignmentCId":"4606","assignmentCType":"object","page":"1","start":"0","limit":"25"}
2017-07-21T08:02:53+0200 : 2|admin|tags|tree-get-children-by-id|{"showSelection":"true","assignmentCId":"4606","assignmentCType":"object","node":"root"}
2017-07-21T08:02:53+0200 : 2|admin|tags|tree-get-children-by-id|{"showSelection":"true","assignmentCId":"4606","assignmentCType":"object","node":"0"}
2017-07-21T08:02:53+0200 : 2|admin|element|note-list|{"xaction":"read","cid":"4606","ctype":"object","page":"1","start":"0","limit":"50"}
2017-07-21T08:02:55+0200 : 2|admin|object|get-versions|{"id":"4606","page":"1","start":"0","limit":"25"}
2017-07-21T08:03:02+0200 : 2|admin|object|get-requires-dependencies|{"id":"4606"}
2017-07-21T08:03:02+0200 : 2|admin|object|get-required-by-dependencies|{"id":"4606"}
2017-07-21T08:03:04+0200 : 2|admin|translation|add-admin-translation-keys|{"keys":"[\"name\",\"company name\",\"phone\",\"email\",\"..."}
2017-07-21T08:08:34+0200 : 2|admin|misc|ping|[]
2017-07-21T08:31:34+0200 : 2|admin|misc|ping|[]
2017-07-21T08:54:34+0200 : 2|admin|misc|ping|[]
2017-07-21T09:17:34+0200 : 2|admin|misc|ping|[]
2017-07-21T09:40:34+0200 : 2|admin|misc|ping|[]
2017-07-21T10:03:34+0200 : 2|admin|misc|ping|[]
2017-07-21T10:26:34+0200 : 2|admin|misc|ping|[]
2017-07-21T10:49:34+0200 : 2|admin|misc|ping|[]
2017-07-21T11:12:34+0200 : 2|admin|misc|ping|[]
2017-07-21T11:35:34+0200 : 2|admin|misc|ping|[]
2017-07-21T11:58:34+0200 : 2|admin|misc|ping|[]
2017-07-21T12:21:34+0200 : 2|admin|misc|ping|[]
2017-07-21T12:44:34+0200 : 2|admin|misc|ping|[]
2017-07-21T13:07:34+0200 : 2|admin|misc|ping|[]
2017-07-21T13:30:34+0200 : 2|admin|misc|ping|[]
2017-07-21T13:53:34+0200 : 2|admin|misc|ping|[]
2017-07-21T14:16:34+0200 : 2|admin|misc|ping|[]
2017-07-24T07:49:17+0200 : 0|admin|login|index|[]
2017-07-24T07:49:24+0200 : 0|admin|login|login|{"username":"admin"}
2017-07-24T07:49:25+0200 : 2|admin|index|index|[]
2017-07-24T07:49:25+0200 : 2|admin|misc|json-translations-admin|{"language":"en"}
2017-07-24T07:49:25+0200 : 2|admin|misc|json-translations-system|{"language":"en"}
2017-07-24T07:49:25+0200 : 2|admin|misc|available-languages|[]
2017-07-24T07:49:25+0200 : 2|admin|user|get-image|[]
2017-07-24T07:49:25+0200 : 2|admin|user|get-current-user|[]
2017-07-24T07:49:25+0200 : 2|admin|misc|admin-css|{"extjs6":"true?_dc=3961"}
2017-07-24T07:49:26+0200 : 2|admin|misc|script-proxy|{"scriptPath":"\/website\/var\/system\/","scripts":"minified_javascript_core_788006c174c7e45..."}
2017-07-24T07:49:28+0200 : 2|admin|class|get-tree|{"createAllowed":"true","page":"1","start":"0","limit":"25"}
2017-07-24T07:49:28+0200 : 2|admin|class|get-tree|{"page":"1","start":"0","limit":"25"}
2017-07-24T07:49:28+0200 : 2|admin|settings|get-available-admin-languages|{"page":"1","start":"0","limit":"25"}
2017-07-24T07:49:28+0200 : 2|admin|settings|get-available-sites|{"page":"1","start":"0","limit":"25"}
2017-07-24T07:49:28+0200 : 2|reports|targeting|persona-list|{"page":"1","start":"0","limit":"25"}
2017-07-24T07:49:28+0200 : 2|admin|document|tree-get-root|{"id":"1","view":""}
2017-07-24T07:49:28+0200 : 2|admin|asset|tree-get-root|{"id":"1","view":""}
2017-07-24T07:49:28+0200 : 2|admin|object|tree-get-root|{"id":"","view":""}
2017-07-24T07:49:28+0200 : 2|admin|portal|dashboard-list|[]
2017-07-24T07:49:28+0200 : 2|admin|document|doc-types|{"xaction":"read","page":"1","start":"0","limit":"25"}
2017-07-24T07:49:29+0200 : 2|admin|document|tree-get-childs-by-id|{"limit":"100","view":"","node":"1"}
2017-07-24T07:49:29+0200 : 2|admin|document|tree-get-childs-by-id|{"limit":"100","view":"","node":"1"}
2017-07-24T07:49:29+0200 : 2|admin|asset|tree-get-childs-by-id|{"limit":"30","view":"","node":"1"}
2017-07-24T07:49:29+0200 : 2|admin|asset|tree-get-childs-by-id|{"limit":"30","view":"","node":"1"}
2017-07-24T07:49:29+0200 : 2|admin|object|tree-get-childs-by-id|{"limit":"30","view":"","node":"1"}
2017-07-24T07:49:29+0200 : 2|admin|object|tree-get-childs-by-id|{"limit":"30","view":"","node":"1"}
2017-07-24T07:49:30+0200 : 2|reports|custom-report|get-report-config|[]
2017-07-24T07:49:57+0200 : 2|admin|translation|add-admin-translation-keys|{"keys":"[\"article\",\"backendproduct\",\"category\",\"..."}
2017-07-24T08:10:58+0200 : 2|admin|object|tree-get-childs-by-id|{"limit":"30","view":"","fromPaging":"0","start":"0","node":"290"}
2017-07-24T08:11:00+0200 : 2|admin|object|get|{"id":"291"}
2017-07-24T08:11:00+0200 : 2|admin|tags|load-tags-for-element|{"assignmentCId":"291","assignmentCType":"object","page":"1","start":"0","limit":"25"}
2017-07-24T08:11:00+0200 : 2|admin|tags|tree-get-children-by-id|{"showSelection":"true","assignmentCId":"291","assignmentCType":"object","node":"root"}
2017-07-24T08:11:00+0200 : 2|admin|tags|tree-get-children-by-id|{"showSelection":"true","assignmentCId":"291","assignmentCType":"object","node":"0"}
2017-07-24T08:11:01+0200 : 2|admin|element|note-list|{"xaction":"read","cid":"291","ctype":"object","page":"1","start":"0","limit":"50"}
2017-07-24T08:11:27+0200 : 2|admin|translation|add-admin-translation-keys|{"keys":"[\"master (admin mode)\",\"master\",\"html bl..."}
2017-07-24T08:12:27+0200 : 2|admin|misc|ping|[]
2017-07-24T08:35:27+0200 : 2|admin|misc|ping|[]
2017-07-24T08:58:27+0200 : 2|admin|misc|ping|[]
2017-07-24T09:21:27+0200 : 2|admin|misc|ping|[]
2017-07-24T09:44:27+0200 : 2|admin|misc|ping|[]
2017-07-24T10:07:27+0200 : 2|admin|misc|ping|[]
2017-07-24T10:30:27+0200 : 2|admin|misc|ping|[]
2017-07-24T10:53:27+0200 : 2|admin|misc|ping|[]
2017-07-24T11:16:27+0200 : 2|admin|misc|ping|[]
2017-07-24T11:39:27+0200 : 2|admin|misc|ping|[]
2017-07-24T12:02:27+0200 : 2|admin|misc|ping|[]
2017-07-24T12:25:27+0200 : 2|admin|misc|ping|[]
2017-07-24T12:48:27+0200 : 2|admin|misc|ping|[]
2017-07-24T13:11:27+0200 : 2|admin|misc|ping|[]
2017-07-24T13:34:27+0200 : 2|admin|misc|ping|[]
2017-07-24T13:57:27+0200 : 2|admin|misc|ping|[]
2017-07-24T14:20:27+0200 : 2|admin|misc|ping|[]
2017-07-24T14:43:27+0200 : 2|admin|misc|ping|[]
2017-07-25T06:56:04+0200 : 0|admin|login|index|[]
2017-07-25T06:56:10+0200 : 0|admin|login|login|{"username":"admin"}
2017-07-25T06:56:10+0200 : 2|admin|index|index|[]
2017-07-25T06:56:11+0200 : 2|admin|misc|available-languages|[]
2017-07-25T06:56:11+0200 : 2|admin|misc|json-translations-admin|{"language":"en"}
2017-07-25T06:56:11+0200 : 2|admin|misc|json-translations-system|{"language":"en"}
2017-07-25T06:56:11+0200 : 2|admin|user|get-image|[]
2017-07-25T06:56:11+0200 : 2|admin|user|get-current-user|[]
2017-07-25T06:56:11+0200 : 2|admin|misc|admin-css|{"extjs6":"true?_dc=3961"}
2017-07-25T06:56:13+0200 : 2|admin|class|get-tree|{"page":"1","start":"0","limit":"25"}
2017-07-25T06:56:13+0200 : 2|admin|class|get-tree|{"createAllowed":"true","page":"1","start":"0","limit":"25"}
2017-07-25T06:56:13+0200 : 2|admin|settings|get-available-sites|{"page":"1","start":"0","limit":"25"}
2017-07-25T06:56:13+0200 : 2|admin|settings|get-available-admin-languages|{"page":"1","start":"0","limit":"25"}
2017-07-25T06:56:13+0200 : 2|reports|targeting|persona-list|{"page":"1","start":"0","limit":"25"}
2017-07-25T06:56:14+0200 : 2|admin|object|tree-get-root|{"id":"","view":""}
2017-07-25T06:56:14+0200 : 2|admin|document|tree-get-root|{"id":"1","view":""}
2017-07-25T06:56:14+0200 : 2|admin|asset|tree-get-root|{"id":"1","view":""}
2017-07-25T06:56:14+0200 : 2|admin|portal|dashboard-list|[]
2017-07-25T06:56:14+0200 : 2|admin|document|doc-types|{"xaction":"read","page":"1","start":"0","limit":"25"}
2017-07-25T06:56:15+0200 : 2|admin|document|tree-get-childs-by-id|{"limit":"100","view":"","node":"1"}
2017-07-25T06:56:15+0200 : 2|admin|document|tree-get-childs-by-id|{"limit":"100","view":"","node":"1"}
2017-07-25T06:56:15+0200 : 2|admin|asset|tree-get-childs-by-id|{"limit":"30","view":"","node":"1"}
2017-07-25T06:56:15+0200 : 2|admin|asset|tree-get-childs-by-id|{"limit":"30","view":"","node":"1"}
2017-07-25T06:56:15+0200 : 2|admin|object|tree-get-childs-by-id|{"limit":"30","view":"","node":"1"}
2017-07-25T06:56:15+0200 : 2|admin|object|tree-get-childs-by-id|{"limit":"30","view":"","node":"1"}
2017-07-25T06:56:15+0200 : 2|reports|custom-report|get-report-config|[]
2017-07-25T06:56:43+0200 : 2|admin|translation|add-admin-translation-keys|{"keys":"[\"article\",\"backendproduct\",\"category\",\"..."}
2017-07-25T07:19:13+0200 : 2|admin|misc|ping|[]
2017-07-25T07:42:13+0200 : 2|admin|misc|ping|[]
2017-07-25T08:05:13+0200 : 2|admin|misc|ping|[]
2017-07-25T08:28:13+0200 : 2|admin|misc|ping|[]
2017-07-25T08:51:13+0200 : 2|admin|misc|ping|[]
2017-07-25T09:14:13+0200 : 2|admin|misc|ping|[]
2017-07-25T09:37:13+0200 : 2|admin|misc|ping|[]
2017-07-25T10:00:13+0200 : 2|admin|misc|ping|[]
2017-07-25T10:23:13+0200 : 2|admin|misc|ping|[]
2017-07-25T10:46:13+0200 : 2|admin|misc|ping|[]
2017-07-25T11:09:13+0200 : 2|admin|misc|ping|[]
2017-07-25T11:32:13+0200 : 2|admin|misc|ping|[]
2017-07-25T11:55:13+0200 : 2|admin|misc|ping|[]
2017-07-25T12:18:13+0200 : 2|admin|misc|ping|[]
2017-07-25T12:41:13+0200 : 2|admin|misc|ping|[]
2017-07-25T13:04:13+0200 : 2|admin|misc|ping|[]
2017-07-25T13:27:13+0200 : 2|admin|misc|ping|[]
2017-07-25T13:50:13+0200 : 2|admin|misc|ping|[]
2017-07-25T14:13:13+0200 : 2|admin|misc|ping|[]
2017-07-25T14:36:13+0200 : 2|admin|misc|ping|[]
2017-07-25T14:59:13+0200 : 2|admin|misc|ping|[]
2017-08-23T07:39:43+0200 : 0|admin|login|index|[]
2017-08-23T07:39:50+0200 : 0|admin|login|login|{"username":"admin"}
2017-08-23T07:39:50+0200 : 2|admin|index|index|[]
2017-08-23T07:39:50+0200 : 2|admin|misc|json-translations-system|{"language":"en"}
2017-08-23T07:39:50+0200 : 2|admin|misc|available-languages|[]
2017-08-23T07:39:50+0200 : 2|admin|user|get-image|[]
2017-08-23T07:39:50+0200 : 2|admin|misc|json-translations-admin|{"language":"en"}
2017-08-23T07:39:50+0200 : 2|admin|user|get-current-user|[]
2017-08-23T07:39:50+0200 : 2|admin|misc|script-proxy|{"scriptPath":"\/website\/var\/system\/","scripts":"minified_javascript_core_788006c174c7e45..."}
2017-08-23T07:39:50+0200 : 2|admin|misc|admin-css|{"extjs6":"true?_dc=3961"}
2017-08-23T07:41:03+0200 : 2|admin|class|get-tree|{"page":"1","start":"0","limit":"25"}
2017-08-23T07:41:03+0200 : 2|admin|class|get-tree|{"createAllowed":"true","page":"1","start":"0","limit":"25"}
2017-08-23T07:41:03+0200 : 2|admin|settings|get-available-admin-languages|{"page":"1","start":"0","limit":"25"}
2017-08-23T07:41:03+0200 : 2|admin|settings|get-available-sites|{"page":"1","start":"0","limit":"25"}
2017-08-23T07:41:03+0200 : 2|reports|targeting|persona-list|{"page":"1","start":"0","limit":"25"}
2017-08-23T07:41:03+0200 : 2|admin|document|tree-get-root|{"id":"1","view":""}
2017-08-23T07:41:03+0200 : 2|admin|asset|tree-get-root|{"id":"1","view":""}
2017-08-23T07:41:03+0200 : 2|admin|portal|dashboard-list|[]
2017-08-23T07:41:03+0200 : 2|admin|object|tree-get-root|{"id":"","view":""}
2017-08-23T07:41:03+0200 : 2|admin|document|doc-types|{"xaction":"read","page":"1","start":"0","limit":"25"}
2017-08-23T07:41:03+0200 : 2|admin|document|tree-get-childs-by-id|{"limit":"100","view":"","node":"1"}
2017-08-23T07:41:03+0200 : 2|admin|document|tree-get-childs-by-id|{"limit":"100","view":"","node":"1"}
2017-08-23T07:41:03+0200 : 2|admin|asset|tree-get-childs-by-id|{"limit":"30","view":"","node":"1"}
2017-08-23T07:41:03+0200 : 2|admin|asset|tree-get-childs-by-id|{"limit":"30","view":"","node":"1"}
2017-08-23T07:41:03+0200 : 2|admin|object|tree-get-childs-by-id|{"limit":"30","view":"","node":"1"}
2017-08-23T07:41:03+0200 : 2|admin|object|tree-get-childs-by-id|{"limit":"30","view":"","node":"1"}
2017-08-23T07:41:04+0200 : 2|reports|custom-report|get-report-config|[]
2017-08-23T07:41:33+0200 : 2|admin|translation|add-admin-translation-keys|{"keys":"[\"article\",\"backendproduct\",\"category\",\"..."}
2017-08-23T07:42:07+0200 : 2|admin|document|tree-get-childs-by-id|{"limit":"100","view":"","fromPaging":"0","start":"0","node":"18"}
2017-08-23T07:42:12+0200 : 2|admin|document|tree-get-childs-by-id|{"limit":"100","view":"","fromPaging":"0","start":"0","node":"2"}
2017-08-23T07:44:35+0200 : 2|admin|asset|get-image-thumbnail|{"id":"22","treepreview":"true"}
2017-08-23T07:44:35+0200 : 2|admin|asset|get-image-thumbnail|{"id":"20","treepreview":"true"}
2017-08-23T07:44:35+0200 : 2|admin|asset|get-image-thumbnail|{"id":"21","treepreview":"true"}
2017-08-23T07:44:35+0200 : 2|admin|asset|get-image-thumbnail|{"id":"19","treepreview":"true"}
2017-08-23T08:01:12+0200 : 2|admin|page|get-data-by-id|{"id":"1"}
2017-08-23T08:01:13+0200 : 2|admin|tags|load-tags-for-element|{"assignmentCId":"1","assignmentCType":"document","page":"1","start":"0","limit":"25"}
2017-08-23T08:01:13+0200 : 2|admin|tags|tree-get-children-by-id|{"showSelection":"true","assignmentCId":"1","assignmentCType":"document","node":"root"}
2017-08-23T08:01:13+0200 : 2|admin|tags|tree-get-children-by-id|{"showSelection":"true","assignmentCId":"1","assignmentCType":"document","node":"0"}
2017-08-23T08:01:13+0200 : 2|admin|element|note-list|{"xaction":"read","cid":"1","ctype":"document","page":"1","start":"0","limit":"50"}
2017-08-23T08:01:13+0200 : 2|admin|misc|script-proxy|{"scriptPath":"\/website\/var\/system\/","scripts":"minified_javascript_core_4644dc8a29b6fea..."}
2017-08-23T08:01:13+0200 : 2|admin|misc|json-translations-admin|{"language":"en"}
2017-08-23T08:01:13+0200 : 2|admin|misc|json-translations-system|{"language":"en"}
2017-08-23T08:01:15+0200 : 2|admin|asset|get-image-thumbnail|{"id":"25","width":"380","height":"460","path":"\/ui-images\/resource-3.png","alt":"","cropPercent":"","cropWidth":"","cropHeight":"","cropTop":"","cropLeft":""}
2017-08-23T08:01:15+0200 : 2|admin|asset|get-image-thumbnail|{"id":"24","width":"187","aspectratio":"true","path":"\/ui-images\/resource-image.png","alt":"","cropPercent":"","cropWidth":"","cropHeight":"","cropTop":"","cropLeft":""}
2017-08-23T08:01:17+0200 : 2|admin|misc|get-available-modules|{"page":"1","start":"0","limit":"25"}
2017-08-23T08:01:17+0200 : 2|admin|misc|get-available-templates|{"page":"1","start":"0","limit":"25"}
2017-08-23T08:01:33+0200 : 2|admin|translation|add-admin-translation-keys|{"keys":"[\"left sidebar template\",\"right sidebar ..."}
2017-08-23T08:01:57+0200 : 2|admin|misc|get-valid-filename|{"value":"pooling"}
2017-08-23T08:01:57+0200 : 2|admin|document|add|{"key":"pooling","name":"pooling","title":"CarPooling","type":"page","docTypeId":"","elementType":"document","index":"22","parentId":"1"}
2017-08-23T08:01:58+0200 : 2|admin|page|get-data-by-id|{"id":"104"}
2017-08-23T08:01:58+0200 : 2|admin|document|tree-get-childs-by-id|{"limit":"100","view":"","fromPaging":"0","start":"0","node":"1"}
2017-08-23T08:01:58+0200 : 2|admin|tags|load-tags-for-element|{"assignmentCId":"104","assignmentCType":"document","page":"1","start":"0","limit":"25"}
2017-08-23T08:01:58+0200 : 2|admin|tags|tree-get-children-by-id|{"showSelection":"true","assignmentCId":"104","assignmentCType":"document","node":"root"}
2017-08-23T08:01:58+0200 : 2|admin|tags|tree-get-children-by-id|{"showSelection":"true","assignmentCId":"104","assignmentCType":"document","node":"0"}
2017-08-23T08:01:58+0200 : 2|admin|misc|json-translations-system|{"language":"en"}
2017-08-23T08:01:58+0200 : 2|admin|misc|json-translations-admin|{"language":"en"}
2017-08-23T08:01:59+0200 : 2|admin|element|note-list|{"xaction":"read","cid":"104","ctype":"document","page":"1","start":"0","limit":"50"}
2017-08-23T08:02:08+0200 : 2|admin|misc|get-available-modules|{"page":"1","start":"0","limit":"25"}
2017-08-23T08:02:08+0200 : 2|admin|misc|get-available-templates|{"page":"1","start":"0","limit":"25"}
2017-08-23T08:02:11+0200 : 2|admin|misc|get-available-controllers|{"moduleName":"","page":"1","start":"0","limit":"25"}
2017-08-23T08:02:12+0200 : 2|admin|misc|get-available-controllers|{"query":"","page":"1","start":"0","limit":"25"}
2017-08-23T08:02:56+0200 : 2|admin|misc|get-available-controllers|{"moduleName":"","page":"1","start":"0","limit":"25"}
2017-08-23T08:03:03+0200 : 2|admin|misc|get-available-actions|{"moduleName":"","controllerName":"car-pooling","page":"1","start":"0","limit":"25"}
2017-08-23T08:04:03+0200 : 2|admin|misc|ping|[]
2017-08-23T08:27:03+0200 : 2|admin|misc|ping|[]
2017-08-23T08:27:39+0200 : 2|admin|misc|get-available-actions|{"moduleName":"","controllerName":"car-pooling","page":"1","start":"0","limit":"25"}
2017-08-23T08:27:41+0200 : 2|admin|misc|get-available-actions|{"moduleName":"","controllerName":"car-pooling","page":"1","start":"0","limit":"25"}
2017-08-23T08:27:41+0200 : 2|admin|misc|get-available-controllers|{"moduleName":"","page":"1","start":"0","limit":"25"}
2017-08-23T08:27:41+0200 : 2|admin|misc|get-available-actions|{"moduleName":"","controllerName":"car-pooling","page":"1","start":"0","limit":"25"}
2017-08-23T08:27:42+0200 : 2|admin|misc|get-available-actions|{"moduleName":"","controllerName":"car-pooling","page":"1","start":"0","limit":"25"}
2017-08-23T08:27:42+0200 : 2|admin|misc|get-available-controllers|{"moduleName":"","page":"1","start":"0","limit":"25"}
2017-08-23T08:27:42+0200 : 2|admin|misc|get-available-actions|{"moduleName":"","controllerName":"car-pooling","page":"1","start":"0","limit":"25"}
2017-08-23T08:27:43+0200 : 2|admin|misc|get-available-actions|{"moduleName":"","controllerName":"car-pooling","page":"1","start":"0","limit":"25"}
2017-08-23T08:27:43+0200 : 2|admin|misc|get-available-controllers|{"moduleName":"","page":"1","start":"0","limit":"25"}
2017-08-23T08:27:43+0200 : 2|admin|misc|get-available-actions|{"moduleName":"","controllerName":"car-pooling","page":"1","start":"0","limit":"25"}
2017-08-23T08:27:44+0200 : 2|admin|misc|get-available-actions|{"moduleName":"","controllerName":"car-pooling","page":"1","start":"0","limit":"25"}
2017-08-23T08:27:44+0200 : 2|admin|misc|get-available-controllers|{"moduleName":"","page":"1","start":"0","limit":"25"}
2017-08-23T08:27:44+0200 : 2|admin|misc|get-available-actions|{"moduleName":"","controllerName":"car-pooling","page":"1","start":"0","limit":"25"}
2017-08-23T08:27:46+0200 : 2|admin|misc|get-available-actions|{"moduleName":"","controllerName":"car-pooling","page":"1","start":"0","limit":"25"}
2017-08-23T08:27:46+0200 : 2|admin|misc|get-available-controllers|{"moduleName":"","page":"1","start":"0","limit":"25"}
2017-08-23T08:27:46+0200 : 2|admin|misc|get-available-actions|{"moduleName":"","controllerName":"car-pooling","page":"1","start":"0","limit":"25"}
2017-08-23T08:27:50+0200 : 2|admin|misc|get-available-actions|{"moduleName":"","controllerName":"car-pooling","page":"1","start":"0","limit":"25"}
2017-08-23T08:27:50+0200 : 2|admin|misc|get-available-controllers|{"moduleName":"","page":"1","start":"0","limit":"25"}
2017-08-23T08:27:50+0200 : 2|admin|misc|get-available-actions|{"moduleName":"","controllerName":"car-pooling","page":"1","start":"0","limit":"25"}
2017-08-23T08:27:51+0200 : 2|admin|misc|get-available-actions|{"moduleName":"","controllerName":".-html-block.swp","page":"1","start":"0","limit":"25"}
2017-08-23T08:27:51+0200 : 2|admin|misc|get-available-controllers|{"moduleName":"","page":"1","start":"0","limit":"25"}
2017-08-23T08:27:51+0200 : 2|admin|misc|get-available-actions|{"moduleName":"","controllerName":".-html-block.swp","page":"1","start":"0","limit":"25"}
2017-08-23T08:27:52+0200 : 2|admin|misc|get-available-actions|{"moduleName":"","controllerName":".-html-block.swp","page":"1","start":"0","limit":"25"}
2017-08-23T08:27:52+0200 : 2|admin|misc|get-available-controllers|{"moduleName":"","page":"1","start":"0","limit":"25"}
2017-08-23T08:27:52+0200 : 2|admin|misc|get-available-actions|{"moduleName":"","controllerName":".-html-block.swp","page":"1","start":"0","limit":"25"}
2017-08-23T08:27:55+0200 : 2|admin|element|unlock-element|{"id":"104","type":"document"}
2017-08-23T08:27:55+0200 : 2|admin|page|remove-from-session|{"id":"104"}
2017-08-23T08:27:55+0200 : 2|admin|page|get-data-by-id|{"id":"104"}
2017-08-23T08:27:56+0200 : 2|admin|tags|load-tags-for-element|{"assignmentCId":"104","assignmentCType":"document","page":"1","start":"0","limit":"25"}
2017-08-23T08:27:56+0200 : 2|admin|tags|tree-get-children-by-id|{"showSelection":"true","assignmentCId":"104","assignmentCType":"document","node":"root"}
2017-08-23T08:27:56+0200 : 2|admin|tags|tree-get-children-by-id|{"showSelection":"true","assignmentCId":"104","assignmentCType":"document","node":"0"}
2017-08-23T08:27:56+0200 : 2|admin|misc|json-translations-system|{"language":"en"}
2017-08-23T08:27:56+0200 : 2|admin|misc|json-translations-admin|{"language":"en"}
2017-08-23T08:27:56+0200 : 2|admin|element|note-list|{"xaction":"read","cid":"104","ctype":"document","page":"1","start":"0","limit":"50"}
2017-08-23T08:28:00+0200 : 2|admin|misc|get-available-modules|{"page":"1","start":"0","limit":"25"}
2017-08-23T08:28:00+0200 : 2|admin|misc|get-available-templates|{"page":"1","start":"0","limit":"25"}
2017-08-23T08:28:03+0200 : 2|admin|misc|get-available-controllers|{"moduleName":"","page":"1","start":"0","limit":"25"}
2017-08-23T08:28:04+0200 : 2|admin|misc|get-available-controllers|{"query":"","page":"1","start":"0","limit":"25"}
2017-08-23T08:28:07+0200 : 2|admin|misc|get-available-actions|{"moduleName":"","controllerName":"car-pooling","page":"1","start":"0","limit":"25"}
2017-08-23T08:28:10+0200 : 2|admin|misc|get-available-actions|{"moduleName":"","controllerName":"car-pooling","page":"1","start":"0","limit":"25"}
2017-08-23T08:28:15+0200 : 2|admin|document|tree-get-childs-by-id|{"limit":"100","view":"","fromPaging":"0","start":"0","node":"2"}
2017-08-23T08:28:17+0200 : 2|admin|document|tree-get-childs-by-id|{"limit":"100","view":"","fromPaging":"0","start":"0","node":"18"}
2017-08-23T08:28:43+0200 : 2|admin|misc|get-available-actions|{"moduleName":"","controllerName":"car-pooling","page":"1","start":"0","limit":"25"}
2017-08-23T08:28:53+0200 : 2|admin|misc|get-available-actions|{"moduleName":"","controllerName":"car-pooling","page":"1","start":"0","limit":"25"}
2017-08-23T08:28:53+0200 : 2|admin|misc|get-available-controllers|{"moduleName":"","page":"1","start":"0","limit":"25"}
2017-08-23T08:28:53+0200 : 2|admin|misc|get-available-actions|{"moduleName":"","controllerName":"car-pooling","page":"1","start":"0","limit":"25"}
2017-08-23T08:28:54+0200 : 2|admin|misc|get-available-controllers|{"moduleName":"","page":"1","start":"0","limit":"25"}
2017-08-23T08:28:54+0200 : 2|admin|misc|get-available-actions|{"moduleName":"","controllerName":"compliance-library","page":"1","start":"0","limit":"25"}
2017-08-23T08:28:54+0200 : 2|admin|misc|get-available-actions|{"moduleName":"","controllerName":"compliance-library","page":"1","start":"0","limit":"25"}
2017-08-23T08:29:04+0200 : 2|admin|misc|get-available-actions|{"moduleName":"","controllerName":"car-pooling","page":"1","start":"0","limit":"25"}
2017-08-23T08:50:03+0200 : 2|admin|misc|ping|[]
2017-08-23T09:13:03+0200 : 2|admin|misc|ping|[]
2017-08-23T09:36:03+0200 : 2|admin|misc|ping|[]
2017-08-23T09:59:03+0200 : 2|admin|misc|ping|[]
2017-08-23T10:22:03+0200 : 2|admin|misc|ping|[]
2017-08-23T10:45:03+0200 : 2|admin|misc|ping|[]
2017-08-23T11:00:52+0200 : 2|admin|asset|get-image-thumbnail|{"id":"530","treepreview":"true"}
2017-08-23T11:00:52+0200 : 2|admin|asset|get-image-thumbnail|{"id":"533","treepreview":"true"}
2017-08-23T11:00:52+0200 : 2|admin|asset|get-image-thumbnail|{"id":"531","treepreview":"true"}
2017-08-23T11:00:52+0200 : 2|admin|asset|get-image-thumbnail|{"id":"532","treepreview":"true"}
2017-08-23T11:00:52+0200 : 2|admin|asset|get-image-thumbnail|{"id":"534","treepreview":"true"}
2017-08-23T11:01:16+0200 : 2|admin|external_adminer|adminer|[]
2017-08-23T11:01:16+0200 : 2|admin|external_adminer|adminer|{"username":"root","db":"jjkeller_db"}
2017-08-23T11:01:16+0200 : 2|admin|external_adminer|adminer|{"static":"default.css"}
2017-08-23T11:01:16+0200 : 2|admin|external_adminer|adminer|{"static":"functions.js"}
2017-08-23T11:01:16+0200 : 2|admin|external_adminer|externals|{"jush":"jush.css"}
2017-08-23T11:01:16+0200 : 2|admin|external_adminer|adminer|{"static":"editing.js"}
2017-08-23T11:01:37+0200 : 2|admin|external_adminer|adminer|{"username":"root","db":"jjkeller_db","table":"object_query_1"}
2017-08-23T11:01:37+0200 : 2|admin|external_adminer|adminer|{"static":"default.css"}
2017-08-23T11:01:37+0200 : 2|admin|external_adminer|adminer|{"static":"functions.js"}
2017-08-23T11:01:37+0200 : 2|admin|external_adminer|adminer|{"static":"editing.js"}
2017-08-23T11:01:37+0200 : 2|admin|external_adminer|externals|{"jush":"jush.css"}
2017-08-23T11:01:37+0200 : 2|admin|external_adminer|externals|{"jush":"modules"}
2017-08-23T11:01:37+0200 : 2|admin|external_adminer|externals|{"jush":"modules"}
2017-08-23T11:01:37+0200 : 2|admin|external_adminer|externals|{"jush":"modules"}
2017-08-23T11:01:37+0200 : 2|admin|external_adminer|externals|{"jush":"modules"}
2017-08-23T11:02:49+0200 : 2|admin|asset|get-image-thumbnail|{"id":"20","treepreview":"true"}
2017-08-23T11:02:49+0200 : 2|admin|asset|get-image-thumbnail|{"id":"22","treepreview":"true"}
2017-08-23T11:02:49+0200 : 2|admin|asset|get-image-thumbnail|{"id":"21","treepreview":"true"}
2017-08-23T11:02:49+0200 : 2|admin|asset|get-image-thumbnail|{"id":"19","treepreview":"true"}
2017-08-23T11:08:03+0200 : 2|admin|misc|ping|[]
2017-08-23T11:31:03+0200 : 2|admin|misc|ping|[]
2017-08-23T11:54:03+0200 : 2|admin|misc|ping|[]
2017-08-23T12:17:03+0200 : 2|admin|misc|ping|[]
2017-08-23T12:40:03+0200 : 2|admin|misc|ping|[]
2017-08-23T13:03:03+0200 : 2|admin|misc|ping|[]
2017-08-23T13:26:03+0200 : 2|admin|misc|ping|[]
2017-08-23T13:49:03+0200 : 2|admin|misc|ping|[]
2017-08-23T14:12:03+0200 : 2|admin|misc|ping|[]
2017-08-23T14:35:03+0200 : 2|admin|misc|ping|[]
2017-08-23T14:58:03+0200 : 2|admin|misc|ping|[]
2017-08-28T11:11:56+0200 : 0|admin|login|index|[]
2017-08-28T11:12:04+0200 : 0|admin|login|login|{"username":"admin"}
2017-08-28T11:12:04+0200 : 2|admin|index|index|[]
2017-08-28T11:12:05+0200 : 2|admin|user|get-current-user|[]
2017-08-28T11:12:05+0200 : 2|admin|misc|json-translations-system|{"language":"en"}
2017-08-28T11:12:05+0200 : 2|admin|misc|available-languages|[]
2017-08-28T11:12:05+0200 : 2|admin|misc|json-translations-admin|{"language":"en"}
2017-08-28T11:12:05+0200 : 2|admin|user|get-image|[]
2017-08-28T11:12:05+0200 : 2|admin|misc|admin-css|{"extjs6":"true?_dc=3961"}
2017-08-28T11:12:06+0200 : 2|admin|misc|script-proxy|{"scriptPath":"\/website\/var\/system\/","scripts":"minified_javascript_core_788006c174c7e45..."}
2017-08-28T11:12:08+0200 : 2|admin|class|get-tree|{"page":"1","start":"0","limit":"25"}
2017-08-28T11:12:08+0200 : 2|admin|class|get-tree|{"createAllowed":"true","page":"1","start":"0","limit":"25"}
2017-08-28T11:12:08+0200 : 2|admin|settings|get-available-admin-languages|{"page":"1","start":"0","limit":"25"}
2017-08-28T11:12:08+0200 : 2|admin|settings|get-available-sites|{"page":"1","start":"0","limit":"25"}
2017-08-28T11:12:08+0200 : 2|reports|targeting|persona-list|{"page":"1","start":"0","limit":"25"}
2017-08-28T11:12:08+0200 : 2|admin|document|tree-get-root|{"id":"1","view":""}
2017-08-28T11:12:08+0200 : 2|admin|asset|tree-get-root|{"id":"1","view":""}
2017-08-28T11:12:08+0200 : 2|admin|object|tree-get-root|{"id":"","view":""}
2017-08-28T11:12:08+0200 : 2|admin|portal|dashboard-list|[]
2017-08-28T11:12:08+0200 : 2|admin|document|doc-types|{"xaction":"read","page":"1","start":"0","limit":"25"}
2017-08-28T11:12:09+0200 : 2|admin|document|tree-get-childs-by-id|{"limit":"100","view":"","node":"1"}
2017-08-28T11:12:09+0200 : 2|admin|document|tree-get-childs-by-id|{"limit":"100","view":"","node":"1"}
2017-08-28T11:12:09+0200 : 2|admin|asset|tree-get-childs-by-id|{"limit":"30","view":"","node":"1"}
2017-08-28T11:12:09+0200 : 2|admin|asset|tree-get-childs-by-id|{"limit":"30","view":"","node":"1"}
2017-08-28T11:12:09+0200 : 2|admin|object|tree-get-childs-by-id|{"limit":"30","view":"","node":"1"}
2017-08-28T11:12:09+0200 : 2|admin|object|tree-get-childs-by-id|{"limit":"30","view":"","node":"1"}
2017-08-28T11:12:10+0200 : 2|reports|custom-report|get-report-config|[]
2017-08-28T11:12:38+0200 : 2|admin|translation|add-admin-translation-keys|{"keys":"[\"article\",\"backendproduct\",\"category\",\"..."}
2017-08-28T11:12:40+0200 : 2|admin|login|logout|[]
2017-08-28T11:12:40+0200 : 0|admin|login|index|[]
2017-10-04T08:47:02+0200 : 0|admin|login|index|[]
2017-10-04T08:47:06+0200 : 0|admin|login|login|{"username":"admin"}
2017-10-04T08:47:06+0200 : 2|admin|index|index|[]
2017-10-04T08:47:06+0200 : 2|admin|user|get-current-user|[]
2017-10-04T08:47:06+0200 : 2|admin|user|get-image|[]
2017-10-04T08:47:06+0200 : 2|admin|misc|json-translations-admin|{"language":"en"}
2017-10-04T08:47:06+0200 : 2|admin|misc|json-translations-system|{"language":"en"}
2017-10-04T08:47:06+0200 : 2|admin|misc|available-languages|[]
2017-10-04T08:47:06+0200 : 2|admin|misc|script-proxy|{"scriptPath":"\/website\/var\/system\/","scripts":"minified_javascript_core_788006c174c7e45..."}
2017-10-04T08:47:06+0200 : 2|admin|misc|admin-css|{"extjs6":"true?_dc=3961"}
2017-10-04T08:47:58+0200 : 2|admin|index|index|[]
2017-10-04T08:47:59+0200 : 2|admin|index|index|[]
2017-10-04T08:47:59+0200 : 2|admin|index|index|[]
2017-10-04T08:47:59+0200 : 2|admin|misc|json-translations-system|{"language":"en"}
2017-10-04T08:47:59+0200 : 2|admin|misc|available-languages|[]
2017-10-04T08:47:59+0200 : 2|admin|user|get-current-user|[]
2017-10-04T08:47:59+0200 : 2|admin|misc|json-translations-admin|{"language":"en"}
2017-10-04T08:47:59+0200 : 2|admin|misc|script-proxy|{"scriptPath":"\/website\/var\/system\/","scripts":"minified_javascript_core_788006c174c7e45..."}
2017-10-04T08:47:59+0200 : 2|admin|misc|admin-css|{"extjs6":"true?_dc=3961"}
2017-10-04T08:47:59+0200 : 2|admin|user|get-image|[]
2017-10-04T08:48:00+0200 : 2|admin|class|get-tree|{"page":"1","start":"0","limit":"25"}
2017-10-04T08:48:00+0200 : 2|admin|class|get-tree|{"createAllowed":"true","page":"1","start":"0","limit":"25"}
2017-10-04T08:48:00+0200 : 2|reports|targeting|persona-list|{"page":"1","start":"0","limit":"25"}
2017-10-04T08:48:00+0200 : 2|admin|settings|get-available-admin-languages|{"page":"1","start":"0","limit":"25"}
2017-10-04T08:48:00+0200 : 2|admin|settings|get-available-sites|{"page":"1","start":"0","limit":"25"}
2017-10-04T08:48:00+0200 : 2|admin|document|tree-get-root|{"id":"1","view":""}
2017-10-04T08:48:01+0200 : 2|admin|portal|dashboard-list|[]
2017-10-04T08:48:01+0200 : 2|admin|document|doc-types|{"xaction":"read","page":"1","start":"0","limit":"25"}
2017-10-04T08:48:01+0200 : 2|admin|object|tree-get-root|{"id":"","view":""}
2017-10-04T08:48:01+0200 : 2|admin|asset|tree-get-root|{"id":"1","view":""}
2017-10-04T08:48:01+0200 : 2|admin|document|tree-get-childs-by-id|{"limit":"100","view":"","node":"1"}
2017-10-04T08:48:01+0200 : 2|admin|document|tree-get-childs-by-id|{"limit":"100","view":"","node":"1"}
2017-10-04T08:48:01+0200 : 2|admin|asset|tree-get-childs-by-id|{"limit":"30","view":"","node":"1"}
2017-10-04T08:48:01+0200 : 2|admin|asset|tree-get-childs-by-id|{"limit":"30","view":"","node":"1"}
2017-10-04T08:48:01+0200 : 2|admin|object|tree-get-childs-by-id|{"limit":"30","view":"","node":"1"}
2017-10-04T08:48:01+0200 : 2|admin|object|tree-get-childs-by-id|{"limit":"30","view":"","node":"1"}
2017-10-04T08:48:01+0200 : 2|reports|custom-report|get-report-config|[]
2017-10-04T08:48:06+0200 : 2|admin|object|tree-get-childs-by-id|{"limit":"30","view":"","fromPaging":"0","start":"0","node":"4533"}
2017-10-04T08:48:08+0200 : 2|admin|object|get|{"id":"4534"}
2017-10-04T08:48:09+0200 : 2|admin|tags|load-tags-for-element|{"assignmentCId":"4534","assignmentCType":"object","page":"1","start":"0","limit":"25"}
2017-10-04T08:48:09+0200 : 2|admin|tags|tree-get-children-by-id|{"showSelection":"true","assignmentCId":"4534","assignmentCType":"object","node":"root"}
2017-10-04T08:48:09+0200 : 2|admin|tags|tree-get-children-by-id|{"showSelection":"true","assignmentCId":"4534","assignmentCType":"object","node":"0"}
2017-10-04T08:48:09+0200 : 2|admin|element|note-list|{"xaction":"read","cid":"4534","ctype":"object","page":"1","start":"0","limit":"50"}
2017-10-04T08:48:16+0200 : 2|admin|asset|get-image-thumbnail|{"id":"558","width":"290","height":"240","contain":"true"}
2017-10-04T08:48:30+0200 : 2|admin|translation|add-admin-translation-keys|{"keys":"[\"article\",\"backendproduct\",\"category\",\"..."}
2017-10-04T08:48:59+0200 : 2|admin|object|tree-get-childs-by-id|{"limit":"30","view":"","fromPaging":"0","start":"0","node":"5"}
2017-10-04T08:49:01+0200 : 2|admin|object|tree-get-childs-by-id|{"limit":"30","view":"","fromPaging":"0","start":"0","node":"12"}
2017-10-04T09:08:59+0200 : 2|admin|class|get-tree|{"grouped":"1","node":"0"}
2017-10-04T09:09:01+0200 : 2|admin|class|get|{"id":"1"}
2017-10-04T09:11:00+0200 : 2|admin|misc|ping|[]
2017-10-04T09:34:00+0200 : 2|admin|misc|ping|[]
2017-10-04T09:57:00+0200 : 2|admin|misc|ping|[]
2017-10-04T10:20:00+0200 : 2|admin|misc|ping|[]
2017-10-04T10:43:00+0200 : 2|admin|misc|ping|[]
2017-10-04T11:06:00+0200 : 2|admin|misc|ping|[]
2017-10-04T11:29:00+0200 : 2|admin|misc|ping|[]
2017-10-04T11:52:00+0200 : 2|admin|misc|ping|[]
2017-11-08T07:50:50+0100 : 0|admin|login|index|[]
2017-11-08T07:51:00+0100 : 0|admin|login|login|{"username":"admin"}
2017-11-08T07:51:00+0100 : 2|admin|index|index|[]
2017-11-08T07:51:02+0100 : 2|admin|user|get-image|[]
2017-11-08T07:51:02+0100 : 2|admin|misc|json-translations-system|{"language":"en"}
2017-11-08T07:51:02+0100 : 2|admin|misc|available-languages|[]
2017-11-08T07:51:02+0100 : 2|admin|user|get-current-user|[]
2017-11-08T07:51:02+0100 : 2|admin|misc|json-translations-admin|{"language":"en"}
2017-11-08T07:51:02+0100 : 2|admin|misc|script-proxy|{"scriptPath":"\/website\/var\/system\/","scripts":"minified_javascript_core_788006c174c7e45..."}
2017-11-08T07:51:02+0100 : 2|admin|misc|admin-css|{"extjs6":"true?_dc=3961"}
2017-11-08T07:51:48+0100 : 2|admin|index|index|[]
2017-11-08T07:51:48+0100 : 2|admin|misc|json-translations-system|{"language":"en"}
2017-11-08T07:51:48+0100 : 2|admin|misc|available-languages|[]
2017-11-08T07:51:48+0100 : 2|admin|misc|json-translations-admin|{"language":"en"}
2017-11-08T07:51:48+0100 : 2|admin|user|get-current-user|[]
2017-11-08T07:51:48+0100 : 2|admin|misc|script-proxy|{"scriptPath":"\/website\/var\/system\/","scripts":"minified_javascript_core_788006c174c7e45..."}
2017-11-08T07:51:48+0100 : 2|admin|misc|admin-css|{"extjs6":"true?_dc=3961"}
2017-11-08T07:51:48+0100 : 2|admin|user|get-image|[]
2017-11-08T07:51:57+0100 : 2|admin|settings|get-available-admin-languages|{"page":"1","start":"0","limit":"25"}
2017-11-08T07:51:57+0100 : 2|admin|settings|get-available-sites|{"page":"1","start":"0","limit":"25"}
2017-11-08T07:51:57+0100 : 2|admin|class|get-tree|{"createAllowed":"true","page":"1","start":"0","limit":"25"}
2017-11-08T07:51:57+0100 : 2|admin|class|get-tree|{"page":"1","start":"0","limit":"25"}
2017-11-08T07:51:57+0100 : 2|reports|targeting|persona-list|{"page":"1","start":"0","limit":"25"}
2017-11-08T07:51:57+0100 : 2|admin|portal|dashboard-list|[]
2017-11-08T07:51:57+0100 : 2|admin|asset|tree-get-root|{"id":"1","view":""}
2017-11-08T07:51:57+0100 : 2|admin|object|tree-get-root|{"id":"","view":""}
2017-11-08T07:51:57+0100 : 2|admin|document|tree-get-root|{"id":"1","view":""}
2017-11-08T07:51:57+0100 : 2|admin|document|tree-get-childs-by-id|{"limit":"100","view":"","node":"1"}
2017-11-08T07:51:57+0100 : 2|admin|document|tree-get-childs-by-id|{"limit":"100","view":"","node":"1"}
2017-11-08T07:51:57+0100 : 2|admin|asset|tree-get-childs-by-id|{"limit":"30","view":"","node":"1"}
2017-11-08T07:51:57+0100 : 2|admin|asset|tree-get-childs-by-id|{"limit":"30","view":"","node":"1"}
2017-11-08T07:51:57+0100 : 2|admin|object|tree-get-childs-by-id|{"limit":"30","view":"","node":"1"}
2017-11-08T07:51:58+0100 : 2|admin|object|tree-get-childs-by-id|{"limit":"30","view":"","node":"1"}
2017-11-08T07:51:58+0100 : 2|admin|document|doc-types|{"xaction":"read","page":"1","start":"0","limit":"25"}
2017-11-08T07:51:58+0100 : 2|reports|custom-report|get-report-config|[]
2017-11-08T07:52:14+0100 : 2|admin|page|get-data-by-id|{"id":"65"}
2017-11-08T07:52:14+0100 : 2|admin|tags|load-tags-for-element|{"assignmentCId":"65","assignmentCType":"document","page":"1","start":"0","limit":"25"}
2017-11-08T07:52:14+0100 : 2|admin|tags|tree-get-children-by-id|{"showSelection":"true","assignmentCId":"65","assignmentCType":"document","node":"root"}
2017-11-08T07:52:14+0100 : 2|admin|tags|tree-get-children-by-id|{"showSelection":"true","assignmentCId":"65","assignmentCType":"document","node":"0"}
2017-11-08T07:52:15+0100 : 2|admin|element|note-list|{"xaction":"read","cid":"65","ctype":"document","page":"1","start":"0","limit":"50"}
2017-11-08T07:52:16+0100 : 2|admin|misc|script-proxy|{"scriptPath":"\/website\/var\/system\/","scripts":"minified_javascript_core_4644dc8a29b6fea..."}
2017-11-08T07:52:16+0100 : 2|admin|misc|json-translations-system|{"language":"en"}
2017-11-08T07:52:16+0100 : 2|admin|misc|json-translations-admin|{"language":"en"}
2017-11-08T07:52:25+0100 : 2|admin|translation|add-admin-translation-keys|{"keys":"[\"article\",\"backendproduct\",\"category\",\"..."}
2017-11-08T08:02:00+0100 : 2|admin|index|index|[]
2017-11-08T08:02:01+0100 : 2|admin|user|get-image|[]
2017-11-08T08:02:01+0100 : 2|admin|misc|json-translations-system|{"language":"en"}
2017-11-08T08:02:01+0100 : 2|admin|misc|json-translations-admin|{"language":"en"}
2017-11-08T08:02:01+0100 : 2|admin|misc|available-languages|[]
2017-11-08T08:02:01+0100 : 2|admin|user|get-current-user|[]
2017-11-08T08:02:01+0100 : 2|admin|misc|admin-css|{"extjs6":"true?_dc=3961"}
2017-11-08T08:02:03+0100 : 2|admin|class|get-tree|{"page":"1","start":"0","limit":"25"}
2017-11-08T08:02:03+0100 : 2|admin|class|get-tree|{"createAllowed":"true","page":"1","start":"0","limit":"25"}
2017-11-08T08:02:03+0100 : 2|admin|settings|get-available-admin-languages|{"page":"1","start":"0","limit":"25"}
2017-11-08T08:02:03+0100 : 2|admin|settings|get-available-sites|{"page":"1","start":"0","limit":"25"}
2017-11-08T08:02:03+0100 : 2|reports|targeting|persona-list|{"page":"1","start":"0","limit":"25"}
2017-11-08T08:02:04+0100 : 2|admin|document|tree-get-root|{"id":"1","view":""}
2017-11-08T08:02:04+0100 : 2|admin|asset|tree-get-root|{"id":"1","view":""}
2017-11-08T08:02:04+0100 : 2|admin|object|tree-get-root|{"id":"","view":""}
2017-11-08T08:02:04+0100 : 2|admin|portal|dashboard-list|[]
2017-11-08T08:02:04+0100 : 2|admin|document|tree-get-childs-by-id|{"limit":"100","view":"","node":"1"}
2017-11-08T08:02:04+0100 : 2|admin|document|tree-get-childs-by-id|{"limit":"100","view":"","node":"1"}
2017-11-08T08:02:04+0100 : 2|admin|asset|tree-get-childs-by-id|{"limit":"30","view":"","node":"1"}
2017-11-08T08:02:04+0100 : 2|admin|asset|tree-get-childs-by-id|{"limit":"30","view":"","node":"1"}
2017-11-08T08:02:04+0100 : 2|admin|object|tree-get-childs-by-id|{"limit":"30","view":"","node":"1"}
2017-11-08T08:02:04+0100 : 2|admin|object|tree-get-childs-by-id|{"limit":"30","view":"","node":"1"}
2017-11-08T08:02:04+0100 : 2|reports|custom-report|get-report-config|[]
2017-11-08T08:02:05+0100 : 2|admin|document|doc-types|{"xaction":"read","page":"1","start":"0","limit":"25"}
2017-11-08T08:02:06+0100 : 2|admin|page|get-data-by-id|{"id":"65"}
2017-11-08T08:02:07+0100 : 2|admin|tags|load-tags-for-element|{"assignmentCId":"65","assignmentCType":"document","page":"1","start":"0","limit":"25"}
2017-11-08T08:02:07+0100 : 2|admin|tags|tree-get-children-by-id|{"showSelection":"true","assignmentCId":"65","assignmentCType":"document","node":"root"}
2017-11-08T08:02:07+0100 : 2|admin|tags|tree-get-children-by-id|{"showSelection":"true","assignmentCId":"65","assignmentCType":"document","node":"0"}
2017-11-08T08:02:07+0100 : 2|admin|misc|json-translations-admin|{"language":"en"}
2017-11-08T08:02:07+0100 : 2|admin|misc|json-translations-system|{"language":"en"}
2017-11-08T08:02:07+0100 : 2|admin|element|note-list|{"xaction":"read","cid":"65","ctype":"document","page":"1","start":"0","limit":"50"}
2017-11-08T08:02:32+0100 : 2|admin|translation|add-admin-translation-keys|{"keys":"[\"article\",\"backendproduct\",\"category\",\"..."}
2017-11-09T10:06:03+0100 : 0|admin|login|index|[]
2017-11-09T10:06:09+0100 : 0|admin|login|login|{"username":"admin"}
2017-11-09T10:06:09+0100 : 2|admin|index|index|[]
2017-11-09T10:06:10+0100 : 2|admin|misc|json-translations-system|{"language":"en"}
2017-11-09T10:06:10+0100 : 2|admin|user|get-current-user|[]
2017-11-09T10:06:10+0100 : 2|admin|misc|json-translations-admin|{"language":"en"}
2017-11-09T10:06:10+0100 : 2|admin|user|get-image|[]
2017-11-09T10:06:10+0100 : 2|admin|misc|available-languages|[]
2017-11-09T10:06:10+0100 : 2|admin|misc|script-proxy|{"scriptPath":"\/website\/var\/system\/","scripts":"minified_javascript_core_788006c174c7e45..."}
2017-11-09T10:06:10+0100 : 2|admin|misc|admin-css|{"extjs6":"true?_dc=3961"}
2017-11-09T10:06:11+0100 : 2|admin|class|get-tree|{"page":"1","start":"0","limit":"25"}
2017-11-09T10:06:11+0100 : 2|admin|class|get-tree|{"createAllowed":"true","page":"1","start":"0","limit":"25"}
2017-11-09T10:06:11+0100 : 2|admin|settings|get-available-admin-languages|{"page":"1","start":"0","limit":"25"}
2017-11-09T10:06:11+0100 : 2|reports|targeting|persona-list|{"page":"1","start":"0","limit":"25"}
2017-11-09T10:06:11+0100 : 2|admin|settings|get-available-sites|{"page":"1","start":"0","limit":"25"}
2017-11-09T10:06:11+0100 : 2|admin|document|tree-get-root|{"id":"1","view":""}
2017-11-09T10:06:11+0100 : 2|admin|asset|tree-get-root|{"id":"1","view":""}
2017-11-09T10:06:11+0100 : 2|admin|object|tree-get-root|{"id":"","view":""}
2017-11-09T10:06:11+0100 : 2|admin|portal|dashboard-list|[]
2017-11-09T10:06:11+0100 : 2|admin|document|doc-types|{"xaction":"read","page":"1","start":"0","limit":"25"}
2017-11-09T10:06:11+0100 : 2|admin|document|tree-get-childs-by-id|{"limit":"100","view":"","node":"1"}
2017-11-09T10:06:11+0100 : 2|admin|document|tree-get-childs-by-id|{"limit":"100","view":"","node":"1"}
2017-11-09T10:06:11+0100 : 2|admin|asset|tree-get-childs-by-id|{"limit":"30","view":"","node":"1"}
2017-11-09T10:06:11+0100 : 2|admin|asset|tree-get-childs-by-id|{"limit":"30","view":"","node":"1"}
2017-11-09T10:06:12+0100 : 2|admin|object|tree-get-childs-by-id|{"limit":"30","view":"","node":"1"}
2017-11-09T10:06:12+0100 : 2|admin|object|tree-get-childs-by-id|{"limit":"30","view":"","node":"1"}
2017-11-09T10:06:12+0100 : 2|reports|custom-report|get-report-config|[]
2017-11-09T10:06:16+0100 : 2|admin|document|tree-get-childs-by-id|{"limit":"100","view":"","fromPaging":"0","start":"0","node":"2"}
2017-11-09T10:06:16+0100 : 2|admin|snippet|get-data-by-id|{"id":"3"}
2017-11-09T10:06:17+0100 : 2|admin|tags|load-tags-for-element|{"assignmentCId":"3","assignmentCType":"document","page":"1","start":"0","limit":"25"}
2017-11-09T10:06:17+0100 : 2|admin|tags|tree-get-children-by-id|{"showSelection":"true","assignmentCId":"3","assignmentCType":"document","node":"root"}
2017-11-09T10:06:17+0100 : 2|admin|tags|tree-get-children-by-id|{"showSelection":"true","assignmentCId":"3","assignmentCType":"document","node":"0"}
2017-11-09T10:06:17+0100 : 2|admin|element|note-list|{"xaction":"read","cid":"3","ctype":"document","page":"1","start":"0","limit":"50"}
2017-11-09T10:06:17+0100 : 2|admin|misc|json-translations-admin|{"language":"en"}
2017-11-09T10:06:17+0100 : 2|admin|misc|json-translations-system|{"language":"en"}
2017-11-09T10:06:17+0100 : 2|admin|misc|script-proxy|{"scriptPath":"\/website\/var\/system\/","scripts":"minified_javascript_core_4644dc8a29b6fea..."}
2017-11-09T10:06:18+0100 : 2|admin|asset|get-image-thumbnail|{"id":"55","width":"544","height":"97","path":"\/ui-images\/logo.png","alt":"JJ-Keller","cropPercent":"","cropWidth":"","cropHeight":"","cropTop":"","cropLeft":""}
2017-11-09T10:06:41+0100 : 2|admin|translation|add-admin-translation-keys|{"keys":"[\"article\",\"backendproduct\",\"category\",\"..."}
2017-11-09T10:06:44+0100 : 2|admin|snippet|get-data-by-id|{"id":"4"}
2017-11-09T10:06:44+0100 : 2|admin|tags|load-tags-for-element|{"assignmentCId":"4","assignmentCType":"document","page":"1","start":"0","limit":"25"}
2017-11-09T10:06:44+0100 : 2|admin|tags|tree-get-children-by-id|{"showSelection":"true","assignmentCId":"4","assignmentCType":"document","node":"root"}
2017-11-09T10:06:44+0100 : 2|admin|tags|tree-get-children-by-id|{"showSelection":"true","assignmentCId":"4","assignmentCType":"document","node":"0"}
2017-11-09T10:06:45+0100 : 2|admin|misc|json-translations-admin|{"language":"en"}
2017-11-09T10:06:45+0100 : 2|admin|misc|json-translations-system|{"language":"en"}
2017-11-09T10:06:45+0100 : 2|admin|element|note-list|{"xaction":"read","cid":"4","ctype":"document","page":"1","start":"0","limit":"50"}
2017-11-09T10:06:46+0100 : 2|admin|asset|get-image-thumbnail|{"id":"66","width":"210","height":"100","path":"\/ui-images\/jjkeller-footer-logo.png","alt":"","cropPercent":"","cropWidth":"","cropHeight":"","cropTop":"","cropLeft":""}
2017-11-09T10:07:02+0100 : 2|admin|snippet|save-to-session|{"id":"4","data":"{\"footerMenulink\":{\"data\":[\"1\",\"2\",\"3\",\"..."}
2017-11-09T10:07:02+0100 : 2|admin|misc|json-translations-admin|{"language":"en"}
2017-11-09T10:07:02+0100 : 2|admin|misc|json-translations-system|{"language":"en"}
2017-11-09T10:07:19+0100 : 2|admin|snippet|save-to-session|{"id":"4","data":"{\"footerMenulink\":{\"data\":[\"1\",\"2\",\"3\",\"..."}
2017-11-09T10:07:19+0100 : 2|admin|misc|json-translations-system|{"language":"en"}
2017-11-09T10:07:19+0100 : 2|admin|misc|json-translations-admin|{"language":"en"}
2017-11-09T10:07:36+0100 : 2|admin|page|get-data-by-id|{"id":"51"}
2017-11-09T10:07:37+0100 : 2|admin|tags|load-tags-for-element|{"assignmentCId":"51","assignmentCType":"document","page":"1","start":"0","limit":"25"}
2017-11-09T10:07:37+0100 : 2|admin|tags|tree-get-children-by-id|{"showSelection":"true","assignmentCId":"51","assignmentCType":"document","node":"root"}
2017-11-09T10:07:37+0100 : 2|admin|tags|tree-get-children-by-id|{"showSelection":"true","assignmentCId":"51","assignmentCType":"document","node":"0"}
2017-11-09T10:07:37+0100 : 2|admin|element|note-list|{"xaction":"read","cid":"51","ctype":"document","page":"1","start":"0","limit":"50"}
2017-11-09T10:07:46+0100 : 2|admin|element|unlock-element|{"id":"51","type":"document"}
2017-11-09T10:07:46+0100 : 2|admin|page|remove-from-session|{"id":"51"}
2017-11-09T10:07:49+0100 : 2|admin|page|get-data-by-id|{"id":"29"}
2017-11-09T10:07:49+0100 : 2|admin|tags|load-tags-for-element|{"assignmentCId":"29","assignmentCType":"document","page":"1","start":"0","limit":"25"}
2017-11-09T10:07:49+0100 : 2|admin|tags|tree-get-children-by-id|{"showSelection":"true","assignmentCId":"29","assignmentCType":"document","node":"root"}
2017-11-09T10:07:49+0100 : 2|admin|tags|tree-get-children-by-id|{"showSelection":"true","assignmentCId":"29","assignmentCType":"document","node":"0"}
2017-11-09T10:07:50+0100 : 2|admin|element|note-list|{"xaction":"read","cid":"29","ctype":"document","page":"1","start":"0","limit":"50"}
2017-11-09T10:07:50+0100 : 2|admin|misc|json-translations-system|{"language":"en"}
2017-11-09T10:07:50+0100 : 2|admin|misc|json-translations-admin|{"language":"en"}
2017-11-09T10:08:54+0100 : 2|admin|page|get-data-by-id|{"id":"22"}
2017-11-09T10:08:54+0100 : 2|admin|tags|load-tags-for-element|{"assignmentCId":"22","assignmentCType":"document","page":"1","start":"0","limit":"25"}
2017-11-09T10:08:54+0100 : 2|admin|tags|tree-get-children-by-id|{"showSelection":"true","assignmentCId":"22","assignmentCType":"document","node":"root"}
2017-11-09T10:08:54+0100 : 2|admin|tags|tree-get-children-by-id|{"showSelection":"true","assignmentCId":"22","assignmentCType":"document","node":"0"}
2017-11-09T10:08:55+0100 : 2|admin|element|note-list|{"xaction":"read","cid":"22","ctype":"document","page":"1","start":"0","limit":"50"}
2017-11-09T10:08:55+0100 : 2|admin|misc|json-translations-admin|{"language":"en"}
2017-11-09T10:08:55+0100 : 2|admin|misc|json-translations-system|{"language":"en"}
2017-11-09T10:16:53+0100 : 2|admin|document|tree-get-childs-by-id|{"limit":"100","view":"","fromPaging":"0","start":"0","node":"18"}
2017-11-09T10:17:11+0100 : 2|admin|translation|add-admin-translation-keys|{"keys":"[\"left sidebar template\",\"right sidebar ..."}
2017-11-09T10:17:35+0100 : 2|admin|snippet|get-data-by-id|{"id":"19"}
2017-11-09T10:17:35+0100 : 2|admin|tags|load-tags-for-element|{"assignmentCId":"19","assignmentCType":"document","page":"1","start":"0","limit":"25"}
2017-11-09T10:17:35+0100 : 2|admin|tags|tree-get-children-by-id|{"showSelection":"true","assignmentCId":"19","assignmentCType":"document","node":"root"}
2017-11-09T10:17:35+0100 : 2|admin|tags|tree-get-children-by-id|{"showSelection":"true","assignmentCId":"19","assignmentCType":"document","node":"0"}
2017-11-09T10:17:36+0100 : 2|admin|misc|json-translations-system|{"language":"en"}
2017-11-09T10:17:36+0100 : 2|admin|misc|json-translations-admin|{"language":"en"}
2017-11-09T10:17:36+0100 : 2|admin|element|note-list|{"xaction":"read","cid":"19","ctype":"document","page":"1","start":"0","limit":"50"}
2017-11-09T10:17:37+0100 : 2|admin|asset|get-image-thumbnail|{"id":"27","width":"738","aspectratio":"true","path":"\/market-image\/transportation.jpg","alt":"","cropPercent":"","cropWidth":"","cropHeight":"","cropTop":"","cropLeft":""}
2017-11-09T10:21:00+0100 : 2|admin|snippet|get-data-by-id|{"id":"46"}
2017-11-09T10:21:01+0100 : 2|admin|tags|load-tags-for-element|{"assignmentCId":"46","assignmentCType":"document","page":"1","start":"0","limit":"25"}
2017-11-09T10:21:01+0100 : 2|admin|tags|tree-get-children-by-id|{"showSelection":"true","assignmentCId":"46","assignmentCType":"document","node":"root"}
2017-11-09T10:21:01+0100 : 2|admin|tags|tree-get-children-by-id|{"showSelection":"true","assignmentCId":"46","assignmentCType":"document","node":"0"}
2017-11-09T10:21:01+0100 : 2|admin|misc|json-translations-system|{"language":"en"}
2017-11-09T10:21:01+0100 : 2|admin|misc|json-translations-admin|{"language":"en"}
2017-11-09T10:21:01+0100 : 2|admin|element|note-list|{"xaction":"read","cid":"46","ctype":"document","page":"1","start":"0","limit":"50"}
2017-11-09T10:21:06+0100 : 2|admin|snippet|get-data-by-id|{"id":"27"}
2017-11-09T10:21:06+0100 : 2|admin|tags|load-tags-for-element|{"assignmentCId":"27","assignmentCType":"document","page":"1","start":"0","limit":"25"}
2017-11-09T10:21:06+0100 : 2|admin|tags|tree-get-children-by-id|{"showSelection":"true","assignmentCId":"27","assignmentCType":"document","node":"root"}
2017-11-09T10:21:06+0100 : 2|admin|tags|tree-get-children-by-id|{"showSelection":"true","assignmentCId":"27","assignmentCType":"document","node":"0"}
2017-11-09T10:21:06+0100 : 2|admin|misc|json-translations-system|{"language":"en"}
2017-11-09T10:21:06+0100 : 2|admin|misc|json-translations-admin|{"language":"en"}
2017-11-09T10:21:06+0100 : 2|admin|element|note-list|{"xaction":"read","cid":"27","ctype":"document","page":"1","start":"0","limit":"50"}
2017-11-09T10:21:07+0100 : 2|admin|asset|get-image-thumbnail|{"id":"285","width":"738","aspectratio":"true","path":"\/market-image\/safety-bg.jpg","alt":"","cropPercent":"","cropWidth":"","cropHeight":"","cropTop":"","cropLeft":""}
2017-11-09T10:21:12+0100 : 2|admin|misc|get-available-modules|{"page":"1","start":"0","limit":"25"}
2017-11-09T10:21:12+0100 : 2|admin|misc|get-available-templates|{"page":"1","start":"0","limit":"25"}
2017-11-09T10:29:11+0100 : 2|admin|misc|ping|[]
2017-11-09T10:52:11+0100 : 2|admin|misc|ping|[]
2017-11-09T11:15:11+0100 : 2|admin|misc|ping|[]
2017-11-09T11:38:11+0100 : 2|admin|misc|ping|[]
2017-11-09T12:01:11+0100 : 2|admin|misc|ping|[]
2017-11-09T12:24:11+0100 : 2|admin|misc|ping|[]
2017-11-09T12:47:11+0100 : 2|admin|misc|ping|[]
2017-11-09T13:10:11+0100 : 2|admin|misc|ping|[]
2017-11-09T13:33:11+0100 : 2|admin|misc|ping|[]
2017-11-09T13:56:11+0100 : 2|admin|misc|ping|[]
2017-11-09T14:19:11+0100 : 2|admin|misc|ping|[]
2017-11-09T14:42:11+0100 : 2|admin|misc|ping|[]
2017-11-09T15:05:11+0100 : 2|admin|misc|ping|[]
2017-11-09T15:28:11+0100 : 2|admin|misc|ping|[]
2017-11-09T15:51:11+0100 : 2|admin|misc|ping|[]
2017-11-14T11:04:08+0100 : 0|admin|login|index|[]
2017-11-14T11:04:17+0100 : 0|admin|login|login|{"username":"admin"}
2017-11-14T11:04:17+0100 : 2|admin|index|index|[]
2017-11-14T11:04:18+0100 : 2|admin|misc|available-languages|[]
2017-11-14T11:04:18+0100 : 2|admin|misc|json-translations-system|{"language":"en"}
2017-11-14T11:04:18+0100 : 2|admin|misc|json-translations-admin|{"language":"en"}
2017-11-14T11:04:18+0100 : 2|admin|user|get-current-user|[]
2017-11-14T11:04:18+0100 : 2|admin|user|get-image|[]
2017-11-14T11:04:18+0100 : 2|admin|misc|admin-css|{"extjs6":"true?_dc=3961"}
2017-11-14T11:04:18+0100 : 2|admin|misc|script-proxy|{"scriptPath":"\/website\/var\/system\/","scripts":"minified_javascript_core_788006c174c7e45..."}
2017-11-14T11:04:19+0100 : 2|admin|class|get-tree|{"createAllowed":"true","page":"1","start":"0","limit":"25"}
2017-11-14T11:04:19+0100 : 2|admin|settings|get-available-admin-languages|{"page":"1","start":"0","limit":"25"}
2017-11-14T11:04:19+0100 : 2|admin|settings|get-available-sites|{"page":"1","start":"0","limit":"25"}
2017-11-14T11:04:19+0100 : 2|admin|class|get-tree|{"page":"1","start":"0","limit":"25"}
2017-11-14T11:04:19+0100 : 2|reports|targeting|persona-list|{"page":"1","start":"0","limit":"25"}
2017-11-14T11:04:20+0100 : 2|admin|document|tree-get-root|{"id":"1","view":""}
2017-11-14T11:04:20+0100 : 2|admin|object|tree-get-root|{"id":"","view":""}
2017-11-14T11:04:20+0100 : 2|admin|asset|tree-get-root|{"id":"1","view":""}
2017-11-14T11:04:20+0100 : 2|admin|portal|dashboard-list|[]
2017-11-14T11:04:20+0100 : 2|admin|document|doc-types|{"xaction":"read","page":"1","start":"0","limit":"25"}
2017-11-14T11:04:21+0100 : 2|admin|document|tree-get-childs-by-id|{"limit":"100","view":"","node":"1"}
2017-11-14T11:04:21+0100 : 2|admin|document|tree-get-childs-by-id|{"limit":"100","view":"","node":"1"}
2017-11-14T11:04:21+0100 : 2|admin|asset|tree-get-childs-by-id|{"limit":"30","view":"","node":"1"}
2017-11-14T11:04:21+0100 : 2|admin|asset|tree-get-childs-by-id|{"limit":"30","view":"","node":"1"}
2017-11-14T11:04:21+0100 : 2|admin|object|tree-get-childs-by-id|{"limit":"30","view":"","node":"1"}
2017-11-14T11:04:21+0100 : 2|admin|object|tree-get-childs-by-id|{"limit":"30","view":"","node":"1"}
2017-11-14T11:04:21+0100 : 2|reports|custom-report|get-report-config|[]
2017-11-14T11:04:26+0100 : 2|admin|object|tree-get-childs-by-id|{"limit":"30","view":"","fromPaging":"0","start":"0","node":"4533"}
2017-11-14T11:04:27+0100 : 2|admin|object|get|{"id":"4534"}
2017-11-14T11:04:29+0100 : 2|admin|tags|tree-get-children-by-id|{"showSelection":"true","assignmentCId":"4534","assignmentCType":"object","node":"root"}
2017-11-14T11:04:29+0100 : 2|admin|tags|load-tags-for-element|{"assignmentCId":"4534","assignmentCType":"object","page":"1","start":"0","limit":"25"}
2017-11-14T11:04:29+0100 : 2|admin|tags|tree-get-children-by-id|{"showSelection":"true","assignmentCId":"4534","assignmentCType":"object","node":"0"}
2017-11-14T11:04:29+0100 : 2|admin|element|note-list|{"xaction":"read","cid":"4534","ctype":"object","page":"1","start":"0","limit":"50"}
2017-11-14T11:04:37+0100 : 2|admin|misc|get-valid-filename|{"value":"dummy"}
2017-11-14T11:04:37+0100 : 2|admin|object|add|{"elementType":"object","parentId":"4534","className":"Product","classId":"1","key":"dummy"}
2017-11-14T11:04:38+0100 : 2|admin|object|tree-get-childs-by-id|{"limit":"30","view":"","fromPaging":"0","start":"0","node":"4534"}
2017-11-14T11:04:38+0100 : 2|admin|object|get|{"id":"4610"}
2017-11-14T11:04:38+0100 : 2|admin|tags|load-tags-for-element|{"assignmentCId":"4610","assignmentCType":"object","page":"1","start":"0","limit":"25"}
2017-11-14T11:04:38+0100 : 2|admin|tags|tree-get-children-by-id|{"showSelection":"true","assignmentCId":"4610","assignmentCType":"object","node":"root"}
2017-11-14T11:04:38+0100 : 2|admin|tags|tree-get-children-by-id|{"showSelection":"true","assignmentCId":"4610","assignmentCType":"object","node":"0"}
2017-11-14T11:04:38+0100 : 2|admin|element|note-list|{"xaction":"read","cid":"4610","ctype":"object","page":"1","start":"0","limit":"50"}
2017-11-14T11:04:49+0100 : 2|admin|translation|add-admin-translation-keys|{"keys":"[\"article\",\"backendproduct\",\"category\",\"..."}
